#! /opt/oss-cad-suite/bin/vvp
:ivl_version "13.0 (devel)" "(s20250103-66-gd67d3323a)";
:ivl_delay_selection "TYPICAL";
:vpi_time_precision + 0;
:vpi_module "/opt/oss-cad-suite/lib/ivl/system.vpi";
:vpi_module "/opt/oss-cad-suite/lib/ivl/vhdl_sys.vpi";
:vpi_module "/opt/oss-cad-suite/lib/ivl/vhdl_textio.vpi";
:vpi_module "/opt/oss-cad-suite/lib/ivl/v2005_math.vpi";
:vpi_module "/opt/oss-cad-suite/lib/ivl/va_math.vpi";
S_0x55555b126e40 .scope module, "rom" "rom" 2 27;
 .timescale 0 0;
    .port_info 0 /INPUT 1 "clk_i";
    .port_info 1 /INPUT 8 "insn_addr_i";
    .port_info 2 /INPUT 8 "mem_addr_i";
    .port_info 3 /INPUT 1 "mem_en_i";
    .port_info 4 /OUTPUT 32 "insn_rdata_o";
    .port_info 5 /OUTPUT 32 "mem_rdata_o";
P_0x55555b126fd0 .param/l "MEM_DEPTH" 0 2 28, +C4<00000000000000000000000100000000>;
v0x55555b128c60 .array "MEM", 0 255, 31 0;
o0x7f2b0af80018 .functor BUFZ 1, c4<z>; HiZ drive
v0x55555b14e050_0 .net "clk_i", 0 0, o0x7f2b0af80018;  0 drivers
o0x7f2b0af80048 .functor BUFZ 8, c4<zzzzzzzz>; HiZ drive
v0x55555b1719e0_0 .net "insn_addr_i", 9 2, o0x7f2b0af80048;  0 drivers
v0x55555b171ad0_0 .var "insn_rdata_o", 31 0;
o0x7f2b0af800a8 .functor BUFZ 8, c4<zzzzzzzz>; HiZ drive
v0x55555b171bb0_0 .net "mem_addr_i", 9 2, o0x7f2b0af800a8;  0 drivers
o0x7f2b0af800d8 .functor BUFZ 1, c4<z>; HiZ drive
v0x55555b171ce0_0 .net "mem_en_i", 0 0, o0x7f2b0af800d8;  0 drivers
v0x55555b171da0_0 .var "mem_rdata_o", 31 0;
E_0x55555b160e00 .event posedge, v0x55555b14e050_0;
    .scope S_0x55555b126e40;
T_0 ;
    %vpi_call 2 42 "$readmemh", "hello_world.mem", v0x55555b128c60 {0 0 0};
    %end;
    .thread T_0;
    .scope S_0x55555b126e40;
T_1 ;
    %wait E_0x55555b160e00;
    %load/vec4 v0x55555b1719e0_0;
    %pad/u 10;
    %ix/vec4 4;
    %load/vec4a v0x55555b128c60, 4;
    %assign/vec4 v0x55555b171ad0_0, 0;
    %load/vec4 v0x55555b171ce0_0;
    %flag_set/vec4 8;
    %jmp/0xz  T_1.0, 8;
    %load/vec4 v0x55555b171bb0_0;
    %pad/u 10;
    %ix/vec4 4;
    %load/vec4a v0x55555b128c60, 4;
    %assign/vec4 v0x55555b171da0_0, 0;
T_1.0 ;
    %jmp T_1;
    .thread T_1;
# The file index is used to find the file name in the following table.
:file_names 3;
    "N/A";
    "<interactive>";
    "/home/dtorres/Documents/work/riscv-formal/cores/dtcore32/rtl/rom.v";
