
*** Running vivado
    with args -log dtcore32_top.vds -m64 -product Vivado -mode batch -messageDb vivado.pb -notrace -source dtcore32_top.tcl


****** Vivado v2024.2 (64-bit)
  **** SW Build 5239630 on Fri Nov 08 22:34:34 MST 2024
  **** IP Build 5239520 on Sun Nov 10 16:12:51 MST 2024
  **** SharedData Build 5239561 on Fri Nov 08 14:39:27 MST 2024
  **** Start of session at: Mon Jan 20 15:38:45 2025
    ** Copyright 1986-2022 Xilinx, Inc. All Rights Reserved.
    ** Copyright 2022-2024 Advanced Micro Devices, Inc. All Rights Reserved.

source dtcore32_top.tcl -notrace
Command: read_checkpoint -auto_incremental -incremental /home/david/Documents/work/dtcore32/vivado/dtcore32/dtcore32.srcs/utils_1/imports/synth_1/dtcore32_top.dcp
INFO: [Vivado 12-5825] Read reference checkpoint from /home/david/Documents/work/dtcore32/vivado/dtcore32/dtcore32.srcs/utils_1/imports/synth_1/dtcore32_top.dcp for incremental synthesis
INFO: [Vivado 12-7989] Please ensure there are no constraint changes
Command: synth_design -top dtcore32_top -part xc7a100tcsg324-1
Starting synth_design
Attempting to get a license for feature 'Synthesis' and/or device 'xc7a100t'
INFO: [Common 17-349] Got license for feature 'Synthesis' and/or device 'xc7a100t'
INFO: [Device 21-403] Loading part xc7a100tcsg324-1
INFO: [Designutils 20-5440] No compile time benefit to using incremental synthesis; A full resynthesis will be run
INFO: [Designutils 20-4379] Flow is switching to default flow due to incremental criteria not met. If you would like to alter this behaviour and have the flow terminate instead, please set the following parameter config_implementation {autoIncr.Synth.RejectBehavior Terminate}
INFO: [Synth 8-7079] Multithreading enabled for synth_design using a maximum of 7 processes.
INFO: [Synth 8-7078] Launching helper process for spawning children vivado processes
INFO: [Synth 8-7075] Helper process launched with PID 325529
---------------------------------------------------------------------------------
Starting RTL Elaboration : Time (s): cpu = 00:00:02 ; elapsed = 00:00:03 . Memory (MB): peak = 2093.656 ; gain = 0.000 ; free physical = 2405 ; free virtual = 7696
---------------------------------------------------------------------------------
INFO: [Synth 8-6157] synthesizing module 'dtcore32_top' [/home/david/Documents/work/dtcore32/src/dtcore32_top.sv:1]
INFO: [Synth 8-6157] synthesizing module 'dtcore32_imem' [/home/david/Documents/work/dtcore32/src/dtcore32_imem.sv:1]
INFO: [Synth 8-3876] $readmem data file 'add_imem.mem' is read successfully [/home/david/Documents/work/dtcore32/src/dtcore32_imem.sv:13]
INFO: [Synth 8-6155] done synthesizing module 'dtcore32_imem' (0#1) [/home/david/Documents/work/dtcore32/src/dtcore32_imem.sv:1]
INFO: [Synth 8-6157] synthesizing module 'dtcore32_dmem' [/home/david/Documents/work/dtcore32/src/dtcore32_dmem.sv:1]
INFO: [Synth 8-3876] $readmem data file 'add_dmem.mem' is read successfully [/home/david/Documents/work/dtcore32/src/dtcore32_dmem.sv:34]
INFO: [Synth 8-6155] done synthesizing module 'dtcore32_dmem' (0#1) [/home/david/Documents/work/dtcore32/src/dtcore32_dmem.sv:1]
INFO: [Synth 8-6157] synthesizing module 'dtcore32' [/home/david/Documents/work/dtcore32/src/dtcore32.sv:2]
INFO: [Synth 8-6157] synthesizing module 'dtcore32_IF_stage' [/home/david/Documents/work/dtcore32/src/dtcore32_IF_stage.sv:2]
INFO: [Synth 8-294] found qualifier unique on case statement: implementing as parallel_case [/home/david/Documents/work/dtcore32/src/dtcore32_IF_stage.sv:24]
INFO: [Synth 8-226] default block is never used [/home/david/Documents/work/dtcore32/src/dtcore32_IF_stage.sv:24]
INFO: [Synth 8-6155] done synthesizing module 'dtcore32_IF_stage' (0#1) [/home/david/Documents/work/dtcore32/src/dtcore32_IF_stage.sv:2]
INFO: [Synth 8-6157] synthesizing module 'dtcore32_ID_stage' [/home/david/Documents/work/dtcore32/src/dtcore32_ID_stage.sv:2]
INFO: [Synth 8-6157] synthesizing module 'dtcore32_decode_unit' [/home/david/Documents/work/dtcore32/src/dtcore32_decode_unit.sv:2]
INFO: [Synth 8-226] default block is never used [/home/david/Documents/work/dtcore32/src/dtcore32_decode_unit.sv:259]
INFO: [Synth 8-226] default block is never used [/home/david/Documents/work/dtcore32/src/dtcore32_decode_unit.sv:353]
INFO: [Synth 8-226] default block is never used [/home/david/Documents/work/dtcore32/src/dtcore32_decode_unit.sv:382]
INFO: [Synth 8-6155] done synthesizing module 'dtcore32_decode_unit' (0#1) [/home/david/Documents/work/dtcore32/src/dtcore32_decode_unit.sv:2]
INFO: [Synth 8-6157] synthesizing module 'dtcore32_regfile' [/home/david/Documents/work/dtcore32/src/dtcore32_regfile.sv:1]
INFO: [Synth 8-6155] done synthesizing module 'dtcore32_regfile' (0#1) [/home/david/Documents/work/dtcore32/src/dtcore32_regfile.sv:1]
INFO: [Synth 8-6155] done synthesizing module 'dtcore32_ID_stage' (0#1) [/home/david/Documents/work/dtcore32/src/dtcore32_ID_stage.sv:2]
INFO: [Synth 8-6157] synthesizing module 'dtcore32_EX_stage' [/home/david/Documents/work/dtcore32/src/dtcore32_EX_stage.sv:2]
INFO: [Synth 8-226] default block is never used [/home/david/Documents/work/dtcore32/src/dtcore32_EX_stage.sv:172]
INFO: [Synth 8-226] default block is never used [/home/david/Documents/work/dtcore32/src/dtcore32_EX_stage.sv:188]
INFO: [Synth 8-6157] synthesizing module 'dtcore32_alu' [/home/david/Documents/work/dtcore32/src/dtcore32_alu.sv:2]
	Parameter WIDTH bound to: 32 - type: integer 
INFO: [Synth 8-6155] done synthesizing module 'dtcore32_alu' (0#1) [/home/david/Documents/work/dtcore32/src/dtcore32_alu.sv:2]
INFO: [Synth 8-6155] done synthesizing module 'dtcore32_EX_stage' (0#1) [/home/david/Documents/work/dtcore32/src/dtcore32_EX_stage.sv:2]
INFO: [Synth 8-6157] synthesizing module 'dtcore32_MEM_stage' [/home/david/Documents/work/dtcore32/src/dtcore32_MEM_stage.sv:2]
INFO: [Synth 8-226] default block is never used [/home/david/Documents/work/dtcore32/src/dtcore32_MEM_stage.sv:109]
INFO: [Synth 8-6155] done synthesizing module 'dtcore32_MEM_stage' (0#1) [/home/david/Documents/work/dtcore32/src/dtcore32_MEM_stage.sv:2]
INFO: [Synth 8-6157] synthesizing module 'dtcore32_WB_stage' [/home/david/Documents/work/dtcore32/src/dtcore32_WB_stage.sv:1]
INFO: [Synth 8-6155] done synthesizing module 'dtcore32_WB_stage' (0#1) [/home/david/Documents/work/dtcore32/src/dtcore32_WB_stage.sv:1]
INFO: [Synth 8-6157] synthesizing module 'dtcore32_hazard_unit' [/home/david/Documents/work/dtcore32/src/dtcore32_hazard_unit.sv:1]
INFO: [Synth 8-6155] done synthesizing module 'dtcore32_hazard_unit' (0#1) [/home/david/Documents/work/dtcore32/src/dtcore32_hazard_unit.sv:1]
INFO: [Synth 8-6155] done synthesizing module 'dtcore32' (0#1) [/home/david/Documents/work/dtcore32/src/dtcore32.sv:2]
INFO: [Synth 8-6155] done synthesizing module 'dtcore32_top' (0#1) [/home/david/Documents/work/dtcore32/src/dtcore32_top.sv:1]
WARNING: [Synth 8-7129] Port DMEM_addr_i[31] in module dtcore32_dmem is either unconnected or has no load
WARNING: [Synth 8-7129] Port DMEM_addr_i[30] in module dtcore32_dmem is either unconnected or has no load
WARNING: [Synth 8-7129] Port DMEM_addr_i[29] in module dtcore32_dmem is either unconnected or has no load
WARNING: [Synth 8-7129] Port DMEM_addr_i[28] in module dtcore32_dmem is either unconnected or has no load
WARNING: [Synth 8-7129] Port DMEM_addr_i[27] in module dtcore32_dmem is either unconnected or has no load
WARNING: [Synth 8-7129] Port DMEM_addr_i[26] in module dtcore32_dmem is either unconnected or has no load
WARNING: [Synth 8-7129] Port DMEM_addr_i[25] in module dtcore32_dmem is either unconnected or has no load
WARNING: [Synth 8-7129] Port DMEM_addr_i[24] in module dtcore32_dmem is either unconnected or has no load
WARNING: [Synth 8-7129] Port DMEM_addr_i[23] in module dtcore32_dmem is either unconnected or has no load
WARNING: [Synth 8-7129] Port DMEM_addr_i[22] in module dtcore32_dmem is either unconnected or has no load
WARNING: [Synth 8-7129] Port DMEM_addr_i[21] in module dtcore32_dmem is either unconnected or has no load
WARNING: [Synth 8-7129] Port DMEM_addr_i[20] in module dtcore32_dmem is either unconnected or has no load
WARNING: [Synth 8-7129] Port DMEM_addr_i[19] in module dtcore32_dmem is either unconnected or has no load
WARNING: [Synth 8-7129] Port DMEM_addr_i[18] in module dtcore32_dmem is either unconnected or has no load
WARNING: [Synth 8-7129] Port DMEM_addr_i[17] in module dtcore32_dmem is either unconnected or has no load
WARNING: [Synth 8-7129] Port DMEM_addr_i[16] in module dtcore32_dmem is either unconnected or has no load
WARNING: [Synth 8-7129] Port DMEM_addr_i[15] in module dtcore32_dmem is either unconnected or has no load
WARNING: [Synth 8-7129] Port DMEM_addr_i[14] in module dtcore32_dmem is either unconnected or has no load
WARNING: [Synth 8-7129] Port DMEM_addr_i[13] in module dtcore32_dmem is either unconnected or has no load
WARNING: [Synth 8-7129] Port DMEM_addr_i[12] in module dtcore32_dmem is either unconnected or has no load
WARNING: [Synth 8-7129] Port DMEM_addr_i[11] in module dtcore32_dmem is either unconnected or has no load
WARNING: [Synth 8-7129] Port DMEM_addr_i[10] in module dtcore32_dmem is either unconnected or has no load
WARNING: [Synth 8-7129] Port DMEM_addr_i[9] in module dtcore32_dmem is either unconnected or has no load
WARNING: [Synth 8-7129] Port DMEM_addr_i[8] in module dtcore32_dmem is either unconnected or has no load
WARNING: [Synth 8-7129] Port DMEM_addr_i[7] in module dtcore32_dmem is either unconnected or has no load
WARNING: [Synth 8-7129] Port DMEM_addr_i[6] in module dtcore32_dmem is either unconnected or has no load
WARNING: [Synth 8-7129] Port DMEM_addr_i[1] in module dtcore32_dmem is either unconnected or has no load
WARNING: [Synth 8-7129] Port DMEM_addr_i[0] in module dtcore32_dmem is either unconnected or has no load
WARNING: [Synth 8-7129] Port IMEM_addr_i[1] in module dtcore32_imem is either unconnected or has no load
WARNING: [Synth 8-7129] Port IMEM_addr_i[0] in module dtcore32_imem is either unconnected or has no load
---------------------------------------------------------------------------------
Finished RTL Elaboration : Time (s): cpu = 00:00:03 ; elapsed = 00:00:03 . Memory (MB): peak = 2093.656 ; gain = 0.000 ; free physical = 2321 ; free virtual = 7613
---------------------------------------------------------------------------------
---------------------------------------------------------------------------------
Start Handling Custom Attributes
---------------------------------------------------------------------------------
---------------------------------------------------------------------------------
Finished Handling Custom Attributes : Time (s): cpu = 00:00:03 ; elapsed = 00:00:04 . Memory (MB): peak = 2093.656 ; gain = 0.000 ; free physical = 2321 ; free virtual = 7613
---------------------------------------------------------------------------------
---------------------------------------------------------------------------------
Finished RTL Optimization Phase 1 : Time (s): cpu = 00:00:03 ; elapsed = 00:00:04 . Memory (MB): peak = 2093.656 ; gain = 0.000 ; free physical = 2321 ; free virtual = 7613
---------------------------------------------------------------------------------
Netlist sorting complete. Time (s): cpu = 00:00:00.01 ; elapsed = 00:00:00.02 . Memory (MB): peak = 2093.656 ; gain = 0.000 ; free physical = 2321 ; free virtual = 7613
INFO: [Project 1-570] Preparing netlist for logic optimization

Processing XDC Constraints
Initializing timing engine
Parsing XDC File [/home/david/Documents/work/dtcore32/constr/arty.xdc]
Finished Parsing XDC File [/home/david/Documents/work/dtcore32/constr/arty.xdc]
INFO: [Project 1-236] Implementation specific constraints were found while reading constraint file [/home/david/Documents/work/dtcore32/constr/arty.xdc]. These constraints will be ignored for synthesis but will be used in implementation. Impacted constraints are listed in the file [.Xil/dtcore32_top_propImpl.xdc].
Resolution: To avoid this warning, move constraints listed in [.Xil/dtcore32_top_propImpl.xdc] to another XDC file and exclude this new file from synthesis with the used_in_synthesis property (File Properties dialog in GUI) and re-run elaboration/synthesis.
Completed Processing XDC Constraints

Netlist sorting complete. Time (s): cpu = 00:00:00.01 ; elapsed = 00:00:00 . Memory (MB): peak = 2149.488 ; gain = 0.000 ; free physical = 2326 ; free virtual = 7618
INFO: [Project 1-111] Unisim Transformation Summary:
No Unisim elements were transformed.

Constraint Validation Runtime : Time (s): cpu = 00:00:00 ; elapsed = 00:00:00 . Memory (MB): peak = 2149.488 ; gain = 0.000 ; free physical = 2326 ; free virtual = 7618
INFO: [Designutils 20-5440] No compile time benefit to using incremental synthesis; A full resynthesis will be run
INFO: [Designutils 20-4379] Flow is switching to default flow due to incremental criteria not met. If you would like to alter this behaviour and have the flow terminate instead, please set the following parameter config_implementation {autoIncr.Synth.RejectBehavior Terminate}
---------------------------------------------------------------------------------
Finished Constraint Validation : Time (s): cpu = 00:00:07 ; elapsed = 00:00:07 . Memory (MB): peak = 2149.488 ; gain = 55.832 ; free physical = 2332 ; free virtual = 7624
---------------------------------------------------------------------------------
---------------------------------------------------------------------------------
Start Loading Part and Timing Information
---------------------------------------------------------------------------------
Loading part: xc7a100tcsg324-1
---------------------------------------------------------------------------------
Finished Loading Part and Timing Information : Time (s): cpu = 00:00:07 ; elapsed = 00:00:07 . Memory (MB): peak = 2157.492 ; gain = 63.836 ; free physical = 2332 ; free virtual = 7624
---------------------------------------------------------------------------------
---------------------------------------------------------------------------------
Start Applying 'set_property' XDC Constraints
---------------------------------------------------------------------------------
---------------------------------------------------------------------------------
Finished applying 'set_property' XDC Constraints : Time (s): cpu = 00:00:07 ; elapsed = 00:00:07 . Memory (MB): peak = 2157.492 ; gain = 63.836 ; free physical = 2332 ; free virtual = 7624
---------------------------------------------------------------------------------
---------------------------------------------------------------------------------
Finished RTL Optimization Phase 2 : Time (s): cpu = 00:00:08 ; elapsed = 00:00:08 . Memory (MB): peak = 2157.492 ; gain = 63.836 ; free physical = 2316 ; free virtual = 7610
---------------------------------------------------------------------------------
---------------------------------------------------------------------------------
Start RTL Component Statistics 
---------------------------------------------------------------------------------
Detailed RTL Component Info : 
+---Adders : 
	   2 Input   32 Bit       Adders := 3     
	   3 Input   32 Bit       Adders := 1     
+---XORs : 
	   2 Input     32 Bit         XORs := 1     
+---Registers : 
	               32 Bit    Registers := 46    
	                5 Bit    Registers := 5     
	                4 Bit    Registers := 1     
	                3 Bit    Registers := 2     
	                2 Bit    Registers := 5     
	                1 Bit    Registers := 10    
+---RAMs : 
	              512 Bit	(16 X 32 bit)          RAMs := 1     
+---Muxes : 
	  17 Input   32 Bit        Muxes := 1     
	   3 Input   32 Bit        Muxes := 4     
	   2 Input   32 Bit        Muxes := 10    
	   4 Input   32 Bit        Muxes := 7     
	   3 Input   16 Bit        Muxes := 1     
	   2 Input    8 Bit        Muxes := 1     
	   4 Input    8 Bit        Muxes := 1     
	   2 Input    5 Bit        Muxes := 3     
	   2 Input    4 Bit        Muxes := 1     
	   9 Input    4 Bit        Muxes := 1     
	   6 Input    3 Bit        Muxes := 1     
	   2 Input    3 Bit        Muxes := 1     
	   2 Input    2 Bit        Muxes := 3     
	   4 Input    2 Bit        Muxes := 1     
	   3 Input    1 Bit        Muxes := 1     
	   9 Input    1 Bit        Muxes := 1     
	   6 Input    1 Bit        Muxes := 3     
	   2 Input    1 Bit        Muxes := 34    
	   4 Input    1 Bit        Muxes := 2     
---------------------------------------------------------------------------------
Finished RTL Component Statistics 
---------------------------------------------------------------------------------
---------------------------------------------------------------------------------
Start Part Resource Summary
---------------------------------------------------------------------------------
Part Resources:
DSPs: 240 (col length:80)
BRAMs: 270 (col length: RAMB18 80 RAMB36 40)
---------------------------------------------------------------------------------
Finished Part Resource Summary
---------------------------------------------------------------------------------
---------------------------------------------------------------------------------
Start Cross Boundary and Area Optimization
---------------------------------------------------------------------------------
WARNING: [Synth 8-7080] Parallel synthesis criteria is not met
---------------------------------------------------------------------------------
Finished Cross Boundary and Area Optimization : Time (s): cpu = 00:00:14 ; elapsed = 00:00:14 . Memory (MB): peak = 2157.492 ; gain = 63.836 ; free physical = 2217 ; free virtual = 7517
---------------------------------------------------------------------------------
---------------------------------------------------------------------------------
Start ROM, RAM, DSP, Shift Register and Retiming Reporting
---------------------------------------------------------------------------------

Block RAM: Preliminary Mapping Report (see note below)
+-------------+-----------------------------+------------------------+---+---+------------------------+---+---+------------------+--------+--------+
|Module Name  | RTL Object                  | PORT A (Depth x Width) | W | R | PORT B (Depth x Width) | W | R | Ports driving FF | RAMB18 | RAMB36 | 
+-------------+-----------------------------+------------------------+---+---+------------------------+---+---+------------------+--------+--------+
|dtcore32_top | dtcore32_dmem_inst/DMEM_reg | 16 x 32(READ_FIRST)    | W | R |                        |   |   | Port A           | 1      | 0      | 
+-------------+-----------------------------+------------------------+---+---+------------------------+---+---+------------------+--------+--------+

Note: The table above is a preliminary report that shows the Block RAMs at the current stage of the synthesis flow. Some Block RAMs may be reimplemented as non Block RAM primitives later in the synthesis flow. Multiple instantiated Block RAMs are reported only once. 
---------------------------------------------------------------------------------
Finished ROM, RAM, DSP, Shift Register and Retiming Reporting
---------------------------------------------------------------------------------
---------------------------------------------------------------------------------
Start Applying XDC Timing Constraints
---------------------------------------------------------------------------------
---------------------------------------------------------------------------------
Finished Applying XDC Timing Constraints : Time (s): cpu = 00:00:17 ; elapsed = 00:00:18 . Memory (MB): peak = 2178.492 ; gain = 84.836 ; free physical = 2225 ; free virtual = 7524
---------------------------------------------------------------------------------
---------------------------------------------------------------------------------
Start Timing Optimization
---------------------------------------------------------------------------------
---------------------------------------------------------------------------------
Finished Timing Optimization : Time (s): cpu = 00:00:20 ; elapsed = 00:00:21 . Memory (MB): peak = 2317.859 ; gain = 224.203 ; free physical = 2102 ; free virtual = 7402
---------------------------------------------------------------------------------
---------------------------------------------------------------------------------
Start ROM, RAM, DSP, Shift Register and Retiming Reporting
---------------------------------------------------------------------------------

Block RAM: Final Mapping Report
+-------------+-----------------------------+------------------------+---+---+------------------------+---+---+------------------+--------+--------+
|Module Name  | RTL Object                  | PORT A (Depth x Width) | W | R | PORT B (Depth x Width) | W | R | Ports driving FF | RAMB18 | RAMB36 | 
+-------------+-----------------------------+------------------------+---+---+------------------------+---+---+------------------+--------+--------+
|dtcore32_top | dtcore32_dmem_inst/DMEM_reg | 16 x 32(READ_FIRST)    | W | R |                        |   |   | Port A           | 1      | 0      | 
+-------------+-----------------------------+------------------------+---+---+------------------------+---+---+------------------+--------+--------+

---------------------------------------------------------------------------------
Finished ROM, RAM, DSP, Shift Register and Retiming Reporting
---------------------------------------------------------------------------------
---------------------------------------------------------------------------------
Start Technology Mapping
---------------------------------------------------------------------------------
INFO: [Synth 8-7052] The timing for the instance dtcore32_dmem_inst/DMEM_reg (implemented as a Block RAM) might be sub-optimal as no optional output register could be merged into the ram block. Providing additional output register may help in improving timing.
INFO: [Synth 8-7052] The timing for the instance dtcore32_dmem_inst/DMEM_reg (implemented as a Block RAM) might be sub-optimal as no optional output register could be merged into the ram block. Providing additional output register may help in improving timing.
---------------------------------------------------------------------------------
Finished Technology Mapping : Time (s): cpu = 00:00:21 ; elapsed = 00:00:21 . Memory (MB): peak = 2317.859 ; gain = 224.203 ; free physical = 2110 ; free virtual = 7409
---------------------------------------------------------------------------------
---------------------------------------------------------------------------------
Start IO Insertion
---------------------------------------------------------------------------------
---------------------------------------------------------------------------------
Start Flattening Before IO Insertion
---------------------------------------------------------------------------------
---------------------------------------------------------------------------------
Finished Flattening Before IO Insertion
---------------------------------------------------------------------------------
---------------------------------------------------------------------------------
Start Final Netlist Cleanup
---------------------------------------------------------------------------------
---------------------------------------------------------------------------------
Finished Final Netlist Cleanup
---------------------------------------------------------------------------------
---------------------------------------------------------------------------------
Finished IO Insertion : Time (s): cpu = 00:00:23 ; elapsed = 00:00:23 . Memory (MB): peak = 2407.672 ; gain = 314.016 ; free physical = 2048 ; free virtual = 7347
---------------------------------------------------------------------------------
---------------------------------------------------------------------------------
Start Renaming Generated Instances
---------------------------------------------------------------------------------
---------------------------------------------------------------------------------
Finished Renaming Generated Instances : Time (s): cpu = 00:00:23 ; elapsed = 00:00:23 . Memory (MB): peak = 2407.672 ; gain = 314.016 ; free physical = 2048 ; free virtual = 7347
---------------------------------------------------------------------------------
---------------------------------------------------------------------------------
Start Rebuilding User Hierarchy
---------------------------------------------------------------------------------
---------------------------------------------------------------------------------
Finished Rebuilding User Hierarchy : Time (s): cpu = 00:00:23 ; elapsed = 00:00:23 . Memory (MB): peak = 2407.672 ; gain = 314.016 ; free physical = 2048 ; free virtual = 7347
---------------------------------------------------------------------------------
---------------------------------------------------------------------------------
Start Renaming Generated Ports
---------------------------------------------------------------------------------
---------------------------------------------------------------------------------
Finished Renaming Generated Ports : Time (s): cpu = 00:00:23 ; elapsed = 00:00:23 . Memory (MB): peak = 2407.672 ; gain = 314.016 ; free physical = 2048 ; free virtual = 7347
---------------------------------------------------------------------------------
---------------------------------------------------------------------------------
Start Handling Custom Attributes
---------------------------------------------------------------------------------
---------------------------------------------------------------------------------
Finished Handling Custom Attributes : Time (s): cpu = 00:00:23 ; elapsed = 00:00:23 . Memory (MB): peak = 2410.641 ; gain = 316.984 ; free physical = 2048 ; free virtual = 7347
---------------------------------------------------------------------------------
---------------------------------------------------------------------------------
Start Renaming Generated Nets
---------------------------------------------------------------------------------
---------------------------------------------------------------------------------
Finished Renaming Generated Nets : Time (s): cpu = 00:00:23 ; elapsed = 00:00:23 . Memory (MB): peak = 2410.641 ; gain = 316.984 ; free physical = 2048 ; free virtual = 7347
---------------------------------------------------------------------------------
---------------------------------------------------------------------------------
Start Writing Synthesis Report
---------------------------------------------------------------------------------

Report BlackBoxes: 
+-+--------------+----------+
| |BlackBox name |Instances |
+-+--------------+----------+
+-+--------------+----------+

Report Cell Usage: 
+------+---------+------+
|      |Cell     |Count |
+------+---------+------+
|1     |BUFG     |     1|
|2     |CARRY4   |    47|
|3     |LUT1     |    35|
|4     |LUT2     |   137|
|5     |LUT3     |   126|
|6     |LUT4     |   146|
|7     |LUT5     |   134|
|8     |LUT6     |   859|
|9     |MUXF7    |    64|
|10    |RAMB18E1 |     1|
|11    |FDRE     |  1436|
|12    |FDSE     |     2|
|13    |IBUF     |     2|
|14    |OBUF     |    64|
+------+---------+------+
---------------------------------------------------------------------------------
Finished Writing Synthesis Report : Time (s): cpu = 00:00:23 ; elapsed = 00:00:23 . Memory (MB): peak = 2410.641 ; gain = 316.984 ; free physical = 2048 ; free virtual = 7347
---------------------------------------------------------------------------------
Synthesis finished with 0 errors, 0 critical warnings and 1 warnings.
Synthesis Optimization Runtime : Time (s): cpu = 00:00:22 ; elapsed = 00:00:22 . Memory (MB): peak = 2410.641 ; gain = 261.152 ; free physical = 2048 ; free virtual = 7347
Synthesis Optimization Complete : Time (s): cpu = 00:00:23 ; elapsed = 00:00:23 . Memory (MB): peak = 2410.648 ; gain = 316.984 ; free physical = 2048 ; free virtual = 7347
INFO: [Project 1-571] Translating synthesized netlist
Netlist sorting complete. Time (s): cpu = 00:00:00.01 ; elapsed = 00:00:00.01 . Memory (MB): peak = 2410.648 ; gain = 0.000 ; free physical = 2189 ; free virtual = 7488
INFO: [Netlist 29-17] Analyzing 112 Unisim elements for replacement
INFO: [Netlist 29-28] Unisim Transformation completed in 0 CPU seconds
INFO: [Project 1-570] Preparing netlist for logic optimization
INFO: [Opt 31-138] Pushed 0 inverter(s) to 0 load pin(s).
Netlist sorting complete. Time (s): cpu = 00:00:00 ; elapsed = 00:00:00 . Memory (MB): peak = 2466.668 ; gain = 0.000 ; free physical = 2180 ; free virtual = 7479
INFO: [Project 1-111] Unisim Transformation Summary:
No Unisim elements were transformed.

Synth Design complete | Checksum: 3b67fac3
INFO: [Common 17-83] Releasing license: Synthesis
59 Infos, 31 Warnings, 0 Critical Warnings and 0 Errors encountered.
synth_design completed successfully
synth_design: Time (s): cpu = 00:00:28 ; elapsed = 00:00:27 . Memory (MB): peak = 2466.668 ; gain = 1013.324 ; free physical = 2179 ; free virtual = 7479
INFO: [Common 17-2834] synth_design peak Physical Memory [PSS] (MB): overall = 1750.383; main = 1607.081; forked = 266.447
INFO: [Common 17-2834] synth_design peak Virtual Memory [VSS] (MB): overall = 3260.258; main = 2466.672; forked = 942.395
Write ShapeDB Complete: Time (s): cpu = 00:00:00 ; elapsed = 00:00:00 . Memory (MB): peak = 2490.680 ; gain = 0.000 ; free physical = 2179 ; free virtual = 7479
INFO: [Common 17-1381] The checkpoint '/home/david/Documents/work/dtcore32/vivado/dtcore32/dtcore32.runs/synth_1/dtcore32_top.dcp' has been generated.
INFO: [Vivado 12-24828] Executing command : report_utilization -file dtcore32_top_utilization_synth.rpt -pb dtcore32_top_utilization_synth.pb
INFO: [Common 17-206] Exiting Vivado at Mon Jan 20 15:39:14 2025...
