Time resolution is 1 ps
Running all tests.
***********************************
Running Test ID: 0
TEST PASSED; ID: 0
***********************************
Running Test ID: 1
TEST PASSED; ID: 1
***********************************
Running Test ID: 2
TEST PASSED; ID: 2
***********************************
Running Test ID: 3
TEST PASSED; ID: 3
***********************************
Running Test ID: 4
TEST PASSED; ID: 4
***********************************
Running Test ID: 5
TEST PASSED; ID: 5
***********************************
Running Test ID: 6
TEST PASSED; ID: 6
***********************************
Running Test ID: 7
TEST PASSED; ID: 7
***********************************
Running Test ID: 8
TEST PASSED; ID: 8
***********************************
Running Test ID: 9
TEST FAILED: TIMED OUT
FAILED TEST ID: 9
$finish called at time : 20100750 ns : File "/home/david/Documents/work/dtcore32/sim/testbench.sv" Line 292
