
*** Running vivado
    with args -log dtcore32.vds -m64 -product Vivado -mode batch -messageDb vivado.pb -notrace -source dtcore32.tcl


****** Vivado v2024.2 (64-bit)
  **** SW Build 5239630 on Fri Nov 08 22:34:34 MST 2024
  **** IP Build 5239520 on Sun Nov 10 16:12:51 MST 2024
  **** SharedData Build 5239561 on Fri Nov 08 14:39:27 MST 2024
  **** Start of session at: Sat Jan 18 11:15:49 2025
    ** Copyright 1986-2022 Xilinx, Inc. All Rights Reserved.
    ** Copyright 2022-2024 Advanced Micro Devices, Inc. All Rights Reserved.

source dtcore32.tcl -notrace
Command: read_checkpoint -auto_incremental -incremental /home/david/Documents/work/dtcore32/vivado/riscv/riscv.srcs/utils_1/imports/synth_1/dtcore32.dcp
INFO: [Vivado 12-5825] Read reference checkpoint from /home/david/Documents/work/dtcore32/vivado/riscv/riscv.srcs/utils_1/imports/synth_1/dtcore32.dcp for incremental synthesis
INFO: [Vivado 12-7989] Please ensure there are no constraint changes
Command: synth_design -top dtcore32 -part xc7a35ticsg324-1L
Starting synth_design
Attempting to get a license for feature 'Synthesis' and/or device 'xc7a35ti'
INFO: [Common 17-349] Got license for feature 'Synthesis' and/or device 'xc7a35ti'
INFO: [Device 21-403] Loading part xc7a35ticsg324-1L
INFO: [Synth 8-7079] Multithreading enabled for synth_design using a maximum of 7 processes.
INFO: [Synth 8-7078] Launching helper process for spawning children vivado processes
INFO: [Synth 8-7075] Helper process launched with PID 405505
---------------------------------------------------------------------------------
Starting RTL Elaboration : Time (s): cpu = 00:00:02 ; elapsed = 00:00:03 . Memory (MB): peak = 1886.113 ; gain = 426.832 ; free physical = 5144 ; free virtual = 14212
---------------------------------------------------------------------------------
INFO: [Synth 8-6157] synthesizing module 'dtcore32' [/home/david/Documents/work/dtcore32/src/dtcore32.sv:2]
INFO: [Synth 8-6157] synthesizing module 'dtcore32_IF_stage' [/home/david/Documents/work/dtcore32/src/dtcore32_IF_stage.sv:2]
INFO: [Synth 8-294] found qualifier unique on case statement: implementing as parallel_case [/home/david/Documents/work/dtcore32/src/dtcore32_IF_stage.sv:24]
INFO: [Synth 8-6155] done synthesizing module 'dtcore32_IF_stage' (0#1) [/home/david/Documents/work/dtcore32/src/dtcore32_IF_stage.sv:2]
INFO: [Synth 8-6157] synthesizing module 'dtcore32_ID_stage' [/home/david/Documents/work/dtcore32/src/dtcore32_ID_stage.sv:2]
INFO: [Synth 8-6157] synthesizing module 'dtcore32_decode_unit' [/home/david/Documents/work/dtcore32/src/dtcore32_decode_unit.sv:2]
INFO: [Synth 8-226] default block is never used [/home/david/Documents/work/dtcore32/src/dtcore32_decode_unit.sv:258]
INFO: [Synth 8-226] default block is never used [/home/david/Documents/work/dtcore32/src/dtcore32_decode_unit.sv:352]
INFO: [Synth 8-226] default block is never used [/home/david/Documents/work/dtcore32/src/dtcore32_decode_unit.sv:381]
INFO: [Synth 8-6155] done synthesizing module 'dtcore32_decode_unit' (0#1) [/home/david/Documents/work/dtcore32/src/dtcore32_decode_unit.sv:2]
INFO: [Synth 8-6157] synthesizing module 'dtcore32_regfile' [/home/david/Documents/work/dtcore32/src/dtcore32_regfile.sv:1]
INFO: [Synth 8-6155] done synthesizing module 'dtcore32_regfile' (0#1) [/home/david/Documents/work/dtcore32/src/dtcore32_regfile.sv:1]
INFO: [Synth 8-6155] done synthesizing module 'dtcore32_ID_stage' (0#1) [/home/david/Documents/work/dtcore32/src/dtcore32_ID_stage.sv:2]
INFO: [Synth 8-6157] synthesizing module 'dtcore32_EX_stage' [/home/david/Documents/work/dtcore32/src/dtcore32_EX_stage.sv:2]
INFO: [Synth 8-226] default block is never used [/home/david/Documents/work/dtcore32/src/dtcore32_EX_stage.sv:172]
INFO: [Synth 8-226] default block is never used [/home/david/Documents/work/dtcore32/src/dtcore32_EX_stage.sv:188]
INFO: [Synth 8-6157] synthesizing module 'dtcore32_alu' [/home/david/Documents/work/dtcore32/src/dtcore32_alu.sv:2]
	Parameter WIDTH bound to: 32 - type: integer 
INFO: [Synth 8-6155] done synthesizing module 'dtcore32_alu' (0#1) [/home/david/Documents/work/dtcore32/src/dtcore32_alu.sv:2]
INFO: [Synth 8-6155] done synthesizing module 'dtcore32_EX_stage' (0#1) [/home/david/Documents/work/dtcore32/src/dtcore32_EX_stage.sv:2]
INFO: [Synth 8-6157] synthesizing module 'dtcore32_MEM_stage' [/home/david/Documents/work/dtcore32/src/dtcore32_MEM_stage.sv:2]
INFO: [Synth 8-226] default block is never used [/home/david/Documents/work/dtcore32/src/dtcore32_MEM_stage.sv:104]
INFO: [Synth 8-6155] done synthesizing module 'dtcore32_MEM_stage' (0#1) [/home/david/Documents/work/dtcore32/src/dtcore32_MEM_stage.sv:2]
INFO: [Synth 8-6157] synthesizing module 'dtcore32_WB_stage' [/home/david/Documents/work/dtcore32/src/dtcore32_WB_stage.sv:1]
INFO: [Synth 8-6155] done synthesizing module 'dtcore32_WB_stage' (0#1) [/home/david/Documents/work/dtcore32/src/dtcore32_WB_stage.sv:1]
INFO: [Synth 8-6157] synthesizing module 'dtcore32_hazard_unit' [/home/david/Documents/work/dtcore32/src/dtcore32_hazard_unit.sv:1]
INFO: [Synth 8-6155] done synthesizing module 'dtcore32_hazard_unit' (0#1) [/home/david/Documents/work/dtcore32/src/dtcore32_hazard_unit.sv:1]
INFO: [Synth 8-6155] done synthesizing module 'dtcore32' (0#1) [/home/david/Documents/work/dtcore32/src/dtcore32.sv:2]
---------------------------------------------------------------------------------
Finished RTL Elaboration : Time (s): cpu = 00:00:03 ; elapsed = 00:00:03 . Memory (MB): peak = 1964.051 ; gain = 504.770 ; free physical = 5017 ; free virtual = 14088
---------------------------------------------------------------------------------
---------------------------------------------------------------------------------
Start Handling Custom Attributes
---------------------------------------------------------------------------------
---------------------------------------------------------------------------------
Finished Handling Custom Attributes : Time (s): cpu = 00:00:03 ; elapsed = 00:00:04 . Memory (MB): peak = 1981.863 ; gain = 522.582 ; free physical = 5016 ; free virtual = 14088
---------------------------------------------------------------------------------
---------------------------------------------------------------------------------
Finished RTL Optimization Phase 1 : Time (s): cpu = 00:00:03 ; elapsed = 00:00:04 . Memory (MB): peak = 1981.863 ; gain = 522.582 ; free physical = 5016 ; free virtual = 14088
---------------------------------------------------------------------------------
Netlist sorting complete. Time (s): cpu = 00:00:00.01 ; elapsed = 00:00:00.02 . Memory (MB): peak = 1981.863 ; gain = 0.000 ; free physical = 5016 ; free virtual = 14088
INFO: [Project 1-570] Preparing netlist for logic optimization

Processing XDC Constraints
Initializing timing engine
Parsing XDC File [/home/david/Documents/work/dtcore32/vivado/riscv/riscv.srcs/constrs_1/new/arty.xdc]
Finished Parsing XDC File [/home/david/Documents/work/dtcore32/vivado/riscv/riscv.srcs/constrs_1/new/arty.xdc]
INFO: [Project 1-236] Implementation specific constraints were found while reading constraint file [/home/david/Documents/work/dtcore32/vivado/riscv/riscv.srcs/constrs_1/new/arty.xdc]. These constraints will be ignored for synthesis but will be used in implementation. Impacted constraints are listed in the file [.Xil/dtcore32_propImpl.xdc].
Resolution: To avoid this warning, move constraints listed in [.Xil/dtcore32_propImpl.xdc] to another XDC file and exclude this new file from synthesis with the used_in_synthesis property (File Properties dialog in GUI) and re-run elaboration/synthesis.
Completed Processing XDC Constraints

Netlist sorting complete. Time (s): cpu = 00:00:00 ; elapsed = 00:00:00 . Memory (MB): peak = 2133.613 ; gain = 0.000 ; free physical = 5008 ; free virtual = 14079
INFO: [Project 1-111] Unisim Transformation Summary:
No Unisim elements were transformed.

Constraint Validation Runtime : Time (s): cpu = 00:00:00 ; elapsed = 00:00:00.01 . Memory (MB): peak = 2133.613 ; gain = 0.000 ; free physical = 5008 ; free virtual = 14079
---------------------------------------------------------------------------------
Finished Constraint Validation : Time (s): cpu = 00:00:07 ; elapsed = 00:00:07 . Memory (MB): peak = 2133.613 ; gain = 674.332 ; free physical = 5037 ; free virtual = 14108
---------------------------------------------------------------------------------
---------------------------------------------------------------------------------
Start Loading Part and Timing Information
---------------------------------------------------------------------------------
Loading part: xc7a35ticsg324-1L
---------------------------------------------------------------------------------
Finished Loading Part and Timing Information : Time (s): cpu = 00:00:07 ; elapsed = 00:00:07 . Memory (MB): peak = 2141.617 ; gain = 682.336 ; free physical = 5037 ; free virtual = 14108
---------------------------------------------------------------------------------
---------------------------------------------------------------------------------
Start Applying 'set_property' XDC Constraints
---------------------------------------------------------------------------------
---------------------------------------------------------------------------------
Finished applying 'set_property' XDC Constraints : Time (s): cpu = 00:00:07 ; elapsed = 00:00:07 . Memory (MB): peak = 2141.617 ; gain = 682.336 ; free physical = 5037 ; free virtual = 14108
---------------------------------------------------------------------------------
---------------------------------------------------------------------------------
Start Preparing Guide Design
---------------------------------------------------------------------------------
CRITICAL WARNING: [Synth 8-6895] The reference checkpoint /home/david/Documents/work/dtcore32/vivado/riscv/riscv.srcs/utils_1/imports/synth_1/dtcore32.dcp is not suitable for use with incremental synthesis for this design. Please regenerate the checkpoint for this design with -incremental_synth switch in the same Vivado session that synth_design has been run. Synthesis will continue with the default flow
---------------------------------------------------------------------------------
Finished Doing Graph Differ : Time (s): cpu = 00:00:07 ; elapsed = 00:00:07 . Memory (MB): peak = 2141.617 ; gain = 682.336 ; free physical = 5037 ; free virtual = 14109
---------------------------------------------------------------------------------
---------------------------------------------------------------------------------
Finished Preparing Guide Design : Time (s): cpu = 00:00:07 ; elapsed = 00:00:07 . Memory (MB): peak = 2141.617 ; gain = 682.336 ; free physical = 5037 ; free virtual = 14109
---------------------------------------------------------------------------------
---------------------------------------------------------------------------------
Finished RTL Optimization Phase 2 : Time (s): cpu = 00:00:07 ; elapsed = 00:00:08 . Memory (MB): peak = 2141.617 ; gain = 682.336 ; free physical = 5037 ; free virtual = 14109
---------------------------------------------------------------------------------


Incremental Synthesis Report Summary:

1. Incremental synthesis run: no

   Reason for not running incremental synthesis : 


INFO: [Synth 8-7130] Flow is switching to default flow due to incremental criteria not met. If you would like to alter this behaviour and have the flow terminate instead, please set the following parameter config_implementation {autoIncr.Synth.RejectBehavior Terminate}
---------------------------------------------------------------------------------
Start RTL Component Statistics 
---------------------------------------------------------------------------------
Detailed RTL Component Info : 
+---Adders : 
	   2 Input   32 Bit       Adders := 3     
	   3 Input   32 Bit       Adders := 1     
+---XORs : 
	   2 Input     32 Bit         XORs := 1     
+---Registers : 
	               32 Bit    Registers := 47    
	                5 Bit    Registers := 5     
	                4 Bit    Registers := 1     
	                3 Bit    Registers := 2     
	                2 Bit    Registers := 6     
	                1 Bit    Registers := 10    
+---Muxes : 
	   2 Input   32 Bit        Muxes := 6     
	   4 Input   32 Bit        Muxes := 7     
	   3 Input   32 Bit        Muxes := 2     
	   3 Input   16 Bit        Muxes := 1     
	   4 Input    8 Bit        Muxes := 1     
	   2 Input    5 Bit        Muxes := 3     
	   2 Input    4 Bit        Muxes := 1     
	   9 Input    4 Bit        Muxes := 1     
	   6 Input    3 Bit        Muxes := 1     
	   2 Input    3 Bit        Muxes := 1     
	   2 Input    2 Bit        Muxes := 3     
	   4 Input    2 Bit        Muxes := 1     
	   9 Input    1 Bit        Muxes := 1     
	   6 Input    1 Bit        Muxes := 3     
	   2 Input    1 Bit        Muxes := 34    
	   4 Input    1 Bit        Muxes := 2     
---------------------------------------------------------------------------------
Finished RTL Component Statistics 
---------------------------------------------------------------------------------
---------------------------------------------------------------------------------
Start Part Resource Summary
---------------------------------------------------------------------------------
Part Resources:
DSPs: 90 (col length:60)
BRAMs: 100 (col length: RAMB18 60 RAMB36 30)
---------------------------------------------------------------------------------
Finished Part Resource Summary
---------------------------------------------------------------------------------
---------------------------------------------------------------------------------
Start Cross Boundary and Area Optimization
---------------------------------------------------------------------------------
WARNING: [Synth 8-7080] Parallel synthesis criteria is not met
---------------------------------------------------------------------------------
Finished Cross Boundary and Area Optimization : Time (s): cpu = 00:00:14 ; elapsed = 00:00:15 . Memory (MB): peak = 2143.617 ; gain = 684.336 ; free physical = 4985 ; free virtual = 14038
---------------------------------------------------------------------------------
---------------------------------------------------------------------------------
Start Applying XDC Timing Constraints
---------------------------------------------------------------------------------
---------------------------------------------------------------------------------
Finished Applying XDC Timing Constraints : Time (s): cpu = 00:00:17 ; elapsed = 00:00:18 . Memory (MB): peak = 2160.617 ; gain = 701.336 ; free physical = 5003 ; free virtual = 14056
---------------------------------------------------------------------------------
---------------------------------------------------------------------------------
Start Timing Optimization
---------------------------------------------------------------------------------
---------------------------------------------------------------------------------
Finished Timing Optimization : Time (s): cpu = 00:00:21 ; elapsed = 00:00:21 . Memory (MB): peak = 2296.766 ; gain = 837.484 ; free physical = 4879 ; free virtual = 13932
---------------------------------------------------------------------------------
---------------------------------------------------------------------------------
Start Technology Mapping
---------------------------------------------------------------------------------
---------------------------------------------------------------------------------
Finished Technology Mapping : Time (s): cpu = 00:00:21 ; elapsed = 00:00:22 . Memory (MB): peak = 2296.766 ; gain = 837.484 ; free physical = 4892 ; free virtual = 13944
---------------------------------------------------------------------------------
---------------------------------------------------------------------------------
Start IO Insertion
---------------------------------------------------------------------------------
---------------------------------------------------------------------------------
Start Flattening Before IO Insertion
---------------------------------------------------------------------------------
---------------------------------------------------------------------------------
Finished Flattening Before IO Insertion
---------------------------------------------------------------------------------
---------------------------------------------------------------------------------
Start Final Netlist Cleanup
---------------------------------------------------------------------------------
---------------------------------------------------------------------------------
Finished Final Netlist Cleanup
---------------------------------------------------------------------------------
---------------------------------------------------------------------------------
Finished IO Insertion : Time (s): cpu = 00:00:23 ; elapsed = 00:00:24 . Memory (MB): peak = 2371.578 ; gain = 912.297 ; free physical = 4207 ; free virtual = 13279
---------------------------------------------------------------------------------
---------------------------------------------------------------------------------
Start Renaming Generated Instances
---------------------------------------------------------------------------------
---------------------------------------------------------------------------------
Finished Renaming Generated Instances : Time (s): cpu = 00:00:23 ; elapsed = 00:00:24 . Memory (MB): peak = 2371.578 ; gain = 912.297 ; free physical = 4207 ; free virtual = 13279
---------------------------------------------------------------------------------
---------------------------------------------------------------------------------
Start Rebuilding User Hierarchy
---------------------------------------------------------------------------------
---------------------------------------------------------------------------------
Finished Rebuilding User Hierarchy : Time (s): cpu = 00:00:23 ; elapsed = 00:00:24 . Memory (MB): peak = 2371.578 ; gain = 912.297 ; free physical = 4120 ; free virtual = 13193
---------------------------------------------------------------------------------
---------------------------------------------------------------------------------
Start Renaming Generated Ports
---------------------------------------------------------------------------------
---------------------------------------------------------------------------------
Finished Renaming Generated Ports : Time (s): cpu = 00:00:23 ; elapsed = 00:00:24 . Memory (MB): peak = 2371.578 ; gain = 912.297 ; free physical = 4120 ; free virtual = 13193
---------------------------------------------------------------------------------
---------------------------------------------------------------------------------
Start Handling Custom Attributes
---------------------------------------------------------------------------------
---------------------------------------------------------------------------------
Finished Handling Custom Attributes : Time (s): cpu = 00:00:23 ; elapsed = 00:00:24 . Memory (MB): peak = 2371.578 ; gain = 912.297 ; free physical = 4136 ; free virtual = 13209
---------------------------------------------------------------------------------
---------------------------------------------------------------------------------
Start Renaming Generated Nets
---------------------------------------------------------------------------------
---------------------------------------------------------------------------------
Finished Renaming Generated Nets : Time (s): cpu = 00:00:23 ; elapsed = 00:00:24 . Memory (MB): peak = 2371.578 ; gain = 912.297 ; free physical = 4136 ; free virtual = 13209
---------------------------------------------------------------------------------
---------------------------------------------------------------------------------
Start Writing Synthesis Report
---------------------------------------------------------------------------------

Report BlackBoxes: 
+-+--------------+----------+
| |BlackBox name |Instances |
+-+--------------+----------+
+-+--------------+----------+

Report Cell Usage: 
+------+-------+------+
|      |Cell   |Count |
+------+-------+------+
|1     |BUFG   |     1|
|2     |CARRY4 |    47|
|3     |LUT1   |    29|
|4     |LUT2   |   143|
|5     |LUT3   |   138|
|6     |LUT4   |   189|
|7     |LUT5   |   143|
|8     |LUT6   |  1026|
|9     |MUXF7  |   256|
|10    |MUXF8  |    64|
|11    |FDRE   |  1553|
|12    |FDSE   |     4|
|13    |IBUF   |    66|
|14    |OBUF   |   101|
+------+-------+------+
---------------------------------------------------------------------------------
Finished Writing Synthesis Report : Time (s): cpu = 00:00:23 ; elapsed = 00:00:24 . Memory (MB): peak = 2371.578 ; gain = 912.297 ; free physical = 4136 ; free virtual = 13209
---------------------------------------------------------------------------------
Synthesis finished with 0 errors, 1 critical warnings and 1 warnings.
Synthesis Optimization Runtime : Time (s): cpu = 00:00:22 ; elapsed = 00:00:23 . Memory (MB): peak = 2371.578 ; gain = 760.547 ; free physical = 4117 ; free virtual = 13190
Synthesis Optimization Complete : Time (s): cpu = 00:00:23 ; elapsed = 00:00:24 . Memory (MB): peak = 2371.586 ; gain = 912.297 ; free physical = 4117 ; free virtual = 13190
INFO: [Project 1-571] Translating synthesized netlist
Netlist sorting complete. Time (s): cpu = 00:00:00.02 ; elapsed = 00:00:00.01 . Memory (MB): peak = 2371.586 ; gain = 0.000 ; free physical = 4220 ; free virtual = 13292
INFO: [Netlist 29-17] Analyzing 367 Unisim elements for replacement
INFO: [Netlist 29-28] Unisim Transformation completed in 0 CPU seconds
INFO: [Project 1-570] Preparing netlist for logic optimization
INFO: [Opt 31-138] Pushed 0 inverter(s) to 0 load pin(s).
Netlist sorting complete. Time (s): cpu = 00:00:00 ; elapsed = 00:00:00 . Memory (MB): peak = 2433.543 ; gain = 0.000 ; free physical = 3642 ; free virtual = 12715
INFO: [Project 1-111] Unisim Transformation Summary:
No Unisim elements were transformed.

Synth Design complete | Checksum: 41beecc1
INFO: [Common 17-83] Releasing license: Synthesis
45 Infos, 1 Warnings, 1 Critical Warnings and 0 Errors encountered.
synth_design completed successfully
synth_design: Time (s): cpu = 00:00:29 ; elapsed = 00:00:27 . Memory (MB): peak = 2433.543 ; gain = 980.199 ; free physical = 3605 ; free virtual = 12678
INFO: [Common 17-2834] synth_design peak Physical Memory [PSS] (MB): overall = 1684.379; main = 1586.418; forked = 268.243
INFO: [Common 17-2834] synth_design peak Virtual Memory [VSS] (MB): overall = 3181.789; main = 2433.547; forked = 942.402
INFO: [runtcl-6] Synthesis results are not added to the cache due to CRITICAL_WARNING
Write ShapeDB Complete: Time (s): cpu = 00:00:00.01 ; elapsed = 00:00:00.01 . Memory (MB): peak = 2457.555 ; gain = 0.000 ; free physical = 3605 ; free virtual = 12678
INFO: [Common 17-1381] The checkpoint '/home/david/Documents/work/dtcore32/vivado/riscv/riscv.runs/synth_1/dtcore32.dcp' has been generated.
INFO: [Vivado 12-24828] Executing command : report_utilization -file dtcore32_utilization_synth.rpt -pb dtcore32_utilization_synth.pb
INFO: [Common 17-206] Exiting Vivado at Sat Jan 18 11:16:20 2025...
