Copyright 1986-2022 Xilinx, Inc. All Rights Reserved. Copyright 2022-2024 Advanced Micro Devices, Inc. All Rights Reserved.
---------------------------------------------------------------------------------------------------------------------------------------------------------------------------------------------------------------------
| Tool Version : Vivado v.2024.2 (lin64) Build 5239630 Fri Nov 08 22:34:34 MST 2024
| Date         : Thu Jan 16 11:37:15 2025
| Host         : david-MS-7D46 running 64-bit Ubuntu 24.04.1 LTS
| Command      : report_timing_summary -max_paths 10 -report_unconstrained -file dtcore32_timing_summary_routed.rpt -pb dtcore32_timing_summary_routed.pb -rpx dtcore32_timing_summary_routed.rpx -warn_on_violation
| Design       : dtcore32
| Device       : 7k70t-fbv676
| Speed File   : -1  PRODUCTION 1.12 2017-02-17
| Design State : Routed
---------------------------------------------------------------------------------------------------------------------------------------------------------------------------------------------------------------------

Timing Summary Report

------------------------------------------------------------------------------------------------
| Timer Settings
| --------------
------------------------------------------------------------------------------------------------

  Enable Multi Corner Analysis               :  Yes
  Enable Pessimism Removal                   :  Yes
  Pessimism Removal Resolution               :  Nearest Common Node
  Enable Input Delay Default Clock           :  No
  Enable Preset / Clear Arcs                 :  No
  Disable Flight Delays                      :  No
  Ignore I/O Paths                           :  No
  Timing Early Launch at Borrowing Latches   :  No
  Borrow Time for Max Delay Exceptions       :  Yes
  Merge Timing Exceptions                    :  Yes
  Inter-SLR Compensation                     :  Conservative

  Corner  Analyze    Analyze    
  Name    Max Paths  Min Paths  
  ------  ---------  ---------  
  Slow    Yes        Yes        
  Fast    Yes        Yes        


------------------------------------------------------------------------------------------------
| Report Methodology
| ------------------
------------------------------------------------------------------------------------------------

Rule       Severity          Description                  Violations  
---------  ----------------  ---------------------------  ----------  
TIMING-17  Critical Warning  Non-clocked sequential cell  1000        

Note: This report is based on the most recent report_methodology run and may not be up-to-date. Run report_methodology on the current design for the latest report.



check_timing report

Table of Contents
-----------------
1. checking no_clock (1558)
2. checking constant_clock (0)
3. checking pulse_width_clock (0)
4. checking unconstrained_internal_endpoints (4670)
5. checking no_input_delay (65)
6. checking no_output_delay (101)
7. checking multiple_clock (0)
8. checking generated_clocks (0)
9. checking loops (0)
10. checking partial_input_delay (0)
11. checking partial_output_delay (0)
12. checking latch_loops (0)

1. checking no_clock (1558)
---------------------------
 There are 1558 register/latch pins with no clock driven by root clock pin: clk_i (HIGH)


2. checking constant_clock (0)
------------------------------
 There are 0 register/latch pins with constant_clock.


3. checking pulse_width_clock (0)
---------------------------------
 There are 0 register/latch pins which need pulse_width check


4. checking unconstrained_internal_endpoints (4670)
---------------------------------------------------
 There are 4670 pins that are not constrained for maximum delay. (HIGH)

 There are 0 pins that are not constrained for maximum delay due to constant clock.


5. checking no_input_delay (65)
-------------------------------
 There are 65 input ports with no input delay specified. (HIGH)

 There are 0 input ports with no input delay but user has a false path constraint.


6. checking no_output_delay (101)
---------------------------------
 There are 101 ports with no output delay specified. (HIGH)

 There are 0 ports with no output delay but user has a false path constraint

 There are 0 ports with no output delay but with a timing clock defined on it or propagating through it


7. checking multiple_clock (0)
------------------------------
 There are 0 register/latch pins with multiple clocks.


8. checking generated_clocks (0)
--------------------------------
 There are 0 generated clocks that are not connected to a clock source.


9. checking loops (0)
---------------------
 There are 0 combinational loops in the design.


10. checking partial_input_delay (0)
------------------------------------
 There are 0 input ports with partial input delay specified.


11. checking partial_output_delay (0)
-------------------------------------
 There are 0 ports with partial output delay specified.


12. checking latch_loops (0)
----------------------------
 There are 0 combinational latch loops in the design through latch input



------------------------------------------------------------------------------------------------
| Design Timing Summary
| ---------------------
------------------------------------------------------------------------------------------------

    WNS(ns)      TNS(ns)  TNS Failing Endpoints  TNS Total Endpoints      WHS(ns)      THS(ns)  THS Failing Endpoints  THS Total Endpoints     WPWS(ns)     TPWS(ns)  TPWS Failing Endpoints  TPWS Total Endpoints  
    -------      -------  ---------------------  -------------------      -------      -------  ---------------------  -------------------     --------     --------  ----------------------  --------------------  
        inf        0.000                      0                 4771          inf        0.000                      0                 4771           NA           NA                      NA                    NA  


There are no user specified timing constraints.


------------------------------------------------------------------------------------------------
| Clock Summary
| -------------
------------------------------------------------------------------------------------------------


------------------------------------------------------------------------------------------------
| Intra Clock Table
| -----------------
------------------------------------------------------------------------------------------------

Clock             WNS(ns)      TNS(ns)  TNS Failing Endpoints  TNS Total Endpoints      WHS(ns)      THS(ns)  THS Failing Endpoints  THS Total Endpoints     WPWS(ns)     TPWS(ns)  TPWS Failing Endpoints  TPWS Total Endpoints  
-----             -------      -------  ---------------------  -------------------      -------      -------  ---------------------  -------------------     --------     --------  ----------------------  --------------------  


------------------------------------------------------------------------------------------------
| Inter Clock Table
| -----------------
------------------------------------------------------------------------------------------------

From Clock    To Clock          WNS(ns)      TNS(ns)  TNS Failing Endpoints  TNS Total Endpoints      WHS(ns)      THS(ns)  THS Failing Endpoints  THS Total Endpoints  
----------    --------          -------      -------  ---------------------  -------------------      -------      -------  ---------------------  -------------------  


------------------------------------------------------------------------------------------------
| Other Path Groups Table
| -----------------------
------------------------------------------------------------------------------------------------

Path Group    From Clock    To Clock          WNS(ns)      TNS(ns)  TNS Failing Endpoints  TNS Total Endpoints      WHS(ns)      THS(ns)  THS Failing Endpoints  THS Total Endpoints  
----------    ----------    --------          -------      -------  ---------------------  -------------------      -------      -------  ---------------------  -------------------  


------------------------------------------------------------------------------------------------
| User Ignored Path Table
| -----------------------
------------------------------------------------------------------------------------------------

Path Group    From Clock    To Clock    
----------    ----------    --------    


------------------------------------------------------------------------------------------------
| Unconstrained Path Table
| ------------------------
------------------------------------------------------------------------------------------------

Path Group    From Clock    To Clock    
----------    ----------    --------    
(none)                                    


------------------------------------------------------------------------------------------------
| Timing Details
| --------------
------------------------------------------------------------------------------------------------


--------------------------------------------------------------------------------------
Path Group:  (none)
From Clock:  
  To Clock:  

Max Delay          4771 Endpoints
Min Delay          4771 Endpoints
--------------------------------------------------------------------------------------


Max Delay Paths
--------------------------------------------------------------------------------------
Slack:                    inf
  Source:                 dtcore32_EX_stage_inst/MEM_dest_reg_reg[9]/C
                            (rising edge-triggered cell FDRE)
  Destination:            dtcore32_ID_stage_inst/EX_pc_plus_4_reg[2]/R
  Path Group:             (none)
  Path Type:              Max at Slow Process Corner
  Data Path Delay:        14.252ns  (logic 1.315ns (9.227%)  route 12.937ns (90.773%))
  Logic Levels:           12  (CARRY4=3 FDRE=1 LUT3=2 LUT5=2 LUT6=4)

    Location             Delay type                Incr(ns)  Path(ns)    Netlist Resource(s)
  -------------------------------------------------------------------    -------------------
    SLICE_X9Y92          FDRE                         0.000     0.000 r  dtcore32_EX_stage_inst/MEM_dest_reg_reg[9]/C
    SLICE_X9Y92          FDRE (Prop_fdre_C_Q)         0.269     0.269 r  dtcore32_EX_stage_inst/MEM_dest_reg_reg[9]/Q
                         net (fo=3, routed)           0.839     1.108    dtcore32_EX_stage_inst/dtcore32_alu_inst/sum_carry_i_11[0]
    SLICE_X9Y93          LUT6 (Prop_lut6_I4_O)        0.053     1.161 f  dtcore32_EX_stage_inst/dtcore32_alu_inst/MEM_dmem_wr_data[31]_i_8/O
                         net (fo=3, routed)           0.560     1.720    dtcore32_ID_stage_inst/MEM_dmem_wr_data_reg[30]_0
    SLICE_X9Y91          LUT6 (Prop_lut6_I3_O)        0.053     1.773 r  dtcore32_ID_stage_inst/MEM_dmem_wr_data[31]_i_2/O
                         net (fo=32, routed)          2.302     4.075    dtcore32_ID_stage_inst/MEM_dmem_wr_data[31]_i_2_n_0
    SLICE_X13Y71         LUT6 (Prop_lut6_I0_O)        0.053     4.128 r  dtcore32_ID_stage_inst/MEM_dmem_wr_data[4]_i_1/O
                         net (fo=3, routed)           1.106     5.235    dtcore32_ID_stage_inst/EX_reg_data_2_reg[31]_0[4]
    SLICE_X0Y75          LUT3 (Prop_lut3_I2_O)        0.053     5.288 r  dtcore32_ID_stage_inst/i__carry__0_i_12/O
                         net (fo=114, routed)         2.112     7.399    dtcore32_ID_stage_inst/dtcore32_EX_stage_inst/EX_src_b[4]
    SLICE_X7Y72          LUT5 (Prop_lut5_I1_O)        0.053     7.452 r  dtcore32_ID_stage_inst/BranchCond0_carry_i_3/O
                         net (fo=1, routed)           0.000     7.452    dtcore32_EX_stage_inst/dtcore32_alu_inst/BranchCond0_carry__0_0[1]
    SLICE_X7Y72          CARRY4 (Prop_carry4_S[1]_CO[3])
                                                      0.324     7.776 r  dtcore32_EX_stage_inst/dtcore32_alu_inst/BranchCond0_carry/CO[3]
                         net (fo=1, routed)           0.000     7.776    dtcore32_EX_stage_inst/dtcore32_alu_inst/BranchCond0_carry_n_0
    SLICE_X7Y73          CARRY4 (Prop_carry4_CI_CO[3])
                                                      0.058     7.834 r  dtcore32_EX_stage_inst/dtcore32_alu_inst/BranchCond0_carry__0/CO[3]
                         net (fo=1, routed)           0.000     7.834    dtcore32_EX_stage_inst/dtcore32_alu_inst/BranchCond0_carry__0_n_0
    SLICE_X7Y74          CARRY4 (Prop_carry4_CI_CO[2])
                                                      0.132     7.966 r  dtcore32_EX_stage_inst/dtcore32_alu_inst/BranchCond0_carry__1/CO[2]
                         net (fo=2, routed)           0.731     8.697    dtcore32_ID_stage_inst/ID_instr[31]_i_3_0[0]
    SLICE_X5Y75          LUT6 (Prop_lut6_I0_O)        0.161     8.858 r  dtcore32_ID_stage_inst/ID_instr[31]_i_6/O
                         net (fo=1, routed)           0.562     9.420    dtcore32_ID_stage_inst/ID_instr[31]_i_6_n_0
    SLICE_X5Y76          LUT5 (Prop_lut5_I2_O)        0.053     9.473 r  dtcore32_ID_stage_inst/ID_instr[31]_i_3/O
                         net (fo=35, routed)          1.224    10.697    dtcore32_ID_stage_inst/EX_pc_src
    SLICE_X4Y89          LUT3 (Prop_lut3_I1_O)        0.053    10.750 r  dtcore32_ID_stage_inst/EX_reg_wr_en_i_1/O
                         net (fo=192, routed)         3.502    14.252    dtcore32_ID_stage_inst/EX_reg_wr_en_i_1_n_0
    SLICE_X1Y73          FDRE                                         r  dtcore32_ID_stage_inst/EX_pc_plus_4_reg[2]/R
  -------------------------------------------------------------------    -------------------

Slack:                    inf
  Source:                 dtcore32_EX_stage_inst/MEM_dest_reg_reg[9]/C
                            (rising edge-triggered cell FDRE)
  Destination:            dtcore32_ID_stage_inst/EX_pc_plus_4_reg[7]/R
  Path Group:             (none)
  Path Type:              Max at Slow Process Corner
  Data Path Delay:        14.252ns  (logic 1.315ns (9.227%)  route 12.937ns (90.773%))
  Logic Levels:           12  (CARRY4=3 FDRE=1 LUT3=2 LUT5=2 LUT6=4)

    Location             Delay type                Incr(ns)  Path(ns)    Netlist Resource(s)
  -------------------------------------------------------------------    -------------------
    SLICE_X9Y92          FDRE                         0.000     0.000 r  dtcore32_EX_stage_inst/MEM_dest_reg_reg[9]/C
    SLICE_X9Y92          FDRE (Prop_fdre_C_Q)         0.269     0.269 r  dtcore32_EX_stage_inst/MEM_dest_reg_reg[9]/Q
                         net (fo=3, routed)           0.839     1.108    dtcore32_EX_stage_inst/dtcore32_alu_inst/sum_carry_i_11[0]
    SLICE_X9Y93          LUT6 (Prop_lut6_I4_O)        0.053     1.161 f  dtcore32_EX_stage_inst/dtcore32_alu_inst/MEM_dmem_wr_data[31]_i_8/O
                         net (fo=3, routed)           0.560     1.720    dtcore32_ID_stage_inst/MEM_dmem_wr_data_reg[30]_0
    SLICE_X9Y91          LUT6 (Prop_lut6_I3_O)        0.053     1.773 r  dtcore32_ID_stage_inst/MEM_dmem_wr_data[31]_i_2/O
                         net (fo=32, routed)          2.302     4.075    dtcore32_ID_stage_inst/MEM_dmem_wr_data[31]_i_2_n_0
    SLICE_X13Y71         LUT6 (Prop_lut6_I0_O)        0.053     4.128 r  dtcore32_ID_stage_inst/MEM_dmem_wr_data[4]_i_1/O
                         net (fo=3, routed)           1.106     5.235    dtcore32_ID_stage_inst/EX_reg_data_2_reg[31]_0[4]
    SLICE_X0Y75          LUT3 (Prop_lut3_I2_O)        0.053     5.288 r  dtcore32_ID_stage_inst/i__carry__0_i_12/O
                         net (fo=114, routed)         2.112     7.399    dtcore32_ID_stage_inst/dtcore32_EX_stage_inst/EX_src_b[4]
    SLICE_X7Y72          LUT5 (Prop_lut5_I1_O)        0.053     7.452 r  dtcore32_ID_stage_inst/BranchCond0_carry_i_3/O
                         net (fo=1, routed)           0.000     7.452    dtcore32_EX_stage_inst/dtcore32_alu_inst/BranchCond0_carry__0_0[1]
    SLICE_X7Y72          CARRY4 (Prop_carry4_S[1]_CO[3])
                                                      0.324     7.776 r  dtcore32_EX_stage_inst/dtcore32_alu_inst/BranchCond0_carry/CO[3]
                         net (fo=1, routed)           0.000     7.776    dtcore32_EX_stage_inst/dtcore32_alu_inst/BranchCond0_carry_n_0
    SLICE_X7Y73          CARRY4 (Prop_carry4_CI_CO[3])
                                                      0.058     7.834 r  dtcore32_EX_stage_inst/dtcore32_alu_inst/BranchCond0_carry__0/CO[3]
                         net (fo=1, routed)           0.000     7.834    dtcore32_EX_stage_inst/dtcore32_alu_inst/BranchCond0_carry__0_n_0
    SLICE_X7Y74          CARRY4 (Prop_carry4_CI_CO[2])
                                                      0.132     7.966 r  dtcore32_EX_stage_inst/dtcore32_alu_inst/BranchCond0_carry__1/CO[2]
                         net (fo=2, routed)           0.731     8.697    dtcore32_ID_stage_inst/ID_instr[31]_i_3_0[0]
    SLICE_X5Y75          LUT6 (Prop_lut6_I0_O)        0.161     8.858 r  dtcore32_ID_stage_inst/ID_instr[31]_i_6/O
                         net (fo=1, routed)           0.562     9.420    dtcore32_ID_stage_inst/ID_instr[31]_i_6_n_0
    SLICE_X5Y76          LUT5 (Prop_lut5_I2_O)        0.053     9.473 r  dtcore32_ID_stage_inst/ID_instr[31]_i_3/O
                         net (fo=35, routed)          1.224    10.697    dtcore32_ID_stage_inst/EX_pc_src
    SLICE_X4Y89          LUT3 (Prop_lut3_I1_O)        0.053    10.750 r  dtcore32_ID_stage_inst/EX_reg_wr_en_i_1/O
                         net (fo=192, routed)         3.502    14.252    dtcore32_ID_stage_inst/EX_reg_wr_en_i_1_n_0
    SLICE_X1Y73          FDRE                                         r  dtcore32_ID_stage_inst/EX_pc_plus_4_reg[7]/R
  -------------------------------------------------------------------    -------------------

Slack:                    inf
  Source:                 dtcore32_EX_stage_inst/MEM_dest_reg_reg[9]/C
                            (rising edge-triggered cell FDRE)
  Destination:            dtcore32_ID_stage_inst/EX_pc_plus_4_reg[1]/R
  Path Group:             (none)
  Path Type:              Max at Slow Process Corner
  Data Path Delay:        14.014ns  (logic 1.315ns (9.384%)  route 12.699ns (90.616%))
  Logic Levels:           12  (CARRY4=3 FDRE=1 LUT3=2 LUT5=2 LUT6=4)

    Location             Delay type                Incr(ns)  Path(ns)    Netlist Resource(s)
  -------------------------------------------------------------------    -------------------
    SLICE_X9Y92          FDRE                         0.000     0.000 r  dtcore32_EX_stage_inst/MEM_dest_reg_reg[9]/C
    SLICE_X9Y92          FDRE (Prop_fdre_C_Q)         0.269     0.269 r  dtcore32_EX_stage_inst/MEM_dest_reg_reg[9]/Q
                         net (fo=3, routed)           0.839     1.108    dtcore32_EX_stage_inst/dtcore32_alu_inst/sum_carry_i_11[0]
    SLICE_X9Y93          LUT6 (Prop_lut6_I4_O)        0.053     1.161 f  dtcore32_EX_stage_inst/dtcore32_alu_inst/MEM_dmem_wr_data[31]_i_8/O
                         net (fo=3, routed)           0.560     1.720    dtcore32_ID_stage_inst/MEM_dmem_wr_data_reg[30]_0
    SLICE_X9Y91          LUT6 (Prop_lut6_I3_O)        0.053     1.773 r  dtcore32_ID_stage_inst/MEM_dmem_wr_data[31]_i_2/O
                         net (fo=32, routed)          2.302     4.075    dtcore32_ID_stage_inst/MEM_dmem_wr_data[31]_i_2_n_0
    SLICE_X13Y71         LUT6 (Prop_lut6_I0_O)        0.053     4.128 r  dtcore32_ID_stage_inst/MEM_dmem_wr_data[4]_i_1/O
                         net (fo=3, routed)           1.106     5.235    dtcore32_ID_stage_inst/EX_reg_data_2_reg[31]_0[4]
    SLICE_X0Y75          LUT3 (Prop_lut3_I2_O)        0.053     5.288 r  dtcore32_ID_stage_inst/i__carry__0_i_12/O
                         net (fo=114, routed)         2.112     7.399    dtcore32_ID_stage_inst/dtcore32_EX_stage_inst/EX_src_b[4]
    SLICE_X7Y72          LUT5 (Prop_lut5_I1_O)        0.053     7.452 r  dtcore32_ID_stage_inst/BranchCond0_carry_i_3/O
                         net (fo=1, routed)           0.000     7.452    dtcore32_EX_stage_inst/dtcore32_alu_inst/BranchCond0_carry__0_0[1]
    SLICE_X7Y72          CARRY4 (Prop_carry4_S[1]_CO[3])
                                                      0.324     7.776 r  dtcore32_EX_stage_inst/dtcore32_alu_inst/BranchCond0_carry/CO[3]
                         net (fo=1, routed)           0.000     7.776    dtcore32_EX_stage_inst/dtcore32_alu_inst/BranchCond0_carry_n_0
    SLICE_X7Y73          CARRY4 (Prop_carry4_CI_CO[3])
                                                      0.058     7.834 r  dtcore32_EX_stage_inst/dtcore32_alu_inst/BranchCond0_carry__0/CO[3]
                         net (fo=1, routed)           0.000     7.834    dtcore32_EX_stage_inst/dtcore32_alu_inst/BranchCond0_carry__0_n_0
    SLICE_X7Y74          CARRY4 (Prop_carry4_CI_CO[2])
                                                      0.132     7.966 r  dtcore32_EX_stage_inst/dtcore32_alu_inst/BranchCond0_carry__1/CO[2]
                         net (fo=2, routed)           0.731     8.697    dtcore32_ID_stage_inst/ID_instr[31]_i_3_0[0]
    SLICE_X5Y75          LUT6 (Prop_lut6_I0_O)        0.161     8.858 r  dtcore32_ID_stage_inst/ID_instr[31]_i_6/O
                         net (fo=1, routed)           0.562     9.420    dtcore32_ID_stage_inst/ID_instr[31]_i_6_n_0
    SLICE_X5Y76          LUT5 (Prop_lut5_I2_O)        0.053     9.473 r  dtcore32_ID_stage_inst/ID_instr[31]_i_3/O
                         net (fo=35, routed)          1.224    10.697    dtcore32_ID_stage_inst/EX_pc_src
    SLICE_X4Y89          LUT3 (Prop_lut3_I1_O)        0.053    10.750 r  dtcore32_ID_stage_inst/EX_reg_wr_en_i_1/O
                         net (fo=192, routed)         3.263    14.014    dtcore32_ID_stage_inst/EX_reg_wr_en_i_1_n_0
    SLICE_X2Y73          FDRE                                         r  dtcore32_ID_stage_inst/EX_pc_plus_4_reg[1]/R
  -------------------------------------------------------------------    -------------------

Slack:                    inf
  Source:                 dtcore32_EX_stage_inst/MEM_dest_reg_reg[9]/C
                            (rising edge-triggered cell FDRE)
  Destination:            dtcore32_ID_stage_inst/EX_pc_plus_4_reg[3]/R
  Path Group:             (none)
  Path Type:              Max at Slow Process Corner
  Data Path Delay:        14.014ns  (logic 1.315ns (9.384%)  route 12.699ns (90.616%))
  Logic Levels:           12  (CARRY4=3 FDRE=1 LUT3=2 LUT5=2 LUT6=4)

    Location             Delay type                Incr(ns)  Path(ns)    Netlist Resource(s)
  -------------------------------------------------------------------    -------------------
    SLICE_X9Y92          FDRE                         0.000     0.000 r  dtcore32_EX_stage_inst/MEM_dest_reg_reg[9]/C
    SLICE_X9Y92          FDRE (Prop_fdre_C_Q)         0.269     0.269 r  dtcore32_EX_stage_inst/MEM_dest_reg_reg[9]/Q
                         net (fo=3, routed)           0.839     1.108    dtcore32_EX_stage_inst/dtcore32_alu_inst/sum_carry_i_11[0]
    SLICE_X9Y93          LUT6 (Prop_lut6_I4_O)        0.053     1.161 f  dtcore32_EX_stage_inst/dtcore32_alu_inst/MEM_dmem_wr_data[31]_i_8/O
                         net (fo=3, routed)           0.560     1.720    dtcore32_ID_stage_inst/MEM_dmem_wr_data_reg[30]_0
    SLICE_X9Y91          LUT6 (Prop_lut6_I3_O)        0.053     1.773 r  dtcore32_ID_stage_inst/MEM_dmem_wr_data[31]_i_2/O
                         net (fo=32, routed)          2.302     4.075    dtcore32_ID_stage_inst/MEM_dmem_wr_data[31]_i_2_n_0
    SLICE_X13Y71         LUT6 (Prop_lut6_I0_O)        0.053     4.128 r  dtcore32_ID_stage_inst/MEM_dmem_wr_data[4]_i_1/O
                         net (fo=3, routed)           1.106     5.235    dtcore32_ID_stage_inst/EX_reg_data_2_reg[31]_0[4]
    SLICE_X0Y75          LUT3 (Prop_lut3_I2_O)        0.053     5.288 r  dtcore32_ID_stage_inst/i__carry__0_i_12/O
                         net (fo=114, routed)         2.112     7.399    dtcore32_ID_stage_inst/dtcore32_EX_stage_inst/EX_src_b[4]
    SLICE_X7Y72          LUT5 (Prop_lut5_I1_O)        0.053     7.452 r  dtcore32_ID_stage_inst/BranchCond0_carry_i_3/O
                         net (fo=1, routed)           0.000     7.452    dtcore32_EX_stage_inst/dtcore32_alu_inst/BranchCond0_carry__0_0[1]
    SLICE_X7Y72          CARRY4 (Prop_carry4_S[1]_CO[3])
                                                      0.324     7.776 r  dtcore32_EX_stage_inst/dtcore32_alu_inst/BranchCond0_carry/CO[3]
                         net (fo=1, routed)           0.000     7.776    dtcore32_EX_stage_inst/dtcore32_alu_inst/BranchCond0_carry_n_0
    SLICE_X7Y73          CARRY4 (Prop_carry4_CI_CO[3])
                                                      0.058     7.834 r  dtcore32_EX_stage_inst/dtcore32_alu_inst/BranchCond0_carry__0/CO[3]
                         net (fo=1, routed)           0.000     7.834    dtcore32_EX_stage_inst/dtcore32_alu_inst/BranchCond0_carry__0_n_0
    SLICE_X7Y74          CARRY4 (Prop_carry4_CI_CO[2])
                                                      0.132     7.966 r  dtcore32_EX_stage_inst/dtcore32_alu_inst/BranchCond0_carry__1/CO[2]
                         net (fo=2, routed)           0.731     8.697    dtcore32_ID_stage_inst/ID_instr[31]_i_3_0[0]
    SLICE_X5Y75          LUT6 (Prop_lut6_I0_O)        0.161     8.858 r  dtcore32_ID_stage_inst/ID_instr[31]_i_6/O
                         net (fo=1, routed)           0.562     9.420    dtcore32_ID_stage_inst/ID_instr[31]_i_6_n_0
    SLICE_X5Y76          LUT5 (Prop_lut5_I2_O)        0.053     9.473 r  dtcore32_ID_stage_inst/ID_instr[31]_i_3/O
                         net (fo=35, routed)          1.224    10.697    dtcore32_ID_stage_inst/EX_pc_src
    SLICE_X4Y89          LUT3 (Prop_lut3_I1_O)        0.053    10.750 r  dtcore32_ID_stage_inst/EX_reg_wr_en_i_1/O
                         net (fo=192, routed)         3.263    14.014    dtcore32_ID_stage_inst/EX_reg_wr_en_i_1_n_0
    SLICE_X2Y73          FDRE                                         r  dtcore32_ID_stage_inst/EX_pc_plus_4_reg[3]/R
  -------------------------------------------------------------------    -------------------

Slack:                    inf
  Source:                 dtcore32_EX_stage_inst/MEM_dest_reg_reg[9]/C
                            (rising edge-triggered cell FDRE)
  Destination:            dtcore32_ID_stage_inst/EX_pc_plus_4_reg[4]/R
  Path Group:             (none)
  Path Type:              Max at Slow Process Corner
  Data Path Delay:        14.014ns  (logic 1.315ns (9.384%)  route 12.699ns (90.616%))
  Logic Levels:           12  (CARRY4=3 FDRE=1 LUT3=2 LUT5=2 LUT6=4)

    Location             Delay type                Incr(ns)  Path(ns)    Netlist Resource(s)
  -------------------------------------------------------------------    -------------------
    SLICE_X9Y92          FDRE                         0.000     0.000 r  dtcore32_EX_stage_inst/MEM_dest_reg_reg[9]/C
    SLICE_X9Y92          FDRE (Prop_fdre_C_Q)         0.269     0.269 r  dtcore32_EX_stage_inst/MEM_dest_reg_reg[9]/Q
                         net (fo=3, routed)           0.839     1.108    dtcore32_EX_stage_inst/dtcore32_alu_inst/sum_carry_i_11[0]
    SLICE_X9Y93          LUT6 (Prop_lut6_I4_O)        0.053     1.161 f  dtcore32_EX_stage_inst/dtcore32_alu_inst/MEM_dmem_wr_data[31]_i_8/O
                         net (fo=3, routed)           0.560     1.720    dtcore32_ID_stage_inst/MEM_dmem_wr_data_reg[30]_0
    SLICE_X9Y91          LUT6 (Prop_lut6_I3_O)        0.053     1.773 r  dtcore32_ID_stage_inst/MEM_dmem_wr_data[31]_i_2/O
                         net (fo=32, routed)          2.302     4.075    dtcore32_ID_stage_inst/MEM_dmem_wr_data[31]_i_2_n_0
    SLICE_X13Y71         LUT6 (Prop_lut6_I0_O)        0.053     4.128 r  dtcore32_ID_stage_inst/MEM_dmem_wr_data[4]_i_1/O
                         net (fo=3, routed)           1.106     5.235    dtcore32_ID_stage_inst/EX_reg_data_2_reg[31]_0[4]
    SLICE_X0Y75          LUT3 (Prop_lut3_I2_O)        0.053     5.288 r  dtcore32_ID_stage_inst/i__carry__0_i_12/O
                         net (fo=114, routed)         2.112     7.399    dtcore32_ID_stage_inst/dtcore32_EX_stage_inst/EX_src_b[4]
    SLICE_X7Y72          LUT5 (Prop_lut5_I1_O)        0.053     7.452 r  dtcore32_ID_stage_inst/BranchCond0_carry_i_3/O
                         net (fo=1, routed)           0.000     7.452    dtcore32_EX_stage_inst/dtcore32_alu_inst/BranchCond0_carry__0_0[1]
    SLICE_X7Y72          CARRY4 (Prop_carry4_S[1]_CO[3])
                                                      0.324     7.776 r  dtcore32_EX_stage_inst/dtcore32_alu_inst/BranchCond0_carry/CO[3]
                         net (fo=1, routed)           0.000     7.776    dtcore32_EX_stage_inst/dtcore32_alu_inst/BranchCond0_carry_n_0
    SLICE_X7Y73          CARRY4 (Prop_carry4_CI_CO[3])
                                                      0.058     7.834 r  dtcore32_EX_stage_inst/dtcore32_alu_inst/BranchCond0_carry__0/CO[3]
                         net (fo=1, routed)           0.000     7.834    dtcore32_EX_stage_inst/dtcore32_alu_inst/BranchCond0_carry__0_n_0
    SLICE_X7Y74          CARRY4 (Prop_carry4_CI_CO[2])
                                                      0.132     7.966 r  dtcore32_EX_stage_inst/dtcore32_alu_inst/BranchCond0_carry__1/CO[2]
                         net (fo=2, routed)           0.731     8.697    dtcore32_ID_stage_inst/ID_instr[31]_i_3_0[0]
    SLICE_X5Y75          LUT6 (Prop_lut6_I0_O)        0.161     8.858 r  dtcore32_ID_stage_inst/ID_instr[31]_i_6/O
                         net (fo=1, routed)           0.562     9.420    dtcore32_ID_stage_inst/ID_instr[31]_i_6_n_0
    SLICE_X5Y76          LUT5 (Prop_lut5_I2_O)        0.053     9.473 r  dtcore32_ID_stage_inst/ID_instr[31]_i_3/O
                         net (fo=35, routed)          1.224    10.697    dtcore32_ID_stage_inst/EX_pc_src
    SLICE_X4Y89          LUT3 (Prop_lut3_I1_O)        0.053    10.750 r  dtcore32_ID_stage_inst/EX_reg_wr_en_i_1/O
                         net (fo=192, routed)         3.263    14.014    dtcore32_ID_stage_inst/EX_reg_wr_en_i_1_n_0
    SLICE_X2Y73          FDRE                                         r  dtcore32_ID_stage_inst/EX_pc_plus_4_reg[4]/R
  -------------------------------------------------------------------    -------------------

Slack:                    inf
  Source:                 dtcore32_EX_stage_inst/MEM_dest_reg_reg[9]/C
                            (rising edge-triggered cell FDRE)
  Destination:            dtcore32_ID_stage_inst/EX_pc_plus_4_reg[6]/R
  Path Group:             (none)
  Path Type:              Max at Slow Process Corner
  Data Path Delay:        14.014ns  (logic 1.315ns (9.384%)  route 12.699ns (90.616%))
  Logic Levels:           12  (CARRY4=3 FDRE=1 LUT3=2 LUT5=2 LUT6=4)

    Location             Delay type                Incr(ns)  Path(ns)    Netlist Resource(s)
  -------------------------------------------------------------------    -------------------
    SLICE_X9Y92          FDRE                         0.000     0.000 r  dtcore32_EX_stage_inst/MEM_dest_reg_reg[9]/C
    SLICE_X9Y92          FDRE (Prop_fdre_C_Q)         0.269     0.269 r  dtcore32_EX_stage_inst/MEM_dest_reg_reg[9]/Q
                         net (fo=3, routed)           0.839     1.108    dtcore32_EX_stage_inst/dtcore32_alu_inst/sum_carry_i_11[0]
    SLICE_X9Y93          LUT6 (Prop_lut6_I4_O)        0.053     1.161 f  dtcore32_EX_stage_inst/dtcore32_alu_inst/MEM_dmem_wr_data[31]_i_8/O
                         net (fo=3, routed)           0.560     1.720    dtcore32_ID_stage_inst/MEM_dmem_wr_data_reg[30]_0
    SLICE_X9Y91          LUT6 (Prop_lut6_I3_O)        0.053     1.773 r  dtcore32_ID_stage_inst/MEM_dmem_wr_data[31]_i_2/O
                         net (fo=32, routed)          2.302     4.075    dtcore32_ID_stage_inst/MEM_dmem_wr_data[31]_i_2_n_0
    SLICE_X13Y71         LUT6 (Prop_lut6_I0_O)        0.053     4.128 r  dtcore32_ID_stage_inst/MEM_dmem_wr_data[4]_i_1/O
                         net (fo=3, routed)           1.106     5.235    dtcore32_ID_stage_inst/EX_reg_data_2_reg[31]_0[4]
    SLICE_X0Y75          LUT3 (Prop_lut3_I2_O)        0.053     5.288 r  dtcore32_ID_stage_inst/i__carry__0_i_12/O
                         net (fo=114, routed)         2.112     7.399    dtcore32_ID_stage_inst/dtcore32_EX_stage_inst/EX_src_b[4]
    SLICE_X7Y72          LUT5 (Prop_lut5_I1_O)        0.053     7.452 r  dtcore32_ID_stage_inst/BranchCond0_carry_i_3/O
                         net (fo=1, routed)           0.000     7.452    dtcore32_EX_stage_inst/dtcore32_alu_inst/BranchCond0_carry__0_0[1]
    SLICE_X7Y72          CARRY4 (Prop_carry4_S[1]_CO[3])
                                                      0.324     7.776 r  dtcore32_EX_stage_inst/dtcore32_alu_inst/BranchCond0_carry/CO[3]
                         net (fo=1, routed)           0.000     7.776    dtcore32_EX_stage_inst/dtcore32_alu_inst/BranchCond0_carry_n_0
    SLICE_X7Y73          CARRY4 (Prop_carry4_CI_CO[3])
                                                      0.058     7.834 r  dtcore32_EX_stage_inst/dtcore32_alu_inst/BranchCond0_carry__0/CO[3]
                         net (fo=1, routed)           0.000     7.834    dtcore32_EX_stage_inst/dtcore32_alu_inst/BranchCond0_carry__0_n_0
    SLICE_X7Y74          CARRY4 (Prop_carry4_CI_CO[2])
                                                      0.132     7.966 r  dtcore32_EX_stage_inst/dtcore32_alu_inst/BranchCond0_carry__1/CO[2]
                         net (fo=2, routed)           0.731     8.697    dtcore32_ID_stage_inst/ID_instr[31]_i_3_0[0]
    SLICE_X5Y75          LUT6 (Prop_lut6_I0_O)        0.161     8.858 r  dtcore32_ID_stage_inst/ID_instr[31]_i_6/O
                         net (fo=1, routed)           0.562     9.420    dtcore32_ID_stage_inst/ID_instr[31]_i_6_n_0
    SLICE_X5Y76          LUT5 (Prop_lut5_I2_O)        0.053     9.473 r  dtcore32_ID_stage_inst/ID_instr[31]_i_3/O
                         net (fo=35, routed)          1.224    10.697    dtcore32_ID_stage_inst/EX_pc_src
    SLICE_X4Y89          LUT3 (Prop_lut3_I1_O)        0.053    10.750 r  dtcore32_ID_stage_inst/EX_reg_wr_en_i_1/O
                         net (fo=192, routed)         3.263    14.014    dtcore32_ID_stage_inst/EX_reg_wr_en_i_1_n_0
    SLICE_X2Y73          FDRE                                         r  dtcore32_ID_stage_inst/EX_pc_plus_4_reg[6]/R
  -------------------------------------------------------------------    -------------------

Slack:                    inf
  Source:                 dtcore32_EX_stage_inst/MEM_dest_reg_reg[9]/C
                            (rising edge-triggered cell FDRE)
  Destination:            dtcore32_ID_stage_inst/EX_pc_plus_4_reg[8]/R
  Path Group:             (none)
  Path Type:              Max at Slow Process Corner
  Data Path Delay:        14.014ns  (logic 1.315ns (9.384%)  route 12.699ns (90.616%))
  Logic Levels:           12  (CARRY4=3 FDRE=1 LUT3=2 LUT5=2 LUT6=4)

    Location             Delay type                Incr(ns)  Path(ns)    Netlist Resource(s)
  -------------------------------------------------------------------    -------------------
    SLICE_X9Y92          FDRE                         0.000     0.000 r  dtcore32_EX_stage_inst/MEM_dest_reg_reg[9]/C
    SLICE_X9Y92          FDRE (Prop_fdre_C_Q)         0.269     0.269 r  dtcore32_EX_stage_inst/MEM_dest_reg_reg[9]/Q
                         net (fo=3, routed)           0.839     1.108    dtcore32_EX_stage_inst/dtcore32_alu_inst/sum_carry_i_11[0]
    SLICE_X9Y93          LUT6 (Prop_lut6_I4_O)        0.053     1.161 f  dtcore32_EX_stage_inst/dtcore32_alu_inst/MEM_dmem_wr_data[31]_i_8/O
                         net (fo=3, routed)           0.560     1.720    dtcore32_ID_stage_inst/MEM_dmem_wr_data_reg[30]_0
    SLICE_X9Y91          LUT6 (Prop_lut6_I3_O)        0.053     1.773 r  dtcore32_ID_stage_inst/MEM_dmem_wr_data[31]_i_2/O
                         net (fo=32, routed)          2.302     4.075    dtcore32_ID_stage_inst/MEM_dmem_wr_data[31]_i_2_n_0
    SLICE_X13Y71         LUT6 (Prop_lut6_I0_O)        0.053     4.128 r  dtcore32_ID_stage_inst/MEM_dmem_wr_data[4]_i_1/O
                         net (fo=3, routed)           1.106     5.235    dtcore32_ID_stage_inst/EX_reg_data_2_reg[31]_0[4]
    SLICE_X0Y75          LUT3 (Prop_lut3_I2_O)        0.053     5.288 r  dtcore32_ID_stage_inst/i__carry__0_i_12/O
                         net (fo=114, routed)         2.112     7.399    dtcore32_ID_stage_inst/dtcore32_EX_stage_inst/EX_src_b[4]
    SLICE_X7Y72          LUT5 (Prop_lut5_I1_O)        0.053     7.452 r  dtcore32_ID_stage_inst/BranchCond0_carry_i_3/O
                         net (fo=1, routed)           0.000     7.452    dtcore32_EX_stage_inst/dtcore32_alu_inst/BranchCond0_carry__0_0[1]
    SLICE_X7Y72          CARRY4 (Prop_carry4_S[1]_CO[3])
                                                      0.324     7.776 r  dtcore32_EX_stage_inst/dtcore32_alu_inst/BranchCond0_carry/CO[3]
                         net (fo=1, routed)           0.000     7.776    dtcore32_EX_stage_inst/dtcore32_alu_inst/BranchCond0_carry_n_0
    SLICE_X7Y73          CARRY4 (Prop_carry4_CI_CO[3])
                                                      0.058     7.834 r  dtcore32_EX_stage_inst/dtcore32_alu_inst/BranchCond0_carry__0/CO[3]
                         net (fo=1, routed)           0.000     7.834    dtcore32_EX_stage_inst/dtcore32_alu_inst/BranchCond0_carry__0_n_0
    SLICE_X7Y74          CARRY4 (Prop_carry4_CI_CO[2])
                                                      0.132     7.966 r  dtcore32_EX_stage_inst/dtcore32_alu_inst/BranchCond0_carry__1/CO[2]
                         net (fo=2, routed)           0.731     8.697    dtcore32_ID_stage_inst/ID_instr[31]_i_3_0[0]
    SLICE_X5Y75          LUT6 (Prop_lut6_I0_O)        0.161     8.858 r  dtcore32_ID_stage_inst/ID_instr[31]_i_6/O
                         net (fo=1, routed)           0.562     9.420    dtcore32_ID_stage_inst/ID_instr[31]_i_6_n_0
    SLICE_X5Y76          LUT5 (Prop_lut5_I2_O)        0.053     9.473 r  dtcore32_ID_stage_inst/ID_instr[31]_i_3/O
                         net (fo=35, routed)          1.224    10.697    dtcore32_ID_stage_inst/EX_pc_src
    SLICE_X4Y89          LUT3 (Prop_lut3_I1_O)        0.053    10.750 r  dtcore32_ID_stage_inst/EX_reg_wr_en_i_1/O
                         net (fo=192, routed)         3.263    14.014    dtcore32_ID_stage_inst/EX_reg_wr_en_i_1_n_0
    SLICE_X3Y73          FDRE                                         r  dtcore32_ID_stage_inst/EX_pc_plus_4_reg[8]/R
  -------------------------------------------------------------------    -------------------

Slack:                    inf
  Source:                 dtcore32_EX_stage_inst/MEM_dest_reg_reg[9]/C
                            (rising edge-triggered cell FDRE)
  Destination:            dtcore32_ID_stage_inst/EX_pc_reg[1]/R
  Path Group:             (none)
  Path Type:              Max at Slow Process Corner
  Data Path Delay:        13.784ns  (logic 1.315ns (9.540%)  route 12.469ns (90.460%))
  Logic Levels:           12  (CARRY4=3 FDRE=1 LUT3=2 LUT5=2 LUT6=4)

    Location             Delay type                Incr(ns)  Path(ns)    Netlist Resource(s)
  -------------------------------------------------------------------    -------------------
    SLICE_X9Y92          FDRE                         0.000     0.000 r  dtcore32_EX_stage_inst/MEM_dest_reg_reg[9]/C
    SLICE_X9Y92          FDRE (Prop_fdre_C_Q)         0.269     0.269 r  dtcore32_EX_stage_inst/MEM_dest_reg_reg[9]/Q
                         net (fo=3, routed)           0.839     1.108    dtcore32_EX_stage_inst/dtcore32_alu_inst/sum_carry_i_11[0]
    SLICE_X9Y93          LUT6 (Prop_lut6_I4_O)        0.053     1.161 f  dtcore32_EX_stage_inst/dtcore32_alu_inst/MEM_dmem_wr_data[31]_i_8/O
                         net (fo=3, routed)           0.560     1.720    dtcore32_ID_stage_inst/MEM_dmem_wr_data_reg[30]_0
    SLICE_X9Y91          LUT6 (Prop_lut6_I3_O)        0.053     1.773 r  dtcore32_ID_stage_inst/MEM_dmem_wr_data[31]_i_2/O
                         net (fo=32, routed)          2.302     4.075    dtcore32_ID_stage_inst/MEM_dmem_wr_data[31]_i_2_n_0
    SLICE_X13Y71         LUT6 (Prop_lut6_I0_O)        0.053     4.128 r  dtcore32_ID_stage_inst/MEM_dmem_wr_data[4]_i_1/O
                         net (fo=3, routed)           1.106     5.235    dtcore32_ID_stage_inst/EX_reg_data_2_reg[31]_0[4]
    SLICE_X0Y75          LUT3 (Prop_lut3_I2_O)        0.053     5.288 r  dtcore32_ID_stage_inst/i__carry__0_i_12/O
                         net (fo=114, routed)         2.112     7.399    dtcore32_ID_stage_inst/dtcore32_EX_stage_inst/EX_src_b[4]
    SLICE_X7Y72          LUT5 (Prop_lut5_I1_O)        0.053     7.452 r  dtcore32_ID_stage_inst/BranchCond0_carry_i_3/O
                         net (fo=1, routed)           0.000     7.452    dtcore32_EX_stage_inst/dtcore32_alu_inst/BranchCond0_carry__0_0[1]
    SLICE_X7Y72          CARRY4 (Prop_carry4_S[1]_CO[3])
                                                      0.324     7.776 r  dtcore32_EX_stage_inst/dtcore32_alu_inst/BranchCond0_carry/CO[3]
                         net (fo=1, routed)           0.000     7.776    dtcore32_EX_stage_inst/dtcore32_alu_inst/BranchCond0_carry_n_0
    SLICE_X7Y73          CARRY4 (Prop_carry4_CI_CO[3])
                                                      0.058     7.834 r  dtcore32_EX_stage_inst/dtcore32_alu_inst/BranchCond0_carry__0/CO[3]
                         net (fo=1, routed)           0.000     7.834    dtcore32_EX_stage_inst/dtcore32_alu_inst/BranchCond0_carry__0_n_0
    SLICE_X7Y74          CARRY4 (Prop_carry4_CI_CO[2])
                                                      0.132     7.966 r  dtcore32_EX_stage_inst/dtcore32_alu_inst/BranchCond0_carry__1/CO[2]
                         net (fo=2, routed)           0.731     8.697    dtcore32_ID_stage_inst/ID_instr[31]_i_3_0[0]
    SLICE_X5Y75          LUT6 (Prop_lut6_I0_O)        0.161     8.858 r  dtcore32_ID_stage_inst/ID_instr[31]_i_6/O
                         net (fo=1, routed)           0.562     9.420    dtcore32_ID_stage_inst/ID_instr[31]_i_6_n_0
    SLICE_X5Y76          LUT5 (Prop_lut5_I2_O)        0.053     9.473 r  dtcore32_ID_stage_inst/ID_instr[31]_i_3/O
                         net (fo=35, routed)          1.224    10.697    dtcore32_ID_stage_inst/EX_pc_src
    SLICE_X4Y89          LUT3 (Prop_lut3_I1_O)        0.053    10.750 r  dtcore32_ID_stage_inst/EX_reg_wr_en_i_1/O
                         net (fo=192, routed)         3.033    13.784    dtcore32_ID_stage_inst/EX_reg_wr_en_i_1_n_0
    SLICE_X4Y76          FDRE                                         r  dtcore32_ID_stage_inst/EX_pc_reg[1]/R
  -------------------------------------------------------------------    -------------------

Slack:                    inf
  Source:                 dtcore32_EX_stage_inst/MEM_dest_reg_reg[9]/C
                            (rising edge-triggered cell FDRE)
  Destination:            dtcore32_ID_stage_inst/EX_pc_reg[3]/R
  Path Group:             (none)
  Path Type:              Max at Slow Process Corner
  Data Path Delay:        13.784ns  (logic 1.315ns (9.540%)  route 12.469ns (90.460%))
  Logic Levels:           12  (CARRY4=3 FDRE=1 LUT3=2 LUT5=2 LUT6=4)

    Location             Delay type                Incr(ns)  Path(ns)    Netlist Resource(s)
  -------------------------------------------------------------------    -------------------
    SLICE_X9Y92          FDRE                         0.000     0.000 r  dtcore32_EX_stage_inst/MEM_dest_reg_reg[9]/C
    SLICE_X9Y92          FDRE (Prop_fdre_C_Q)         0.269     0.269 r  dtcore32_EX_stage_inst/MEM_dest_reg_reg[9]/Q
                         net (fo=3, routed)           0.839     1.108    dtcore32_EX_stage_inst/dtcore32_alu_inst/sum_carry_i_11[0]
    SLICE_X9Y93          LUT6 (Prop_lut6_I4_O)        0.053     1.161 f  dtcore32_EX_stage_inst/dtcore32_alu_inst/MEM_dmem_wr_data[31]_i_8/O
                         net (fo=3, routed)           0.560     1.720    dtcore32_ID_stage_inst/MEM_dmem_wr_data_reg[30]_0
    SLICE_X9Y91          LUT6 (Prop_lut6_I3_O)        0.053     1.773 r  dtcore32_ID_stage_inst/MEM_dmem_wr_data[31]_i_2/O
                         net (fo=32, routed)          2.302     4.075    dtcore32_ID_stage_inst/MEM_dmem_wr_data[31]_i_2_n_0
    SLICE_X13Y71         LUT6 (Prop_lut6_I0_O)        0.053     4.128 r  dtcore32_ID_stage_inst/MEM_dmem_wr_data[4]_i_1/O
                         net (fo=3, routed)           1.106     5.235    dtcore32_ID_stage_inst/EX_reg_data_2_reg[31]_0[4]
    SLICE_X0Y75          LUT3 (Prop_lut3_I2_O)        0.053     5.288 r  dtcore32_ID_stage_inst/i__carry__0_i_12/O
                         net (fo=114, routed)         2.112     7.399    dtcore32_ID_stage_inst/dtcore32_EX_stage_inst/EX_src_b[4]
    SLICE_X7Y72          LUT5 (Prop_lut5_I1_O)        0.053     7.452 r  dtcore32_ID_stage_inst/BranchCond0_carry_i_3/O
                         net (fo=1, routed)           0.000     7.452    dtcore32_EX_stage_inst/dtcore32_alu_inst/BranchCond0_carry__0_0[1]
    SLICE_X7Y72          CARRY4 (Prop_carry4_S[1]_CO[3])
                                                      0.324     7.776 r  dtcore32_EX_stage_inst/dtcore32_alu_inst/BranchCond0_carry/CO[3]
                         net (fo=1, routed)           0.000     7.776    dtcore32_EX_stage_inst/dtcore32_alu_inst/BranchCond0_carry_n_0
    SLICE_X7Y73          CARRY4 (Prop_carry4_CI_CO[3])
                                                      0.058     7.834 r  dtcore32_EX_stage_inst/dtcore32_alu_inst/BranchCond0_carry__0/CO[3]
                         net (fo=1, routed)           0.000     7.834    dtcore32_EX_stage_inst/dtcore32_alu_inst/BranchCond0_carry__0_n_0
    SLICE_X7Y74          CARRY4 (Prop_carry4_CI_CO[2])
                                                      0.132     7.966 r  dtcore32_EX_stage_inst/dtcore32_alu_inst/BranchCond0_carry__1/CO[2]
                         net (fo=2, routed)           0.731     8.697    dtcore32_ID_stage_inst/ID_instr[31]_i_3_0[0]
    SLICE_X5Y75          LUT6 (Prop_lut6_I0_O)        0.161     8.858 r  dtcore32_ID_stage_inst/ID_instr[31]_i_6/O
                         net (fo=1, routed)           0.562     9.420    dtcore32_ID_stage_inst/ID_instr[31]_i_6_n_0
    SLICE_X5Y76          LUT5 (Prop_lut5_I2_O)        0.053     9.473 r  dtcore32_ID_stage_inst/ID_instr[31]_i_3/O
                         net (fo=35, routed)          1.224    10.697    dtcore32_ID_stage_inst/EX_pc_src
    SLICE_X4Y89          LUT3 (Prop_lut3_I1_O)        0.053    10.750 r  dtcore32_ID_stage_inst/EX_reg_wr_en_i_1/O
                         net (fo=192, routed)         3.033    13.784    dtcore32_ID_stage_inst/EX_reg_wr_en_i_1_n_0
    SLICE_X4Y76          FDRE                                         r  dtcore32_ID_stage_inst/EX_pc_reg[3]/R
  -------------------------------------------------------------------    -------------------

Slack:                    inf
  Source:                 dtcore32_EX_stage_inst/MEM_dest_reg_reg[9]/C
                            (rising edge-triggered cell FDRE)
  Destination:            dtcore32_ID_stage_inst/EX_pc_reg[5]/R
  Path Group:             (none)
  Path Type:              Max at Slow Process Corner
  Data Path Delay:        13.784ns  (logic 1.315ns (9.540%)  route 12.469ns (90.460%))
  Logic Levels:           12  (CARRY4=3 FDRE=1 LUT3=2 LUT5=2 LUT6=4)

    Location             Delay type                Incr(ns)  Path(ns)    Netlist Resource(s)
  -------------------------------------------------------------------    -------------------
    SLICE_X9Y92          FDRE                         0.000     0.000 r  dtcore32_EX_stage_inst/MEM_dest_reg_reg[9]/C
    SLICE_X9Y92          FDRE (Prop_fdre_C_Q)         0.269     0.269 r  dtcore32_EX_stage_inst/MEM_dest_reg_reg[9]/Q
                         net (fo=3, routed)           0.839     1.108    dtcore32_EX_stage_inst/dtcore32_alu_inst/sum_carry_i_11[0]
    SLICE_X9Y93          LUT6 (Prop_lut6_I4_O)        0.053     1.161 f  dtcore32_EX_stage_inst/dtcore32_alu_inst/MEM_dmem_wr_data[31]_i_8/O
                         net (fo=3, routed)           0.560     1.720    dtcore32_ID_stage_inst/MEM_dmem_wr_data_reg[30]_0
    SLICE_X9Y91          LUT6 (Prop_lut6_I3_O)        0.053     1.773 r  dtcore32_ID_stage_inst/MEM_dmem_wr_data[31]_i_2/O
                         net (fo=32, routed)          2.302     4.075    dtcore32_ID_stage_inst/MEM_dmem_wr_data[31]_i_2_n_0
    SLICE_X13Y71         LUT6 (Prop_lut6_I0_O)        0.053     4.128 r  dtcore32_ID_stage_inst/MEM_dmem_wr_data[4]_i_1/O
                         net (fo=3, routed)           1.106     5.235    dtcore32_ID_stage_inst/EX_reg_data_2_reg[31]_0[4]
    SLICE_X0Y75          LUT3 (Prop_lut3_I2_O)        0.053     5.288 r  dtcore32_ID_stage_inst/i__carry__0_i_12/O
                         net (fo=114, routed)         2.112     7.399    dtcore32_ID_stage_inst/dtcore32_EX_stage_inst/EX_src_b[4]
    SLICE_X7Y72          LUT5 (Prop_lut5_I1_O)        0.053     7.452 r  dtcore32_ID_stage_inst/BranchCond0_carry_i_3/O
                         net (fo=1, routed)           0.000     7.452    dtcore32_EX_stage_inst/dtcore32_alu_inst/BranchCond0_carry__0_0[1]
    SLICE_X7Y72          CARRY4 (Prop_carry4_S[1]_CO[3])
                                                      0.324     7.776 r  dtcore32_EX_stage_inst/dtcore32_alu_inst/BranchCond0_carry/CO[3]
                         net (fo=1, routed)           0.000     7.776    dtcore32_EX_stage_inst/dtcore32_alu_inst/BranchCond0_carry_n_0
    SLICE_X7Y73          CARRY4 (Prop_carry4_CI_CO[3])
                                                      0.058     7.834 r  dtcore32_EX_stage_inst/dtcore32_alu_inst/BranchCond0_carry__0/CO[3]
                         net (fo=1, routed)           0.000     7.834    dtcore32_EX_stage_inst/dtcore32_alu_inst/BranchCond0_carry__0_n_0
    SLICE_X7Y74          CARRY4 (Prop_carry4_CI_CO[2])
                                                      0.132     7.966 r  dtcore32_EX_stage_inst/dtcore32_alu_inst/BranchCond0_carry__1/CO[2]
                         net (fo=2, routed)           0.731     8.697    dtcore32_ID_stage_inst/ID_instr[31]_i_3_0[0]
    SLICE_X5Y75          LUT6 (Prop_lut6_I0_O)        0.161     8.858 r  dtcore32_ID_stage_inst/ID_instr[31]_i_6/O
                         net (fo=1, routed)           0.562     9.420    dtcore32_ID_stage_inst/ID_instr[31]_i_6_n_0
    SLICE_X5Y76          LUT5 (Prop_lut5_I2_O)        0.053     9.473 r  dtcore32_ID_stage_inst/ID_instr[31]_i_3/O
                         net (fo=35, routed)          1.224    10.697    dtcore32_ID_stage_inst/EX_pc_src
    SLICE_X4Y89          LUT3 (Prop_lut3_I1_O)        0.053    10.750 r  dtcore32_ID_stage_inst/EX_reg_wr_en_i_1/O
                         net (fo=192, routed)         3.033    13.784    dtcore32_ID_stage_inst/EX_reg_wr_en_i_1_n_0
    SLICE_X4Y76          FDRE                                         r  dtcore32_ID_stage_inst/EX_pc_reg[5]/R
  -------------------------------------------------------------------    -------------------





Min Delay Paths
--------------------------------------------------------------------------------------
Slack:                    inf
  Source:                 dtcore32_IF_stage_inst/ID_pc_reg[6]/C
                            (rising edge-triggered cell FDRE)
  Destination:            dtcore32_ID_stage_inst/EX_pc_reg[6]/D
  Path Group:             (none)
  Path Type:              Min at Fast Process Corner
  Data Path Delay:        0.147ns  (logic 0.091ns (61.749%)  route 0.056ns (38.251%))
  Logic Levels:           1  (FDRE=1)

    Location             Delay type                Incr(ns)  Path(ns)    Netlist Resource(s)
  -------------------------------------------------------------------    -------------------
    SLICE_X1Y77          FDRE                         0.000     0.000 r  dtcore32_IF_stage_inst/ID_pc_reg[6]/C
    SLICE_X1Y77          FDRE (Prop_fdre_C_Q)         0.091     0.091 r  dtcore32_IF_stage_inst/ID_pc_reg[6]/Q
                         net (fo=1, routed)           0.056     0.147    dtcore32_ID_stage_inst/ID_pc[6]
    SLICE_X0Y77          FDRE                                         r  dtcore32_ID_stage_inst/EX_pc_reg[6]/D
  -------------------------------------------------------------------    -------------------

Slack:                    inf
  Source:                 dtcore32_IF_stage_inst/ID_pc_reg[9]/C
                            (rising edge-triggered cell FDRE)
  Destination:            dtcore32_ID_stage_inst/EX_pc_reg[9]/D
  Path Group:             (none)
  Path Type:              Min at Fast Process Corner
  Data Path Delay:        0.147ns  (logic 0.091ns (61.749%)  route 0.056ns (38.251%))
  Logic Levels:           1  (FDRE=1)

    Location             Delay type                Incr(ns)  Path(ns)    Netlist Resource(s)
  -------------------------------------------------------------------    -------------------
    SLICE_X5Y76          FDRE                         0.000     0.000 r  dtcore32_IF_stage_inst/ID_pc_reg[9]/C
    SLICE_X5Y76          FDRE (Prop_fdre_C_Q)         0.091     0.091 r  dtcore32_IF_stage_inst/ID_pc_reg[9]/Q
                         net (fo=1, routed)           0.056     0.147    dtcore32_ID_stage_inst/ID_pc[9]
    SLICE_X4Y76          FDRE                                         r  dtcore32_ID_stage_inst/EX_pc_reg[9]/D
  -------------------------------------------------------------------    -------------------

Slack:                    inf
  Source:                 dtcore32_IF_stage_inst/ID_pc_reg[7]/C
                            (rising edge-triggered cell FDRE)
  Destination:            dtcore32_ID_stage_inst/EX_pc_reg[7]/D
  Path Group:             (none)
  Path Type:              Min at Fast Process Corner
  Data Path Delay:        0.149ns  (logic 0.091ns (61.098%)  route 0.058ns (38.902%))
  Logic Levels:           1  (FDRE=1)

    Location             Delay type                Incr(ns)  Path(ns)    Netlist Resource(s)
  -------------------------------------------------------------------    -------------------
    SLICE_X1Y77          FDRE                         0.000     0.000 r  dtcore32_IF_stage_inst/ID_pc_reg[7]/C
    SLICE_X1Y77          FDRE (Prop_fdre_C_Q)         0.091     0.091 r  dtcore32_IF_stage_inst/ID_pc_reg[7]/Q
                         net (fo=1, routed)           0.058     0.149    dtcore32_ID_stage_inst/ID_pc[7]
    SLICE_X0Y77          FDRE                                         r  dtcore32_ID_stage_inst/EX_pc_reg[7]/D
  -------------------------------------------------------------------    -------------------

Slack:                    inf
  Source:                 dtcore32_EX_stage_inst/MEM_pc_plus_4_reg[16]/C
                            (rising edge-triggered cell FDRE)
  Destination:            dtcore32_MEM_stage_inst/WB_pc_plus_4_reg[16]/D
  Path Group:             (none)
  Path Type:              Min at Fast Process Corner
  Data Path Delay:        0.155ns  (logic 0.100ns (64.432%)  route 0.055ns (35.568%))
  Logic Levels:           1  (FDRE=1)

    Location             Delay type                Incr(ns)  Path(ns)    Netlist Resource(s)
  -------------------------------------------------------------------    -------------------
    SLICE_X5Y78          FDRE                         0.000     0.000 r  dtcore32_EX_stage_inst/MEM_pc_plus_4_reg[16]/C
    SLICE_X5Y78          FDRE (Prop_fdre_C_Q)         0.100     0.100 r  dtcore32_EX_stage_inst/MEM_pc_plus_4_reg[16]/Q
                         net (fo=1, routed)           0.055     0.155    dtcore32_MEM_stage_inst/WB_pc_plus_4_reg[31]_1[16]
    SLICE_X5Y78          FDRE                                         r  dtcore32_MEM_stage_inst/WB_pc_plus_4_reg[16]/D
  -------------------------------------------------------------------    -------------------

Slack:                    inf
  Source:                 dtcore32_EX_stage_inst/MEM_pc_plus_4_reg[22]/C
                            (rising edge-triggered cell FDRE)
  Destination:            dtcore32_MEM_stage_inst/WB_pc_plus_4_reg[22]/D
  Path Group:             (none)
  Path Type:              Min at Fast Process Corner
  Data Path Delay:        0.155ns  (logic 0.100ns (64.432%)  route 0.055ns (35.568%))
  Logic Levels:           1  (FDRE=1)

    Location             Delay type                Incr(ns)  Path(ns)    Netlist Resource(s)
  -------------------------------------------------------------------    -------------------
    SLICE_X5Y78          FDRE                         0.000     0.000 r  dtcore32_EX_stage_inst/MEM_pc_plus_4_reg[22]/C
    SLICE_X5Y78          FDRE (Prop_fdre_C_Q)         0.100     0.100 r  dtcore32_EX_stage_inst/MEM_pc_plus_4_reg[22]/Q
                         net (fo=1, routed)           0.055     0.155    dtcore32_MEM_stage_inst/WB_pc_plus_4_reg[31]_1[22]
    SLICE_X5Y78          FDRE                                         r  dtcore32_MEM_stage_inst/WB_pc_plus_4_reg[22]/D
  -------------------------------------------------------------------    -------------------

Slack:                    inf
  Source:                 dtcore32_EX_stage_inst/MEM_pc_plus_4_reg[30]/C
                            (rising edge-triggered cell FDRE)
  Destination:            dtcore32_MEM_stage_inst/WB_pc_plus_4_reg[30]/D
  Path Group:             (none)
  Path Type:              Min at Fast Process Corner
  Data Path Delay:        0.155ns  (logic 0.100ns (64.432%)  route 0.055ns (35.568%))
  Logic Levels:           1  (FDRE=1)

    Location             Delay type                Incr(ns)  Path(ns)    Netlist Resource(s)
  -------------------------------------------------------------------    -------------------
    SLICE_X3Y84          FDRE                         0.000     0.000 r  dtcore32_EX_stage_inst/MEM_pc_plus_4_reg[30]/C
    SLICE_X3Y84          FDRE (Prop_fdre_C_Q)         0.100     0.100 r  dtcore32_EX_stage_inst/MEM_pc_plus_4_reg[30]/Q
                         net (fo=1, routed)           0.055     0.155    dtcore32_MEM_stage_inst/WB_pc_plus_4_reg[31]_1[30]
    SLICE_X3Y84          FDRE                                         r  dtcore32_MEM_stage_inst/WB_pc_plus_4_reg[30]/D
  -------------------------------------------------------------------    -------------------

Slack:                    inf
  Source:                 dtcore32_EX_stage_inst/MEM_pc_plus_4_reg[25]/C
                            (rising edge-triggered cell FDRE)
  Destination:            dtcore32_MEM_stage_inst/WB_pc_plus_4_reg[25]/D
  Path Group:             (none)
  Path Type:              Min at Fast Process Corner
  Data Path Delay:        0.161ns  (logic 0.100ns (62.180%)  route 0.061ns (37.820%))
  Logic Levels:           1  (FDRE=1)

    Location             Delay type                Incr(ns)  Path(ns)    Netlist Resource(s)
  -------------------------------------------------------------------    -------------------
    SLICE_X4Y84          FDRE                         0.000     0.000 r  dtcore32_EX_stage_inst/MEM_pc_plus_4_reg[25]/C
    SLICE_X4Y84          FDRE (Prop_fdre_C_Q)         0.100     0.100 r  dtcore32_EX_stage_inst/MEM_pc_plus_4_reg[25]/Q
                         net (fo=1, routed)           0.061     0.161    dtcore32_MEM_stage_inst/WB_pc_plus_4_reg[31]_1[25]
    SLICE_X4Y84          FDRE                                         r  dtcore32_MEM_stage_inst/WB_pc_plus_4_reg[25]/D
  -------------------------------------------------------------------    -------------------

Slack:                    inf
  Source:                 dtcore32_EX_stage_inst/MEM_pc_plus_4_reg[15]/C
                            (rising edge-triggered cell FDRE)
  Destination:            dtcore32_MEM_stage_inst/WB_pc_plus_4_reg[15]/D
  Path Group:             (none)
  Path Type:              Min at Fast Process Corner
  Data Path Delay:        0.173ns  (logic 0.118ns (68.129%)  route 0.055ns (31.871%))
  Logic Levels:           1  (FDRE=1)

    Location             Delay type                Incr(ns)  Path(ns)    Netlist Resource(s)
  -------------------------------------------------------------------    -------------------
    SLICE_X6Y78          FDRE                         0.000     0.000 r  dtcore32_EX_stage_inst/MEM_pc_plus_4_reg[15]/C
    SLICE_X6Y78          FDRE (Prop_fdre_C_Q)         0.118     0.118 r  dtcore32_EX_stage_inst/MEM_pc_plus_4_reg[15]/Q
                         net (fo=1, routed)           0.055     0.173    dtcore32_MEM_stage_inst/WB_pc_plus_4_reg[31]_1[15]
    SLICE_X6Y78          FDRE                                         r  dtcore32_MEM_stage_inst/WB_pc_plus_4_reg[15]/D
  -------------------------------------------------------------------    -------------------

Slack:                    inf
  Source:                 dtcore32_EX_stage_inst/MEM_pc_plus_4_reg[21]/C
                            (rising edge-triggered cell FDRE)
  Destination:            dtcore32_MEM_stage_inst/WB_pc_plus_4_reg[21]/D
  Path Group:             (none)
  Path Type:              Min at Fast Process Corner
  Data Path Delay:        0.173ns  (logic 0.118ns (68.129%)  route 0.055ns (31.871%))
  Logic Levels:           1  (FDRE=1)

    Location             Delay type                Incr(ns)  Path(ns)    Netlist Resource(s)
  -------------------------------------------------------------------    -------------------
    SLICE_X6Y78          FDRE                         0.000     0.000 r  dtcore32_EX_stage_inst/MEM_pc_plus_4_reg[21]/C
    SLICE_X6Y78          FDRE (Prop_fdre_C_Q)         0.118     0.118 r  dtcore32_EX_stage_inst/MEM_pc_plus_4_reg[21]/Q
                         net (fo=1, routed)           0.055     0.173    dtcore32_MEM_stage_inst/WB_pc_plus_4_reg[31]_1[21]
    SLICE_X6Y78          FDRE                                         r  dtcore32_MEM_stage_inst/WB_pc_plus_4_reg[21]/D
  -------------------------------------------------------------------    -------------------

Slack:                    inf
  Source:                 dtcore32_ID_stage_inst/EX_pc_plus_4_reg[28]/C
                            (rising edge-triggered cell FDRE)
  Destination:            dtcore32_EX_stage_inst/MEM_pc_plus_4_reg[28]/D
  Path Group:             (none)
  Path Type:              Min at Fast Process Corner
  Data Path Delay:        0.193ns  (logic 0.091ns (47.249%)  route 0.102ns (52.751%))
  Logic Levels:           1  (FDRE=1)

    Location             Delay type                Incr(ns)  Path(ns)    Netlist Resource(s)
  -------------------------------------------------------------------    -------------------
    SLICE_X1Y84          FDRE                         0.000     0.000 r  dtcore32_ID_stage_inst/EX_pc_plus_4_reg[28]/C
    SLICE_X1Y84          FDRE (Prop_fdre_C_Q)         0.091     0.091 r  dtcore32_ID_stage_inst/EX_pc_plus_4_reg[28]/Q
                         net (fo=1, routed)           0.102     0.193    dtcore32_EX_stage_inst/MEM_pc_plus_4_reg[31]_1[28]
    SLICE_X0Y84          FDRE                                         r  dtcore32_EX_stage_inst/MEM_pc_plus_4_reg[28]/D
  -------------------------------------------------------------------    -------------------





