
*** Running vivado
    with args -log dtcore32_top.vds -m64 -product Vivado -mode batch -messageDb vivado.pb -notrace -source dtcore32_top.tcl


****** Vivado v2024.2 (64-bit)
  **** SW Build 5239630 on Fri Nov 08 22:34:34 MST 2024
  **** IP Build 5239520 on Sun Nov 10 16:12:51 MST 2024
  **** SharedData Build 5239561 on Fri Nov 08 14:39:27 MST 2024
  **** Start of session at: Wed Jan  8 13:23:28 2025
    ** Copyright 1986-2022 Xilinx, Inc. All Rights Reserved.
    ** Copyright 2022-2024 Advanced Micro Devices, Inc. All Rights Reserved.

source dtcore32_top.tcl -notrace
Command: read_checkpoint -auto_incremental -incremental /home/david/Documents/work/dtcore32/vivado/dtcore32.srcs/utils_1/imports/synth_1/dtcore32_top.dcp
INFO: [Vivado 12-5825] Read reference checkpoint from /home/david/Documents/work/dtcore32/vivado/dtcore32.srcs/utils_1/imports/synth_1/dtcore32_top.dcp for incremental synthesis
INFO: [Vivado 12-7989] Please ensure there are no constraint changes
Command: synth_design -top dtcore32_top -part xc7a35ticsg324-1L
Starting synth_design
Attempting to get a license for feature 'Synthesis' and/or device 'xc7a35ti'
INFO: [Common 17-349] Got license for feature 'Synthesis' and/or device 'xc7a35ti'
INFO: [Device 21-403] Loading part xc7a35ticsg324-1L
INFO: [Designutils 20-5440] No compile time benefit to using incremental synthesis; A full resynthesis will be run
INFO: [Designutils 20-4379] Flow is switching to default flow due to incremental criteria not met. If you would like to alter this behaviour and have the flow terminate instead, please set the following parameter config_implementation {autoIncr.Synth.RejectBehavior Terminate}
INFO: [Synth 8-7079] Multithreading enabled for synth_design using a maximum of 7 processes.
INFO: [Synth 8-7078] Launching helper process for spawning children vivado processes
INFO: [Synth 8-7075] Helper process launched with PID 4541
---------------------------------------------------------------------------------
Starting RTL Elaboration : Time (s): cpu = 00:00:02 ; elapsed = 00:00:02 . Memory (MB): peak = 2094.477 ; gain = 429.770 ; free physical = 8245 ; free virtual = 19633
---------------------------------------------------------------------------------
INFO: [Synth 8-6157] synthesizing module 'dtcore32_top' [/home/david/Documents/work/dtcore32/src/dtcore32_top.sv:1]
INFO: [Synth 8-6157] synthesizing module 'dtcore32_IF_stage' [/home/david/Documents/work/dtcore32/src/dtcore32_IF_stage.sv:1]
INFO: [Synth 8-6155] done synthesizing module 'dtcore32_IF_stage' (0#1) [/home/david/Documents/work/dtcore32/src/dtcore32_IF_stage.sv:1]
INFO: [Synth 8-6157] synthesizing module 'dtcore32_ID_stage' [/home/david/Documents/work/dtcore32/src/dtcore32_ID_stage.sv:1]
INFO: [Synth 8-6157] synthesizing module 'dtcore32_controller' [/home/david/Documents/work/dtcore32/src/dtcore32_controller.sv:1]
INFO: [Synth 8-226] default block is never used [/home/david/Documents/work/dtcore32/src/dtcore32_controller.sv:84]
INFO: [Synth 8-226] default block is never used [/home/david/Documents/work/dtcore32/src/dtcore32_controller.sv:147]
INFO: [Synth 8-6155] done synthesizing module 'dtcore32_controller' (0#1) [/home/david/Documents/work/dtcore32/src/dtcore32_controller.sv:1]
INFO: [Synth 8-6157] synthesizing module 'dtcore32_regfile' [/home/david/Documents/work/dtcore32/src/dtcore32_regfile.sv:1]
INFO: [Synth 8-6155] done synthesizing module 'dtcore32_regfile' (0#1) [/home/david/Documents/work/dtcore32/src/dtcore32_regfile.sv:1]
INFO: [Synth 8-6155] done synthesizing module 'dtcore32_ID_stage' (0#1) [/home/david/Documents/work/dtcore32/src/dtcore32_ID_stage.sv:1]
INFO: [Synth 8-6157] synthesizing module 'dtcore32_EX_stage' [/home/david/Documents/work/dtcore32/src/dtcore32_EX_stage.sv:1]
INFO: [Synth 8-6157] synthesizing module 'dtcore32_alu' [/home/david/Documents/work/dtcore32/src/dtcore32_alu.sv:1]
	Parameter WIDTH bound to: 32 - type: integer 
INFO: [Synth 8-6155] done synthesizing module 'dtcore32_alu' (0#1) [/home/david/Documents/work/dtcore32/src/dtcore32_alu.sv:1]
INFO: [Synth 8-6155] done synthesizing module 'dtcore32_EX_stage' (0#1) [/home/david/Documents/work/dtcore32/src/dtcore32_EX_stage.sv:1]
INFO: [Synth 8-6157] synthesizing module 'dtcore32_MEM_stage' [/home/david/Documents/work/dtcore32/src/dtcore32_MEM_stage.sv:1]
INFO: [Synth 8-6155] done synthesizing module 'dtcore32_MEM_stage' (0#1) [/home/david/Documents/work/dtcore32/src/dtcore32_MEM_stage.sv:1]
INFO: [Synth 8-6157] synthesizing module 'dtcore32_WB_stage' [/home/david/Documents/work/dtcore32/src/dtcore32_WB_stage.sv:1]
INFO: [Synth 8-6155] done synthesizing module 'dtcore32_WB_stage' (0#1) [/home/david/Documents/work/dtcore32/src/dtcore32_WB_stage.sv:1]
INFO: [Synth 8-6157] synthesizing module 'dtcore32_hazunit' [/home/david/Documents/work/dtcore32/src/dtcore32_hazunit.sv:1]
INFO: [Synth 8-6155] done synthesizing module 'dtcore32_hazunit' (0#1) [/home/david/Documents/work/dtcore32/src/dtcore32_hazunit.sv:1]
INFO: [Synth 8-6155] done synthesizing module 'dtcore32_top' (0#1) [/home/david/Documents/work/dtcore32/src/dtcore32_top.sv:1]
---------------------------------------------------------------------------------
Finished RTL Elaboration : Time (s): cpu = 00:00:03 ; elapsed = 00:00:03 . Memory (MB): peak = 2171.414 ; gain = 506.707 ; free physical = 8157 ; free virtual = 19548
---------------------------------------------------------------------------------
---------------------------------------------------------------------------------
Start Handling Custom Attributes
---------------------------------------------------------------------------------
---------------------------------------------------------------------------------
Finished Handling Custom Attributes : Time (s): cpu = 00:00:03 ; elapsed = 00:00:03 . Memory (MB): peak = 2189.227 ; gain = 524.520 ; free physical = 8157 ; free virtual = 19548
---------------------------------------------------------------------------------
---------------------------------------------------------------------------------
Finished RTL Optimization Phase 1 : Time (s): cpu = 00:00:03 ; elapsed = 00:00:03 . Memory (MB): peak = 2189.227 ; gain = 524.520 ; free physical = 8157 ; free virtual = 19548
---------------------------------------------------------------------------------
Netlist sorting complete. Time (s): cpu = 00:00:00.02 ; elapsed = 00:00:00.01 . Memory (MB): peak = 2189.227 ; gain = 0.000 ; free physical = 8157 ; free virtual = 19548
INFO: [Project 1-570] Preparing netlist for logic optimization

Processing XDC Constraints
Initializing timing engine
Parsing XDC File [/home/david/Documents/work/dtcore32/vivado/dtcore32.srcs/constrs_1/new/constraints.xdc]
Finished Parsing XDC File [/home/david/Documents/work/dtcore32/vivado/dtcore32.srcs/constrs_1/new/constraints.xdc]
INFO: [Project 1-236] Implementation specific constraints were found while reading constraint file [/home/david/Documents/work/dtcore32/vivado/dtcore32.srcs/constrs_1/new/constraints.xdc]. These constraints will be ignored for synthesis but will be used in implementation. Impacted constraints are listed in the file [.Xil/dtcore32_top_propImpl.xdc].
Resolution: To avoid this warning, move constraints listed in [.Xil/dtcore32_top_propImpl.xdc] to another XDC file and exclude this new file from synthesis with the used_in_synthesis property (File Properties dialog in GUI) and re-run elaboration/synthesis.
Completed Processing XDC Constraints

Netlist sorting complete. Time (s): cpu = 00:00:00 ; elapsed = 00:00:00 . Memory (MB): peak = 2341.977 ; gain = 0.000 ; free physical = 8149 ; free virtual = 19555
INFO: [Project 1-111] Unisim Transformation Summary:
No Unisim elements were transformed.

Constraint Validation Runtime : Time (s): cpu = 00:00:00 ; elapsed = 00:00:00 . Memory (MB): peak = 2341.977 ; gain = 0.000 ; free physical = 8149 ; free virtual = 19555
INFO: [Designutils 20-5440] No compile time benefit to using incremental synthesis; A full resynthesis will be run
INFO: [Designutils 20-4379] Flow is switching to default flow due to incremental criteria not met. If you would like to alter this behaviour and have the flow terminate instead, please set the following parameter config_implementation {autoIncr.Synth.RejectBehavior Terminate}
---------------------------------------------------------------------------------
Finished Constraint Validation : Time (s): cpu = 00:00:07 ; elapsed = 00:00:07 . Memory (MB): peak = 2341.977 ; gain = 677.270 ; free physical = 8164 ; free virtual = 19570
---------------------------------------------------------------------------------
---------------------------------------------------------------------------------
Start Loading Part and Timing Information
---------------------------------------------------------------------------------
Loading part: xc7a35ticsg324-1L
---------------------------------------------------------------------------------
Finished Loading Part and Timing Information : Time (s): cpu = 00:00:07 ; elapsed = 00:00:07 . Memory (MB): peak = 2349.980 ; gain = 685.273 ; free physical = 8164 ; free virtual = 19570
---------------------------------------------------------------------------------
---------------------------------------------------------------------------------
Start Applying 'set_property' XDC Constraints
---------------------------------------------------------------------------------
---------------------------------------------------------------------------------
Finished applying 'set_property' XDC Constraints : Time (s): cpu = 00:00:07 ; elapsed = 00:00:07 . Memory (MB): peak = 2349.980 ; gain = 685.273 ; free physical = 8164 ; free virtual = 19570
---------------------------------------------------------------------------------
---------------------------------------------------------------------------------
Finished RTL Optimization Phase 2 : Time (s): cpu = 00:00:07 ; elapsed = 00:00:07 . Memory (MB): peak = 2349.980 ; gain = 685.273 ; free physical = 8178 ; free virtual = 19585
---------------------------------------------------------------------------------
---------------------------------------------------------------------------------
Start RTL Component Statistics 
---------------------------------------------------------------------------------
Detailed RTL Component Info : 
+---Adders : 
	   2 Input   32 Bit       Adders := 3     
	   3 Input   32 Bit       Adders := 1     
+---XORs : 
	   2 Input     32 Bit         XORs := 1     
+---Registers : 
	               32 Bit    Registers := 47    
	                5 Bit    Registers := 5     
	                4 Bit    Registers := 1     
	                3 Bit    Registers := 2     
	                2 Bit    Registers := 6     
	                1 Bit    Registers := 8     
+---Muxes : 
	   2 Input   32 Bit        Muxes := 14    
	   4 Input   32 Bit        Muxes := 1     
	   6 Input   19 Bit        Muxes := 1     
	   2 Input   19 Bit        Muxes := 1     
	   2 Input   16 Bit        Muxes := 2     
	   4 Input   16 Bit        Muxes := 1     
	   4 Input    8 Bit        Muxes := 1     
	   2 Input    4 Bit        Muxes := 1     
	   2 Input    2 Bit        Muxes := 2     
	   9 Input    1 Bit        Muxes := 1     
	   6 Input    1 Bit        Muxes := 1     
	   2 Input    1 Bit        Muxes := 34    
	   4 Input    1 Bit        Muxes := 1     
---------------------------------------------------------------------------------
Finished RTL Component Statistics 
---------------------------------------------------------------------------------
---------------------------------------------------------------------------------
Start Part Resource Summary
---------------------------------------------------------------------------------
Part Resources:
DSPs: 90 (col length:60)
BRAMs: 100 (col length: RAMB18 60 RAMB36 30)
---------------------------------------------------------------------------------
Finished Part Resource Summary
---------------------------------------------------------------------------------
---------------------------------------------------------------------------------
Start Cross Boundary and Area Optimization
---------------------------------------------------------------------------------
WARNING: [Synth 8-7080] Parallel synthesis criteria is not met
---------------------------------------------------------------------------------
Finished Cross Boundary and Area Optimization : Time (s): cpu = 00:00:12 ; elapsed = 00:00:12 . Memory (MB): peak = 2349.980 ; gain = 685.273 ; free physical = 8161 ; free virtual = 19574
---------------------------------------------------------------------------------
---------------------------------------------------------------------------------
Start Applying XDC Timing Constraints
---------------------------------------------------------------------------------
---------------------------------------------------------------------------------
Finished Applying XDC Timing Constraints : Time (s): cpu = 00:00:15 ; elapsed = 00:00:15 . Memory (MB): peak = 2366.980 ; gain = 702.273 ; free physical = 8125 ; free virtual = 19544
---------------------------------------------------------------------------------
---------------------------------------------------------------------------------
Start Timing Optimization
---------------------------------------------------------------------------------
---------------------------------------------------------------------------------
Finished Timing Optimization : Time (s): cpu = 00:00:19 ; elapsed = 00:00:20 . Memory (MB): peak = 2506.535 ; gain = 841.828 ; free physical = 8010 ; free virtual = 19430
---------------------------------------------------------------------------------
---------------------------------------------------------------------------------
Start Technology Mapping
---------------------------------------------------------------------------------
---------------------------------------------------------------------------------
Finished Technology Mapping : Time (s): cpu = 00:00:20 ; elapsed = 00:00:20 . Memory (MB): peak = 2506.535 ; gain = 841.828 ; free physical = 8018 ; free virtual = 19438
---------------------------------------------------------------------------------
---------------------------------------------------------------------------------
Start IO Insertion
---------------------------------------------------------------------------------
---------------------------------------------------------------------------------
Start Flattening Before IO Insertion
---------------------------------------------------------------------------------
---------------------------------------------------------------------------------
Finished Flattening Before IO Insertion
---------------------------------------------------------------------------------
---------------------------------------------------------------------------------
Start Final Netlist Cleanup
---------------------------------------------------------------------------------
---------------------------------------------------------------------------------
Finished Final Netlist Cleanup
---------------------------------------------------------------------------------
---------------------------------------------------------------------------------
Finished IO Insertion : Time (s): cpu = 00:00:22 ; elapsed = 00:00:22 . Memory (MB): peak = 2607.316 ; gain = 942.609 ; free physical = 7954 ; free virtual = 19374
---------------------------------------------------------------------------------
---------------------------------------------------------------------------------
Start Renaming Generated Instances
---------------------------------------------------------------------------------
---------------------------------------------------------------------------------
Finished Renaming Generated Instances : Time (s): cpu = 00:00:22 ; elapsed = 00:00:22 . Memory (MB): peak = 2607.316 ; gain = 942.609 ; free physical = 7954 ; free virtual = 19374
---------------------------------------------------------------------------------
---------------------------------------------------------------------------------
Start Rebuilding User Hierarchy
---------------------------------------------------------------------------------
---------------------------------------------------------------------------------
Finished Rebuilding User Hierarchy : Time (s): cpu = 00:00:22 ; elapsed = 00:00:22 . Memory (MB): peak = 2607.316 ; gain = 942.609 ; free physical = 7957 ; free virtual = 19377
---------------------------------------------------------------------------------
---------------------------------------------------------------------------------
Start Renaming Generated Ports
---------------------------------------------------------------------------------
---------------------------------------------------------------------------------
Finished Renaming Generated Ports : Time (s): cpu = 00:00:22 ; elapsed = 00:00:22 . Memory (MB): peak = 2607.316 ; gain = 942.609 ; free physical = 7957 ; free virtual = 19377
---------------------------------------------------------------------------------
---------------------------------------------------------------------------------
Start Handling Custom Attributes
---------------------------------------------------------------------------------
---------------------------------------------------------------------------------
Finished Handling Custom Attributes : Time (s): cpu = 00:00:22 ; elapsed = 00:00:22 . Memory (MB): peak = 2607.316 ; gain = 942.609 ; free physical = 7957 ; free virtual = 19377
---------------------------------------------------------------------------------
---------------------------------------------------------------------------------
Start Renaming Generated Nets
---------------------------------------------------------------------------------
---------------------------------------------------------------------------------
Finished Renaming Generated Nets : Time (s): cpu = 00:00:22 ; elapsed = 00:00:22 . Memory (MB): peak = 2607.316 ; gain = 942.609 ; free physical = 7957 ; free virtual = 19377
---------------------------------------------------------------------------------
---------------------------------------------------------------------------------
Start Writing Synthesis Report
---------------------------------------------------------------------------------

Report BlackBoxes: 
+-+--------------+----------+
| |BlackBox name |Instances |
+-+--------------+----------+
+-+--------------+----------+

Report Cell Usage: 
+------+-------+------+
|      |Cell   |Count |
+------+-------+------+
|1     |BUFG   |     1|
|2     |CARRY4 |    47|
|3     |LUT1   |     5|
|4     |LUT2   |    49|
|5     |LUT3   |    77|
|6     |LUT4   |   206|
|7     |LUT5   |   132|
|8     |LUT6   |  1028|
|9     |MUXF7  |   256|
|10    |MUXF8  |    64|
|11    |FDRE   |  1552|
|12    |FDSE   |     4|
|13    |IBUF   |    66|
|14    |OBUF   |    99|
+------+-------+------+
---------------------------------------------------------------------------------
Finished Writing Synthesis Report : Time (s): cpu = 00:00:22 ; elapsed = 00:00:22 . Memory (MB): peak = 2607.316 ; gain = 942.609 ; free physical = 7957 ; free virtual = 19377
---------------------------------------------------------------------------------
Synthesis finished with 0 errors, 0 critical warnings and 1 warnings.
Synthesis Optimization Runtime : Time (s): cpu = 00:00:21 ; elapsed = 00:00:21 . Memory (MB): peak = 2607.316 ; gain = 789.859 ; free physical = 7965 ; free virtual = 19386
Synthesis Optimization Complete : Time (s): cpu = 00:00:22 ; elapsed = 00:00:22 . Memory (MB): peak = 2607.324 ; gain = 942.609 ; free physical = 7965 ; free virtual = 19386
INFO: [Project 1-571] Translating synthesized netlist
Netlist sorting complete. Time (s): cpu = 00:00:00.02 ; elapsed = 00:00:00.02 . Memory (MB): peak = 2607.324 ; gain = 0.000 ; free physical = 8125 ; free virtual = 19546
INFO: [Netlist 29-17] Analyzing 367 Unisim elements for replacement
INFO: [Netlist 29-28] Unisim Transformation completed in 0 CPU seconds
INFO: [Project 1-570] Preparing netlist for logic optimization
INFO: [Opt 31-138] Pushed 0 inverter(s) to 0 load pin(s).
Netlist sorting complete. Time (s): cpu = 00:00:00 ; elapsed = 00:00:00 . Memory (MB): peak = 2663.344 ; gain = 0.000 ; free physical = 8110 ; free virtual = 19538
INFO: [Project 1-111] Unisim Transformation Summary:
No Unisim elements were transformed.

Synth Design complete | Checksum: 4774fc26
INFO: [Common 17-83] Releasing license: Synthesis
43 Infos, 1 Warnings, 0 Critical Warnings and 0 Errors encountered.
synth_design completed successfully
synth_design: Time (s): cpu = 00:00:26 ; elapsed = 00:00:25 . Memory (MB): peak = 2663.344 ; gain = 1002.605 ; free physical = 8110 ; free virtual = 19538
INFO: [Common 17-2834] synth_design peak Physical Memory [PSS] (MB): overall = 1748.694; main = 1615.159; forked = 269.193
INFO: [Common 17-2834] synth_design peak Virtual Memory [VSS] (MB): overall = 4071.375; main = 2663.348; forked = 1564.836
Write ShapeDB Complete: Time (s): cpu = 00:00:00 ; elapsed = 00:00:00 . Memory (MB): peak = 2687.355 ; gain = 0.000 ; free physical = 8110 ; free virtual = 19538
INFO: [Common 17-1381] The checkpoint '/home/david/Documents/work/dtcore32/vivado/dtcore32.runs/synth_1/dtcore32_top.dcp' has been generated.
INFO: [Vivado 12-24828] Executing command : report_utilization -file dtcore32_top_utilization_synth.rpt -pb dtcore32_top_utilization_synth.pb
INFO: [Common 17-206] Exiting Vivado at Wed Jan  8 13:23:56 2025...
