
 /----------------------------------------------------------------------------\
 |  yosys -- Yosys Open SYnthesis Suite -- YosysHQ Edition [202507090559]     |
 |  Copyright (C) 2012 - 2025 YosysHQ GmbH                                    |
 |  For support, please contact support@yosyshq.com                           |
 \----------------------------------------------------------------------------/
 Yosys 0.55 (git sha1 60f126cd0, clang++ 18.1.8 -fPIC -O3)

-- Executing script file `design_smt2.ys' --

1. Executing RTLIL frontend.
Input filename: design_prep.il

2. Executing HIERARCHY pass (managing design hierarchy).
Attribute `top' found on module `cpu_wb_imem_master'. Setting top module to cpu_wb_imem_master.

2.1. Analyzing design hierarchy..
Top module:  \cpu_wb_imem_master

2.2. Analyzing design hierarchy..
Top module:  \cpu_wb_imem_master
Removed 0 unused modules.
Module cpu_wb_imem_master directly or indirectly contains formal properties -> setting "keep" attribute.

3. Executing FORMALFF pass.

4. Executing DFFUNMAP pass (unmap clock enable and synchronous reset from FFs).

5. Printing statistics.

=== cpu_wb_imem_master ===

   Number of wires:                 23
   Number of wire bits:            147
   Number of public wires:           9
   Number of public wire bits:     133
   Number of ports:                  9
   Number of port bits:            133
   Number of memories:               0
   Number of memory bits:            0
   Number of processes:              0
   Number of cells:                 20
     $anyinit                        3
     $assert                         2
     $assume                         1
     $eq                             2
     $ff                             6
     $mux                            1
     $not                            5

6. Executing SMT2 backend.

6.1. Executing BMUXMAP pass.

6.2. Executing DEMUXMAP pass.
Creating SMT-LIBv2 representation of module cpu_wb_imem_master.

End of script. Logfile hash: 79b6b691de, CPU: user 0.00s system 0.01s, MEM: 26.40 MB peak
Yosys 0.55 (git sha1 60f126cd0, clang++ 18.1.8 -fPIC -O3)
Time spent: 63% 2x write_smt2 (0 sec), 20% 2x read_rtlil (0 sec), ...
