#! /usr/bin/vvp
:ivl_version "12.0 (stable)";
:ivl_delay_selection "TYPICAL";
:vpi_time_precision + 0;
:vpi_module "/usr/lib/x86_64-linux-gnu/ivl/system.vpi";
:vpi_module "/usr/lib/x86_64-linux-gnu/ivl/vhdl_sys.vpi";
:vpi_module "/usr/lib/x86_64-linux-gnu/ivl/vhdl_textio.vpi";
:vpi_module "/usr/lib/x86_64-linux-gnu/ivl/v2005_math.vpi";
:vpi_module "/usr/lib/x86_64-linux-gnu/ivl/va_math.vpi";
S_0x5855cac62490 .scope module, "rom" "rom" 2 27;
 .timescale 0 0;
    .port_info 0 /INPUT 1 "clk_i";
    .port_info 1 /INPUT 8 "insn_addr_i";
    .port_info 2 /INPUT 8 "mem_addr_i";
    .port_info 3 /INPUT 1 "mem_en_i";
    .port_info 4 /OUTPUT 32 "insn_rdata_o";
    .port_info 5 /OUTPUT 32 "mem_rdata_o";
P_0x5855cac62620 .param/l "MEM_DEPTH" 0 2 28, +C4<00000000000000000000000100000000>;
v0x5855cac62780 .array "MEM", 0 255, 31 0;
o0x78e8e48b7018 .functor BUFZ 1, C4<z>; HiZ drive
v0x5855cac62840_0 .net "clk_i", 0 0, o0x78e8e48b7018;  0 drivers
o0x78e8e48b7048 .functor BUFZ 8, C4<zzzzzzzz>; HiZ drive
v0x5855cacacf90_0 .net "insn_addr_i", 9 2, o0x78e8e48b7048;  0 drivers
v0x5855cacad0a0_0 .var "insn_rdata_o", 31 0;
o0x78e8e48b70a8 .functor BUFZ 8, C4<zzzzzzzz>; HiZ drive
v0x5855cacad180_0 .net "mem_addr_i", 9 2, o0x78e8e48b70a8;  0 drivers
o0x78e8e48b70d8 .functor BUFZ 1, C4<z>; HiZ drive
v0x5855cacad2b0_0 .net "mem_en_i", 0 0, o0x78e8e48b70d8;  0 drivers
v0x5855cacad370_0 .var "mem_rdata_o", 31 0;
E_0x5855cac9c500 .event posedge, v0x5855cac62840_0;
    .scope S_0x5855cac62490;
T_0 ;
    %vpi_call 2 42 "$readmemh", "hello_world.mem", v0x5855cac62780 {0 0 0};
    %end;
    .thread T_0;
    .scope S_0x5855cac62490;
T_1 ;
    %wait E_0x5855cac9c500;
    %load/vec4 v0x5855cacacf90_0;
    %pad/u 10;
    %ix/vec4 4;
    %load/vec4a v0x5855cac62780, 4;
    %assign/vec4 v0x5855cacad0a0_0, 0;
    %load/vec4 v0x5855cacad2b0_0;
    %flag_set/vec4 8;
    %jmp/0xz  T_1.0, 8;
    %load/vec4 v0x5855cacad180_0;
    %pad/u 10;
    %ix/vec4 4;
    %load/vec4a v0x5855cac62780, 4;
    %assign/vec4 v0x5855cacad370_0, 0;
T_1.0 ;
    %jmp T_1;
    .thread T_1;
# The file index is used to find the file name in the following table.
:file_names 3;
    "N/A";
    "<interactive>";
    "/home/dtorres/Documents/work/riscv-formal/cores/dtcore32/src/soc/rom.v";
