
 /----------------------------------------------------------------------------\
 |  yosys -- Yosys Open SYnthesis Suite -- YosysHQ Edition [202507090559]     |
 |  Copyright (C) 2012 - 2025 YosysHQ GmbH                                    |
 |  For support, please contact support@yosyshq.com                           |
 \----------------------------------------------------------------------------/
 Yosys 0.55 (git sha1 60f126cd0, clang++ 18.1.8 -fPIC -O3)

-- Executing script file `design_smt2.ys' --

1. Executing RTLIL frontend.
Input filename: design_prep.il

2. Executing HIERARCHY pass (managing design hierarchy).
Attribute `top' found on module `cpu_wb_dmem_master'. Setting top module to cpu_wb_dmem_master.

2.1. Analyzing design hierarchy..
Top module:  \cpu_wb_dmem_master

2.2. Analyzing design hierarchy..
Top module:  \cpu_wb_dmem_master
Removed 0 unused modules.
Module cpu_wb_dmem_master directly or indirectly contains formal properties -> setting "keep" attribute.

3. Executing FORMALFF pass.

4. Executing DFFUNMAP pass (unmap clock enable and synchronous reset from FFs).

5. Printing statistics.

=== cpu_wb_dmem_master ===

   Number of wires:                 65
   Number of wire bits:            517
   Number of public wires:          23
   Number of public wire bits:     280
   Number of ports:                 18
   Number of port bits:            210
   Number of memories:               0
   Number of memory bits:            0
   Number of processes:              0
   Number of cells:                 52
     $and                            2
     $anyinit                        7
     $assume                         3
     $eq                             1
     $ff                             3
     $initstate                      1
     $mux                           27
     $not                            7
     $or                             1

6. Executing SMT2 backend.

6.1. Executing BMUXMAP pass.

6.2. Executing DEMUXMAP pass.
Creating SMT-LIBv2 representation of module cpu_wb_dmem_master.

End of script. Logfile hash: 059c559270, CPU: user 0.01s system 0.01s, MEM: 26.57 MB peak
Yosys 0.55 (git sha1 60f126cd0, clang++ 18.1.8 -fPIC -O3)
Time spent: 66% 2x write_smt2 (0 sec), 22% 2x read_rtlil (0 sec), ...
