#-----------------------------------------------------------
# Vivado v2024.2 (64-bit)
# SW Build 5239630 on Fri Nov 08 22:34:34 MST 2024
# IP Build 5239520 on Sun Nov 10 16:12:51 MST 2024
# SharedData Build 5239561 on Fri Nov 08 14:39:27 MST 2024
# Start of session at: Thu Jan 16 11:36:04 2025
# Process ID         : 185033
# Current directory  : /home/david/Documents/work/dtcore32/vivado
# Command line       : vivado
# Log file           : /home/david/Documents/work/dtcore32/vivado/vivado.log
# Journal file       : /home/david/Documents/work/dtcore32/vivado/vivado.jou
# Running On         : david-MS-7D46
# Platform           : Ubuntu
# Operating System   : Ubuntu 24.04.1 LTS
# Processor Detail   : 12th Gen Intel(R) Core(TM) i5-12400F
# CPU Frequency      : 4000.000 MHz
# CPU Physical cores : 6
# CPU Logical cores  : 12
# Host memory        : 16620 MB
# Swap memory        : 4294 MB
# Total Virtual      : 20915 MB
# Available Virtual  : 14088 MB
#-----------------------------------------------------------
start_gui
open_project /home/david/Documents/work/dtcore32/vivado/riscv/riscv.xpr
INFO: [filemgmt 56-3] Default IP Output Path : Could not find the directory '/home/david/Documents/work/dtcore32/vivado/riscv/riscv.gen/sources_1'.
Scanning sources...
Finished scanning sources
INFO: [IP_Flow 19-234] Refreshing IP repositories
INFO: [IP_Flow 19-1704] No user IP repositories specified
INFO: [IP_Flow 19-2313] Loaded Vivado IP repository '/opt/Xilinx/Vivado/2024.2/data/ip'.
update_compile_order -fileset sources_1
launch_runs impl_1 -jobs 6
[Thu Jan 16 11:36:21 2025] Launched synth_1...
Run output will be captured here: /home/david/Documents/work/dtcore32/vivado/riscv/riscv.runs/synth_1/runme.log
[Thu Jan 16 11:36:21 2025] Launched impl_1...
Run output will be captured here: /home/david/Documents/work/dtcore32/vivado/riscv/riscv.runs/impl_1/runme.log
open_run impl_1
INFO: [Device 21-403] Loading part xc7k70tfbv676-1
Netlist sorting complete. Time (s): cpu = 00:00:00.01 ; elapsed = 00:00:00.01 . Memory (MB): peak = 7990.680 ; gain = 0.000 ; free physical = 2208 ; free virtual = 12681
INFO: [Netlist 29-17] Analyzing 375 Unisim elements for replacement
INFO: [Netlist 29-28] Unisim Transformation completed in 0 CPU seconds
INFO: [Project 1-479] Netlist was created with Vivado 2024.2
INFO: [Project 1-570] Preparing netlist for logic optimization
Read ShapeDB Complete: Time (s): cpu = 00:00:00.01 ; elapsed = 00:00:00 . Memory (MB): peak = 7990.680 ; gain = 0.000 ; free physical = 2106 ; free virtual = 12579
INFO: [Designutils 20-5722] Start Reading Physical Databases.
Reading placement.
Read Netlist Cache: Time (s): cpu = 00:00:00 ; elapsed = 00:00:00 . Memory (MB): peak = 7990.680 ; gain = 0.000 ; free physical = 2106 ; free virtual = 12579
Reading placer database...
Read Device Cache: Time (s): cpu = 00:00:00 ; elapsed = 00:00:00.01 . Memory (MB): peak = 7990.680 ; gain = 0.000 ; free physical = 2106 ; free virtual = 12579
Read PlaceDB: Time (s): cpu = 00:00:00.07 ; elapsed = 00:00:00.06 . Memory (MB): peak = 7990.680 ; gain = 0.000 ; free physical = 2097 ; free virtual = 12570
Read PulsedLatchDB: Time (s): cpu = 00:00:00 ; elapsed = 00:00:00 . Memory (MB): peak = 7990.680 ; gain = 0.000 ; free physical = 2097 ; free virtual = 12570
Reading routing.
Read RouteStorage: Time (s): cpu = 00:00:00.04 ; elapsed = 00:00:00.01 . Memory (MB): peak = 7990.680 ; gain = 0.000 ; free physical = 2097 ; free virtual = 12570
Read Physdb Files: Time (s): cpu = 00:00:00.12 ; elapsed = 00:00:00.09 . Memory (MB): peak = 7990.680 ; gain = 0.000 ; free physical = 2097 ; free virtual = 12570
Restored from archive | CPU: 0.120000 secs | Memory: 4.001785 MB |
Finished XDEF File Restore: Time (s): cpu = 00:00:00.12 ; elapsed = 00:00:00.09 . Memory (MB): peak = 7990.680 ; gain = 0.000 ; free physical = 2097 ; free virtual = 12570
Netlist sorting complete. Time (s): cpu = 00:00:00.01 ; elapsed = 00:00:00 . Memory (MB): peak = 8339.129 ; gain = 0.000 ; free physical = 1725 ; free virtual = 12198
INFO: [Project 1-111] Unisim Transformation Summary:
No Unisim elements were transformed.

open_run: Time (s): cpu = 00:00:09 ; elapsed = 00:00:06 . Memory (MB): peak = 8635.891 ; gain = 645.211 ; free physical = 1450 ; free virtual = 11927
WARNING: [Timing 38-313] There are no user specified timing constraints. Timing constraints are needed for proper timing analysis.
exit
INFO: [Common 17-206] Exiting Vivado at Thu Jan 16 11:38:30 2025...
