#-----------------------------------------------------------
# Vivado v2024.2 (64-bit)
# SW Build 5239630 on Fri Nov 08 22:34:34 MST 2024
# IP Build 5239520 on Sun Nov 10 16:12:51 MST 2024
# SharedData Build 5239561 on Fri Nov 08 14:39:27 MST 2024
# Start of session at: Mon Jan  6 14:05:19 2025
# Process ID         : 243818
# Current directory  : /home/david/Documents/work/dtcore32/vivado
# Command line       : vivado
# Log file           : /home/david/Documents/work/dtcore32/vivado/vivado.log
# Journal file       : /home/david/Documents/work/dtcore32/vivado/vivado.jou
# Running On         : localhost-live.lan
# Platform           : unknown
# Operating System   : unknown
# Processor Detail   : 12th Gen Intel(R) Core(TM) i5-12400F
# CPU Frequency      : 4000.000 MHz
# CPU Physical cores : 6
# CPU Logical cores  : 12
# Host memory        : 16611 MB
# Swap memory        : 8589 MB
# Total Virtual      : 25201 MB
# Available Virtual  : 16830 MB
#-----------------------------------------------------------
start_gui
create_project dtcore32 . -part xc7k70tfbv676-1
INFO: [IP_Flow 19-234] Refreshing IP repositories
INFO: [IP_Flow 19-1704] No user IP repositories specified
INFO: [IP_Flow 19-2313] Loaded Vivado IP repository '/opt/Xilinx/Vivado/2024.2/data/ip'.
add_files {/home/david/Documents/work/dtcore32/src/dtcore32_alu.sv /home/david/Documents/work/dtcore32/src/dtcore32_top.sv /home/david/Documents/work/dtcore32/src/dtcore32_IF_stage.sv /home/david/Documents/work/dtcore32/src/dtcore32_MEM_stage.sv /home/david/Documents/work/dtcore32/src/dtcore32_hazunit.sv /home/david/Documents/work/dtcore32/src/dtcore32_EX_stage.sv /home/david/Documents/work/dtcore32/src/dtcore32_controller.sv /home/david/Documents/work/dtcore32/src/dtcore32_regfile.sv /home/david/Documents/work/dtcore32/src/dtcore32_WB_stage.sv /home/david/Documents/work/dtcore32/src/dtcore32_ID_stage.sv}
add_files -fileset sim_1 {/home/david/Documents/work/dtcore32/sim/testbench.sv /home/david/Documents/work/dtcore32/sim/top_tb.sv}
update_compile_order -fileset sources_1
update_compile_order -fileset sources_1
update_compile_order -fileset sim_1
WARNING: [filemgmt 56-199] Attempt to get parsing info during refresh. "On-the-fly" syntax checking information may be incorrect. [/home/david/Documents/work/dtcore32/src/dtcore32_EX_stage.sv:]
WARNING: [filemgmt 56-199] Attempt to get parsing info during refresh. "On-the-fly" syntax checking information may be incorrect. [/home/david/Documents/work/dtcore32/src/dtcore32_ID_stage.sv:]
WARNING: [filemgmt 56-199] Attempt to get parsing info during refresh. "On-the-fly" syntax checking information may be incorrect. [/home/david/Documents/work/dtcore32/src/dtcore32_ID_stage.sv:]
WARNING: [filemgmt 56-199] Attempt to get parsing info during refresh. "On-the-fly" syntax checking information may be incorrect. [/home/david/Documents/work/dtcore32/src/dtcore32_ID_stage.sv:]
update_compile_order -fileset sources_1
WARNING: [filemgmt 56-199] Attempt to get parsing info during refresh. "On-the-fly" syntax checking information may be incorrect. [/home/david/Documents/work/dtcore32/src/dtcore32_EX_stage.sv:]
WARNING: [filemgmt 56-199] Attempt to get parsing info during refresh. "On-the-fly" syntax checking information may be incorrect. [/home/david/Documents/work/dtcore32/src/dtcore32_ID_stage.sv:]
WARNING: [filemgmt 56-199] Attempt to get parsing info during refresh. "On-the-fly" syntax checking information may be incorrect. [/home/david/Documents/work/dtcore32/src/dtcore32_ID_stage.sv:]
WARNING: [filemgmt 56-199] Attempt to get parsing info during refresh. "On-the-fly" syntax checking information may be incorrect. [/home/david/Documents/work/dtcore32/src/dtcore32_ID_stage.sv:]
WARNING: [filemgmt 56-199] Attempt to get parsing info during refresh. "On-the-fly" syntax checking information may be incorrect. [/home/david/Documents/work/dtcore32/src/dtcore32_EX_stage.sv:]
WARNING: [filemgmt 56-199] Attempt to get parsing info during refresh. "On-the-fly" syntax checking information may be incorrect. [/home/david/Documents/work/dtcore32/sim/testbench.sv:]
WARNING: [filemgmt 56-199] Attempt to get parsing info during refresh. "On-the-fly" syntax checking information may be incorrect. [/home/david/Documents/work/dtcore32/src/dtcore32_ID_stage.sv:]
WARNING: [filemgmt 56-199] Attempt to get parsing info during refresh. "On-the-fly" syntax checking information may be incorrect. [/home/david/Documents/work/dtcore32/src/dtcore32_ID_stage.sv:]
WARNING: [filemgmt 56-199] Attempt to get parsing info during refresh. "On-the-fly" syntax checking information may be incorrect. [/home/david/Documents/work/dtcore32/src/dtcore32_ID_stage.sv:]
WARNING: [filemgmt 56-199] Attempt to get parsing info during refresh. "On-the-fly" syntax checking information may be incorrect. [/home/david/Documents/work/dtcore32/src/dtcore32_EX_stage.sv:]
WARNING: [filemgmt 56-199] Attempt to get parsing info during refresh. "On-the-fly" syntax checking information may be incorrect. [/home/david/Documents/work/dtcore32/sim/testbench.sv:]
WARNING: [filemgmt 56-199] Attempt to get parsing info during refresh. "On-the-fly" syntax checking information may be incorrect. [/home/david/Documents/work/dtcore32/src/dtcore32_ID_stage.sv:]
WARNING: [filemgmt 56-199] Attempt to get parsing info during refresh. "On-the-fly" syntax checking information may be incorrect. [/home/david/Documents/work/dtcore32/sim/testbench.sv:]
WARNING: [filemgmt 56-199] Attempt to get parsing info during refresh. "On-the-fly" syntax checking information may be incorrect. [/home/david/Documents/work/dtcore32/sim/testbench.sv:]
remove_files  -fileset sim_1 /home/david/Documents/work/dtcore32/sim/top_tb.sv
launch_simulation
Command: launch_simulation 
INFO: [Vivado 12-12493] Simulation top is 'testbench'
INFO: [Vivado 12-5682] Launching behavioral simulation in '/home/david/Documents/work/dtcore32/vivado/dtcore32.sim/sim_1/behav/xsim'
INFO: [SIM-utils-51] Simulation object is 'sim_1'
INFO: [SIM-utils-72] Using boost library from '/opt/Xilinx/Vivado/2024.2/tps/boost_1_72_0'
INFO: [SIM-utils-54] Inspecting design source files for 'testbench' in fileset 'sim_1'...
INFO: [USF-XSim-97] Finding global include files...
INFO: [USF-XSim-98] Fetching design files from 'sim_1'...
INFO: [USF-XSim-2] XSim::Compile design
INFO: [USF-XSim-61] Executing 'COMPILE and ANALYZE' step in '/home/david/Documents/work/dtcore32/vivado/dtcore32.sim/sim_1/behav/xsim'
xvlog --incr --relax -L uvm -prj testbench_vlog.prj
INFO: [VRFC 10-2263] Analyzing SystemVerilog file "/home/david/Documents/work/dtcore32/src/dtcore32_EX_stage.sv" into library xil_defaultlib
INFO: [VRFC 10-311] analyzing module dtcore32_EX_stage
INFO: [VRFC 10-2263] Analyzing SystemVerilog file "/home/david/Documents/work/dtcore32/src/dtcore32_ID_stage.sv" into library xil_defaultlib
INFO: [VRFC 10-311] analyzing module dtcore32_ID_stage
INFO: [VRFC 10-2263] Analyzing SystemVerilog file "/home/david/Documents/work/dtcore32/src/dtcore32_IF_stage.sv" into library xil_defaultlib
INFO: [VRFC 10-311] analyzing module dtcore32_IF_stage
INFO: [VRFC 10-2263] Analyzing SystemVerilog file "/home/david/Documents/work/dtcore32/src/dtcore32_MEM_stage.sv" into library xil_defaultlib
INFO: [VRFC 10-311] analyzing module dtcore32_MEM_stage
INFO: [VRFC 10-2263] Analyzing SystemVerilog file "/home/david/Documents/work/dtcore32/src/dtcore32_WB_stage.sv" into library xil_defaultlib
INFO: [VRFC 10-311] analyzing module dtcore32_WB_stage
INFO: [VRFC 10-2263] Analyzing SystemVerilog file "/home/david/Documents/work/dtcore32/src/dtcore32_alu.sv" into library xil_defaultlib
INFO: [VRFC 10-311] analyzing module dtcore32_alu
INFO: [VRFC 10-2263] Analyzing SystemVerilog file "/home/david/Documents/work/dtcore32/src/dtcore32_controller.sv" into library xil_defaultlib
INFO: [VRFC 10-311] analyzing module dtcore32_controller
INFO: [VRFC 10-2263] Analyzing SystemVerilog file "/home/david/Documents/work/dtcore32/src/dtcore32_hazunit.sv" into library xil_defaultlib
INFO: [VRFC 10-311] analyzing module dtcore32_hazunit
INFO: [VRFC 10-2263] Analyzing SystemVerilog file "/home/david/Documents/work/dtcore32/src/dtcore32_regfile.sv" into library xil_defaultlib
INFO: [VRFC 10-311] analyzing module dtcore32_regfile
INFO: [VRFC 10-2263] Analyzing SystemVerilog file "/home/david/Documents/work/dtcore32/src/dtcore32_top.sv" into library xil_defaultlib
INFO: [VRFC 10-311] analyzing module dtcore32_top
INFO: [VRFC 10-2263] Analyzing SystemVerilog file "/home/david/Documents/work/dtcore32/sim/testbench.sv" into library xil_defaultlib
INFO: [VRFC 10-311] analyzing module testbench
INFO: [VRFC 10-2263] Analyzing Verilog file "/home/david/Documents/work/dtcore32/vivado/dtcore32.sim/sim_1/behav/xsim/glbl.v" into library xil_defaultlib
INFO: [VRFC 10-311] analyzing module glbl
Waiting for jobs to finish...
No pending jobs, compilation finished.
INFO: [USF-XSim-69] 'compile' step finished in '1' seconds
INFO: [USF-XSim-3] XSim::Elaborate design
INFO: [USF-XSim-61] Executing 'ELABORATE' step in '/home/david/Documents/work/dtcore32/vivado/dtcore32.sim/sim_1/behav/xsim'
xelab --incr --debug typical --relax --mt 8 -L xil_defaultlib -L uvm -L unisims_ver -L unimacro_ver -L secureip --snapshot testbench_behav xil_defaultlib.testbench xil_defaultlib.glbl -log elaborate.log
Vivado Simulator v2024.2.0
Copyright 1986-2022 Xilinx, Inc. All Rights Reserved.
Copyright 2022-2024 Advanced Micro Devices, Inc. All Rights Reserved.
Running: /opt/Xilinx/Vivado/2024.2/bin/unwrapped/lnx64.o/xelab --incr --debug typical --relax --mt 8 -L xil_defaultlib -L uvm -L unisims_ver -L unimacro_ver -L secureip --snapshot testbench_behav xil_defaultlib.testbench xil_defaultlib.glbl -log elaborate.log 
Using 8 slave threads.
Starting static elaboration
Pass Through NonSizing Optimizer
WARNING: [VRFC 10-3091] actual bit length 4 differs from formal bit length 2 for port 'MemWriteM' [/home/david/Documents/work/dtcore32/sim/testbench.sv:100]
WARNING: [VRFC 10-3091] actual bit length 1 differs from formal bit length 5 for port 'a1' [/home/david/Documents/work/dtcore32/src/dtcore32_ID_stage.sv:74]
WARNING: [VRFC 10-3091] actual bit length 1 differs from formal bit length 5 for port 'a2' [/home/david/Documents/work/dtcore32/src/dtcore32_ID_stage.sv:75]
Completed static elaboration
Starting simulation data flow analysis
WARNING: [XSIM 43-4099] "/home/david/Documents/work/dtcore32/src/dtcore32_top.sv" Line 1. Module dtcore32_top doesn't have a timescale but at least one module in design has a timescale.
WARNING: [XSIM 43-4099] "/home/david/Documents/work/dtcore32/src/dtcore32_IF_stage.sv" Line 1. Module dtcore32_IF_stage doesn't have a timescale but at least one module in design has a timescale.
WARNING: [XSIM 43-4099] "/home/david/Documents/work/dtcore32/src/dtcore32_ID_stage.sv" Line 1. Module dtcore32_ID_stage doesn't have a timescale but at least one module in design has a timescale.
WARNING: [XSIM 43-4099] "/home/david/Documents/work/dtcore32/src/dtcore32_controller.sv" Line 1. Module dtcore32_controller doesn't have a timescale but at least one module in design has a timescale.
WARNING: [XSIM 43-4099] "/home/david/Documents/work/dtcore32/src/dtcore32_regfile.sv" Line 1. Module dtcore32_regfile doesn't have a timescale but at least one module in design has a timescale.
WARNING: [XSIM 43-4099] "/home/david/Documents/work/dtcore32/src/dtcore32_EX_stage.sv" Line 1. Module dtcore32_EX_stage doesn't have a timescale but at least one module in design has a timescale.
WARNING: [XSIM 43-4099] "/home/david/Documents/work/dtcore32/src/dtcore32_alu.sv" Line 1. Module dtcore32_alu doesn't have a timescale but at least one module in design has a timescale.
WARNING: [XSIM 43-4099] "/home/david/Documents/work/dtcore32/src/dtcore32_MEM_stage.sv" Line 1. Module dtcore32_MEM_stage doesn't have a timescale but at least one module in design has a timescale.
WARNING: [XSIM 43-4099] "/home/david/Documents/work/dtcore32/src/dtcore32_WB_stage.sv" Line 1. Module dtcore32_WB_stage doesn't have a timescale but at least one module in design has a timescale.
WARNING: [XSIM 43-4099] "/home/david/Documents/work/dtcore32/src/dtcore32_hazunit.sv" Line 1. Module dtcore32_hazunit doesn't have a timescale but at least one module in design has a timescale.
WARNING: [XSIM 43-4099] "/home/david/Documents/work/dtcore32/src/dtcore32_top.sv" Line 1. Module dtcore32_top doesn't have a timescale but at least one module in design has a timescale.
WARNING: [XSIM 43-4099] "/home/david/Documents/work/dtcore32/src/dtcore32_IF_stage.sv" Line 1. Module dtcore32_IF_stage doesn't have a timescale but at least one module in design has a timescale.
WARNING: [XSIM 43-4099] "/home/david/Documents/work/dtcore32/src/dtcore32_ID_stage.sv" Line 1. Module dtcore32_ID_stage doesn't have a timescale but at least one module in design has a timescale.
WARNING: [XSIM 43-4099] "/home/david/Documents/work/dtcore32/src/dtcore32_controller.sv" Line 1. Module dtcore32_controller doesn't have a timescale but at least one module in design has a timescale.
WARNING: [XSIM 43-4099] "/home/david/Documents/work/dtcore32/src/dtcore32_regfile.sv" Line 1. Module dtcore32_regfile doesn't have a timescale but at least one module in design has a timescale.
WARNING: [XSIM 43-4099] "/home/david/Documents/work/dtcore32/src/dtcore32_EX_stage.sv" Line 1. Module dtcore32_EX_stage doesn't have a timescale but at least one module in design has a timescale.
WARNING: [XSIM 43-4099] "/home/david/Documents/work/dtcore32/src/dtcore32_alu.sv" Line 1. Module dtcore32_alu doesn't have a timescale but at least one module in design has a timescale.
WARNING: [XSIM 43-4099] "/home/david/Documents/work/dtcore32/src/dtcore32_MEM_stage.sv" Line 1. Module dtcore32_MEM_stage doesn't have a timescale but at least one module in design has a timescale.
WARNING: [XSIM 43-4099] "/home/david/Documents/work/dtcore32/src/dtcore32_WB_stage.sv" Line 1. Module dtcore32_WB_stage doesn't have a timescale but at least one module in design has a timescale.
WARNING: [XSIM 43-4099] "/home/david/Documents/work/dtcore32/src/dtcore32_hazunit.sv" Line 1. Module dtcore32_hazunit doesn't have a timescale but at least one module in design has a timescale.
Completed simulation data flow analysis
Time Resolution for simulation is 1ps
Compiling module xil_defaultlib.dtcore32_IF_stage
Compiling module xil_defaultlib.dtcore32_controller
Compiling module xil_defaultlib.dtcore32_regfile
Compiling module xil_defaultlib.dtcore32_ID_stage
Compiling module xil_defaultlib.dtcore32_alu
Compiling module xil_defaultlib.dtcore32_EX_stage
Compiling module xil_defaultlib.dtcore32_MEM_stage
Compiling module xil_defaultlib.dtcore32_WB_stage
Compiling module xil_defaultlib.dtcore32_hazunit
Compiling module xil_defaultlib.dtcore32_top
Compiling module xil_defaultlib.testbench
Compiling module xil_defaultlib.glbl
Built simulation snapshot testbench_behav
INFO: [USF-XSim-69] 'elaborate' step finished in '2' seconds
INFO: [USF-XSim-4] XSim::Simulate design
INFO: [USF-XSim-61] Executing 'SIMULATE' step in '/home/david/Documents/work/dtcore32/vivado/dtcore32.sim/sim_1/behav/xsim'
INFO: [USF-XSim-98] *** Running xsim
   with args "testbench_behav -key {Behavioral:sim_1:Functional:testbench} -tclbatch {testbench.tcl} -log {simulate.log}"
INFO: [USF-XSim-8] Loading simulator feature
Time resolution is 1 ps
source testbench.tcl
# set curr_wave [current_wave_config]
# if { [string length $curr_wave] == 0 } {
#   if { [llength [get_objects]] > 0} {
#     add_wave /
#     set_property needs_save false [current_wave_config]
#   } else {
#      send_msg_id Add_Wave-1 WARNING "No top level signals found. Simulator will start without a wave window. If you want to open a wave window go to 'File->New Waveform Configuration' or type 'create_wave_config' in the TCL console."
#   }
# }
WARNING: [Wavedata 42-489] Can't add object "/testbench/MEMORY" to the wave window because it has 131072 bits, which exceeds the display limit of 65536 bits.  To change the display limit, use the command "set_property display_limit <new limit> [current_wave_config]".
# run 1000ns
Running Test ID: 0
WARNING: File mem/hex/add.S.hex referenced from process on /home/david/Documents/work/dtcore32/sim/testbench.sv at line 166 cannot be opened for reading. Please ensure that this file is available in the current working directory or parent directory of xsim.dir location specified via -xsimdir switch.
EXCEPTION ASSERTED, TEST FAILED
FAILED TEST ID: 0
$finish called at time : 110 ns : File "/home/david/Documents/work/dtcore32/sim/testbench.sv" Line 293
INFO: [USF-XSim-96] XSim completed. Design snapshot 'testbench_behav' loaded.
INFO: [USF-XSim-97] XSim simulation ran for 1000ns
close_sim
INFO: xsimkernel Simulation Memory Usage: 487872 KB (Peak: 540904 KB), Simulation CPU Usage: 740 ms
INFO: [Simtcl 6-16] Simulation closed
exit
INFO: [Common 17-206] Exiting Vivado at Mon Jan  6 16:10:15 2025...
