#-----------------------------------------------------------
# Vivado v2024.2 (64-bit)
# SW Build 5239630 on Fri Nov 08 22:34:34 MST 2024
# IP Build 5239520 on Sun Nov 10 16:12:51 MST 2024
# SharedData Build 5239561 on Fri Nov 08 14:39:27 MST 2024
# Start of session at: Sat Jan 18 05:02:40 2025
# Process ID         : 6365
# Current directory  : /home/david/Documents/work/dtcore32/vivado
# Command line       : vivado
# Log file           : /home/david/Documents/work/dtcore32/vivado/vivado.log
# Journal file       : /home/david/Documents/work/dtcore32/vivado/vivado.jou
# Running On         : david-MS-7D46
# Platform           : Ubuntu
# Operating System   : Ubuntu 24.04.1 LTS
# Processor Detail   : 12th Gen Intel(R) Core(TM) i5-12400F
# CPU Frequency      : 3934.386 MHz
# CPU Physical cores : 6
# CPU Logical cores  : 12
# Host memory        : 16620 MB
# Swap memory        : 4294 MB
# Total Virtual      : 20915 MB
# Available Virtual  : 17677 MB
#-----------------------------------------------------------
start_gui
open_project /home/david/Documents/work/dtcore32/vivado/riscv/riscv.xpr
INFO: [filemgmt 56-3] Default IP Output Path : Could not find the directory '/home/david/Documents/work/dtcore32/vivado/riscv/riscv.gen/sources_1'.
Scanning sources...
Finished scanning sources
INFO: [IP_Flow 19-234] Refreshing IP repositories
INFO: [IP_Flow 19-1704] No user IP repositories specified
INFO: [IP_Flow 19-2313] Loaded Vivado IP repository '/opt/Xilinx/Vivado/2024.2/data/ip'.
update_compile_order -fileset sources_1
reset_run synth_1
INFO: [Project 1-1161] Replacing file /home/david/Documents/work/dtcore32/vivado/riscv/riscv.srcs/utils_1/imports/synth_1/dtcore32.dcp with file /home/david/Documents/work/dtcore32/vivado/riscv/riscv.runs/synth_1/top.dcp
launch_runs impl_1 -to_step write_bitstream -jobs 6
[Sat Jan 18 05:03:00 2025] Launched synth_1...
Run output will be captured here: /home/david/Documents/work/dtcore32/vivado/riscv/riscv.runs/synth_1/runme.log
[Sat Jan 18 05:03:00 2025] Launched impl_1...
Run output will be captured here: /home/david/Documents/work/dtcore32/vivado/riscv/riscv.runs/impl_1/runme.log
reset_run synth_1
INFO: [Project 1-1161] Replacing file /home/david/Documents/work/dtcore32/vivado/riscv/riscv.srcs/utils_1/imports/synth_1/dtcore32.dcp with file /home/david/Documents/work/dtcore32/vivado/riscv/riscv.runs/synth_1/top.dcp
launch_runs impl_1 -to_step write_bitstream -jobs 6
[Sat Jan 18 05:06:22 2025] Launched synth_1...
Run output will be captured here: /home/david/Documents/work/dtcore32/vivado/riscv/riscv.runs/synth_1/runme.log
[Sat Jan 18 05:06:22 2025] Launched impl_1...
Run output will be captured here: /home/david/Documents/work/dtcore32/vivado/riscv/riscv.runs/impl_1/runme.log
open_hw_manager
connect_hw_server -allow_non_jtag
INFO: [Labtools 27-2285] Connecting to hw_server url TCP:localhost:3121
INFO: [Labtools 27-2222] Launching hw_server...
INFO: [Labtools 27-2221] Launch Output:

****** Xilinx hw_server v2024.2
  **** Build date : Oct 29 2024 at 10:16:47
    ** Copyright 1986-2022 Xilinx, Inc. All Rights Reserved.


INFO: [Labtools 27-3415] Connecting to cs_server url TCP:localhost:0
INFO: [Labtools 27-3417] Launching cs_server...
INFO: [Labtools 27-2221] Launch Output:


******** Xilinx cs_server v2024.2.0
  ****** Build date   : Oct 30 2024-11:19:07
    **** Build number : 2024.2.1730312347
      ** Copyright 2017-2022 Xilinx, Inc. All Rights Reserved.
      ** Copyright 2022-2025 Advanced Micro Devices, Inc. All Rights Reserved.



disconnect_hw_server localhost:3121
connect_hw_server -allow_non_jtag
INFO: [Labtools 27-2285] Connecting to hw_server url TCP:localhost:3121
INFO: [Labtools 27-3415] Connecting to cs_server url TCP:localhost:0
INFO: [Labtools 27-3417] Launching cs_server...
INFO: [Labtools 27-2221] Launch Output:


******** Xilinx cs_server v2024.2.0
  ****** Build date   : Oct 30 2024-11:19:07
    **** Build number : 2024.2.1730312347
      ** Copyright 2017-2022 Xilinx, Inc. All Rights Reserved.
      ** Copyright 2022-2025 Advanced Micro Devices, Inc. All Rights Reserved.



disconnect_hw_server localhost:3121
connect_hw_server -allow_non_jtag
INFO: [Labtools 27-2285] Connecting to hw_server url TCP:localhost:3121
INFO: [Labtools 27-3415] Connecting to cs_server url TCP:localhost:0
INFO: [Labtools 27-3417] Launching cs_server...
INFO: [Labtools 27-2221] Launch Output:


******** Xilinx cs_server v2024.2.0
  ****** Build date   : Oct 30 2024-11:19:07
    **** Build number : 2024.2.1730312347
      ** Copyright 2017-2022 Xilinx, Inc. All Rights Reserved.
      ** Copyright 2022-2025 Advanced Micro Devices, Inc. All Rights Reserved.



exit
INFO: [Common 17-206] Exiting Vivado at Sat Jan 18 05:10:42 2025...
