#-----------------------------------------------------------
# Vivado v2024.2 (64-bit)
# SW Build 5239630 on Fri Nov 08 22:34:34 MST 2024
# IP Build 5239520 on Sun Nov 10 16:12:51 MST 2024
# SharedData Build 5239561 on Fri Nov 08 14:39:27 MST 2024
# Start of session at: Mon Jan 13 03:56:07 2025
# Process ID         : 14412
# Current directory  : /home/david/Documents/work/dtcore32/vivado
# Command line       : vivado
# Log file           : /home/david/Documents/work/dtcore32/vivado/vivado.log
# Journal file       : /home/david/Documents/work/dtcore32/vivado/vivado.jou
# Running On         : david-MS-7D46
# Platform           : Ubuntu
# Operating System   : Ubuntu 24.04.1 LTS
# Processor Detail   : 12th Gen Intel(R) Core(TM) i5-12400F
# CPU Frequency      : 1164.890 MHz
# CPU Physical cores : 6
# CPU Logical cores  : 12
# Host memory        : 16620 MB
# Swap memory        : 4294 MB
# Total Virtual      : 20915 MB
# Available Virtual  : 16841 MB
#-----------------------------------------------------------
start_gui
create_project riscv /home/david/Documents/work/dtcore32/vivado/riscv -part xc7k70tfbv676-1
INFO: [IP_Flow 19-234] Refreshing IP repositories
INFO: [IP_Flow 19-1704] No user IP repositories specified
INFO: [IP_Flow 19-2313] Loaded Vivado IP repository '/opt/Xilinx/Vivado/2024.2/data/ip'.
add_files {/home/david/Documents/work/dtcore32/src/dtcore32_alu.sv /home/david/Documents/work/dtcore32/src/adder.sv /home/david/Documents/work/dtcore32/src/macros.svh /home/david/Documents/work/dtcore32/src/dtcore32.sv /home/david/Documents/work/dtcore32/src/mux2to1.sv /home/david/Documents/work/dtcore32/src/dtcore32_hazunit.sv /home/david/Documents/work/dtcore32/src/extend.sv /home/david/Documents/work/dtcore32/src/dtcore32_controller.sv /home/david/Documents/work/dtcore32/src/dtcore32_regfile.sv /home/david/Documents/work/dtcore32/src/mux3to1.sv}
add_files -fileset sim_1 /home/david/Documents/work/dtcore32/sim/testbench.sv
update_compile_order -fileset sources_1
update_compile_order -fileset sources_1
launch_simulation
Command: launch_simulation 
INFO: [Vivado 12-12493] Simulation top is 'testbench'
INFO: [Vivado 12-5682] Launching behavioral simulation in '/home/david/Documents/work/dtcore32/vivado/riscv/riscv.sim/sim_1/behav/xsim'
INFO: [SIM-utils-51] Simulation object is 'sim_1'
INFO: [SIM-utils-72] Using boost library from '/opt/Xilinx/Vivado/2024.2/tps/boost_1_72_0'
INFO: [SIM-utils-54] Inspecting design source files for 'testbench' in fileset 'sim_1'...
INFO: [USF-XSim-97] Finding global include files...
INFO: [USF-XSim-98] Fetching design files from 'sim_1'...
INFO: [USF-XSim-2] XSim::Compile design
INFO: [USF-XSim-61] Executing 'COMPILE and ANALYZE' step in '/home/david/Documents/work/dtcore32/vivado/riscv/riscv.sim/sim_1/behav/xsim'
xvlog --incr --relax -L uvm -prj testbench_vlog.prj
INFO: [VRFC 10-2263] Analyzing SystemVerilog file "/home/david/Documents/work/dtcore32/src/adder.sv" into library xil_defaultlib
INFO: [VRFC 10-311] analyzing module adder
INFO: [VRFC 10-2263] Analyzing SystemVerilog file "/home/david/Documents/work/dtcore32/src/dtcore32.sv" into library xil_defaultlib
INFO: [VRFC 10-311] analyzing module dtcore32
WARNING: [VRFC 10-3380] identifier 'ID_instr' is used before its declaration [/home/david/Documents/work/dtcore32/src/dtcore32.sv:23]
WARNING: [VRFC 10-3380] identifier 'ID_instr' is used before its declaration [/home/david/Documents/work/dtcore32/src/dtcore32.sv:24]
WARNING: [VRFC 10-3380] identifier 'ID_instr' is used before its declaration [/home/david/Documents/work/dtcore32/src/dtcore32.sv:25]
INFO: [VRFC 10-2263] Analyzing SystemVerilog file "/home/david/Documents/work/dtcore32/src/dtcore32_alu.sv" into library xil_defaultlib
INFO: [VRFC 10-311] analyzing module dtcore32_alu
INFO: [VRFC 10-2263] Analyzing SystemVerilog file "/home/david/Documents/work/dtcore32/src/dtcore32_controller.sv" into library xil_defaultlib
INFO: [VRFC 10-311] analyzing module dtcore32_controller
INFO: [VRFC 10-2263] Analyzing SystemVerilog file "/home/david/Documents/work/dtcore32/src/dtcore32_hazunit.sv" into library xil_defaultlib
INFO: [VRFC 10-311] analyzing module dtcore32_hazunit
INFO: [VRFC 10-2263] Analyzing SystemVerilog file "/home/david/Documents/work/dtcore32/src/dtcore32_regfile.sv" into library xil_defaultlib
INFO: [VRFC 10-311] analyzing module dtcore32_regfile
INFO: [VRFC 10-2263] Analyzing SystemVerilog file "/home/david/Documents/work/dtcore32/src/extend.sv" into library xil_defaultlib
INFO: [VRFC 10-311] analyzing module extend
INFO: [VRFC 10-2263] Analyzing SystemVerilog file "/home/david/Documents/work/dtcore32/src/mux2to1.sv" into library xil_defaultlib
INFO: [VRFC 10-311] analyzing module mux2to1
INFO: [VRFC 10-2263] Analyzing SystemVerilog file "/home/david/Documents/work/dtcore32/src/mux3to1.sv" into library xil_defaultlib
INFO: [VRFC 10-311] analyzing module mux3to1
INFO: [VRFC 10-2263] Analyzing SystemVerilog file "/home/david/Documents/work/dtcore32/sim/testbench.sv" into library xil_defaultlib
INFO: [VRFC 10-311] analyzing module testbench
INFO: [VRFC 10-2263] Analyzing Verilog file "/home/david/Documents/work/dtcore32/vivado/riscv/riscv.sim/sim_1/behav/xsim/glbl.v" into library xil_defaultlib
INFO: [VRFC 10-311] analyzing module glbl
Waiting for jobs to finish...
No pending jobs, compilation finished.
INFO: [USF-XSim-69] 'compile' step finished in '1' seconds
INFO: [USF-XSim-3] XSim::Elaborate design
INFO: [USF-XSim-61] Executing 'ELABORATE' step in '/home/david/Documents/work/dtcore32/vivado/riscv/riscv.sim/sim_1/behav/xsim'
xelab --incr --debug typical --relax --mt 8 -L xil_defaultlib -L uvm -L unisims_ver -L unimacro_ver -L secureip --snapshot testbench_behav xil_defaultlib.testbench xil_defaultlib.glbl -log elaborate.log
Vivado Simulator v2024.2.0
Copyright 1986-2022 Xilinx, Inc. All Rights Reserved.
Copyright 2022-2024 Advanced Micro Devices, Inc. All Rights Reserved.
Running: /opt/Xilinx/Vivado/2024.2/bin/unwrapped/lnx64.o/xelab --incr --debug typical --relax --mt 8 -L xil_defaultlib -L uvm -L unisims_ver -L unimacro_ver -L secureip --snapshot testbench_behav xil_defaultlib.testbench xil_defaultlib.glbl -log elaborate.log 
Using 8 slave threads.
Starting static elaboration
Pass Through NonSizing Optimizer
Completed static elaboration
Starting simulation data flow analysis
WARNING: [XSIM 43-4099] "/home/david/Documents/work/dtcore32/src/dtcore32.sv" Line 2. Module dtcore32 doesn't have a timescale but at least one module in design has a timescale.
WARNING: [XSIM 43-4099] "/home/david/Documents/work/dtcore32/src/mux2to1.sv" Line 1. Module mux2to1 doesn't have a timescale but at least one module in design has a timescale.
WARNING: [XSIM 43-4099] "/home/david/Documents/work/dtcore32/src/adder.sv" Line 1. Module adder doesn't have a timescale but at least one module in design has a timescale.
WARNING: [XSIM 43-4099] "/home/david/Documents/work/dtcore32/src/dtcore32_regfile.sv" Line 1. Module dtcore32_regfile doesn't have a timescale but at least one module in design has a timescale.
WARNING: [XSIM 43-4099] "/home/david/Documents/work/dtcore32/src/extend.sv" Line 1. Module extend doesn't have a timescale but at least one module in design has a timescale.
WARNING: [XSIM 43-4099] "/home/david/Documents/work/dtcore32/src/dtcore32_controller.sv" Line 2. Module dtcore32_controller doesn't have a timescale but at least one module in design has a timescale.
WARNING: [XSIM 43-4099] "/home/david/Documents/work/dtcore32/src/mux3to1.sv" Line 1. Module mux3to1 doesn't have a timescale but at least one module in design has a timescale.
WARNING: [XSIM 43-4099] "/home/david/Documents/work/dtcore32/src/mux3to1.sv" Line 1. Module mux3to1 doesn't have a timescale but at least one module in design has a timescale.
WARNING: [XSIM 43-4099] "/home/david/Documents/work/dtcore32/src/mux3to1.sv" Line 1. Module mux3to1 doesn't have a timescale but at least one module in design has a timescale.
WARNING: [XSIM 43-4099] "/home/david/Documents/work/dtcore32/src/mux2to1.sv" Line 1. Module mux2to1 doesn't have a timescale but at least one module in design has a timescale.
WARNING: [XSIM 43-4099] "/home/david/Documents/work/dtcore32/src/mux2to1.sv" Line 1. Module mux2to1 doesn't have a timescale but at least one module in design has a timescale.
WARNING: [XSIM 43-4099] "/home/david/Documents/work/dtcore32/src/adder.sv" Line 1. Module adder doesn't have a timescale but at least one module in design has a timescale.
WARNING: [XSIM 43-4099] "/home/david/Documents/work/dtcore32/src/dtcore32_alu.sv" Line 1. Module dtcore32_alu doesn't have a timescale but at least one module in design has a timescale.
WARNING: [XSIM 43-4099] "/home/david/Documents/work/dtcore32/src/mux3to1.sv" Line 1. Module mux3to1 doesn't have a timescale but at least one module in design has a timescale.
WARNING: [XSIM 43-4099] "/home/david/Documents/work/dtcore32/src/dtcore32_hazunit.sv" Line 1. Module dtcore32_hazunit doesn't have a timescale but at least one module in design has a timescale.
WARNING: [XSIM 43-4099] "/home/david/Documents/work/dtcore32/src/dtcore32.sv" Line 2. Module dtcore32 doesn't have a timescale but at least one module in design has a timescale.
WARNING: [XSIM 43-4099] "/home/david/Documents/work/dtcore32/src/mux2to1.sv" Line 1. Module mux2to1 doesn't have a timescale but at least one module in design has a timescale.
WARNING: [XSIM 43-4099] "/home/david/Documents/work/dtcore32/src/adder.sv" Line 1. Module adder doesn't have a timescale but at least one module in design has a timescale.
WARNING: [XSIM 43-4099] "/home/david/Documents/work/dtcore32/src/dtcore32_regfile.sv" Line 1. Module dtcore32_regfile doesn't have a timescale but at least one module in design has a timescale.
WARNING: [XSIM 43-4099] "/home/david/Documents/work/dtcore32/src/extend.sv" Line 1. Module extend doesn't have a timescale but at least one module in design has a timescale.
WARNING: [XSIM 43-4099] "/home/david/Documents/work/dtcore32/src/dtcore32_controller.sv" Line 2. Module dtcore32_controller doesn't have a timescale but at least one module in design has a timescale.
WARNING: [XSIM 43-4099] "/home/david/Documents/work/dtcore32/src/mux3to1.sv" Line 1. Module mux3to1 doesn't have a timescale but at least one module in design has a timescale.
WARNING: [XSIM 43-4099] "/home/david/Documents/work/dtcore32/src/mux3to1.sv" Line 1. Module mux3to1 doesn't have a timescale but at least one module in design has a timescale.
WARNING: [XSIM 43-4099] "/home/david/Documents/work/dtcore32/src/mux3to1.sv" Line 1. Module mux3to1 doesn't have a timescale but at least one module in design has a timescale.
WARNING: [XSIM 43-4099] "/home/david/Documents/work/dtcore32/src/mux2to1.sv" Line 1. Module mux2to1 doesn't have a timescale but at least one module in design has a timescale.
WARNING: [XSIM 43-4099] "/home/david/Documents/work/dtcore32/src/mux2to1.sv" Line 1. Module mux2to1 doesn't have a timescale but at least one module in design has a timescale.
WARNING: [XSIM 43-4099] "/home/david/Documents/work/dtcore32/src/adder.sv" Line 1. Module adder doesn't have a timescale but at least one module in design has a timescale.
WARNING: [XSIM 43-4099] "/home/david/Documents/work/dtcore32/src/dtcore32_alu.sv" Line 1. Module dtcore32_alu doesn't have a timescale but at least one module in design has a timescale.
WARNING: [XSIM 43-4099] "/home/david/Documents/work/dtcore32/src/mux3to1.sv" Line 1. Module mux3to1 doesn't have a timescale but at least one module in design has a timescale.
WARNING: [XSIM 43-4099] "/home/david/Documents/work/dtcore32/src/dtcore32_hazunit.sv" Line 1. Module dtcore32_hazunit doesn't have a timescale but at least one module in design has a timescale.
Completed simulation data flow analysis
Time Resolution for simulation is 1ps
Compiling module xil_defaultlib.mux2to1
Compiling module xil_defaultlib.adder
Compiling module xil_defaultlib.dtcore32_regfile
Compiling module xil_defaultlib.extend
Compiling module xil_defaultlib.dtcore32_controller
Compiling module xil_defaultlib.mux3to1
Compiling module xil_defaultlib.dtcore32_alu
Compiling module xil_defaultlib.dtcore32_hazunit
Compiling module xil_defaultlib.dtcore32
Compiling module xil_defaultlib.testbench
Compiling module xil_defaultlib.glbl
Built simulation snapshot testbench_behav
INFO: [USF-XSim-69] 'elaborate' step finished in '2' seconds
INFO: [USF-XSim-4] XSim::Simulate design
INFO: [USF-XSim-61] Executing 'SIMULATE' step in '/home/david/Documents/work/dtcore32/vivado/riscv/riscv.sim/sim_1/behav/xsim'
INFO: [USF-XSim-98] *** Running xsim
   with args "testbench_behav -key {Behavioral:sim_1:Functional:testbench} -tclbatch {testbench.tcl} -log {simulate.log}"
INFO: [USF-XSim-8] Loading simulator feature
Time resolution is 1 ps
source testbench.tcl
# set curr_wave [current_wave_config]
# if { [string length $curr_wave] == 0 } {
#   if { [llength [get_objects]] > 0} {
#     add_wave /
#     set_property needs_save false [current_wave_config]
#   } else {
#      send_msg_id Add_Wave-1 WARNING "No top level signals found. Simulator will start without a wave window. If you want to open a wave window go to 'File->New Waveform Configuration' or type 'create_wave_config' in the TCL console."
#   }
# }
WARNING: [Wavedata 42-489] Can't add object "/testbench/MEMORY" to the wave window because it has 131072 bits, which exceeds the display limit of 65536 bits.  To change the display limit, use the command "set_property display_limit <new limit> [current_wave_config]".
# run 1000ns
WARNING: 0ns : none of the conditions were true for unique case from File:/home/david/Documents/work/dtcore32/src/dtcore32.sv:376
Running all tests.
***********************************
Running Test ID: 0
WARNING: File add.mem referenced from process on /home/david/Documents/work/dtcore32/sim/testbench.sv at line 158 cannot be opened for reading. Please ensure that this file is available in the current working directory or parent directory of xsim.dir location specified via -xsimdir switch.
EXCEPTION ASSERTED, TEST FAILED
FAILED TEST ID: 0
$finish called at time : 250 ns : File "/home/david/Documents/work/dtcore32/sim/testbench.sv" Line 285
INFO: [USF-XSim-96] XSim completed. Design snapshot 'testbench_behav' loaded.
INFO: [USF-XSim-97] XSim simulation ran for 1000ns
launch_simulation: Time (s): cpu = 00:00:06 ; elapsed = 00:00:05 . Memory (MB): peak = 7797.871 ; gain = 126.109 ; free physical = 6574 ; free virtual = 15276
set_property SOURCE_SET sources_1 [get_filesets sim_1]
add_files -fileset sim_1 -norecurse {/home/david/Documents/work/dtcore32/scripts/mem/hex/ori.mem /home/david/Documents/work/dtcore32/scripts/mem/hex/add.mem /home/david/Documents/work/dtcore32/scripts/mem/hex/sub.mem /home/david/Documents/work/dtcore32/scripts/mem/hex/lw.mem /home/david/Documents/work/dtcore32/scripts/mem/hex/bgeu.mem /home/david/Documents/work/dtcore32/scripts/mem/hex/sll.mem /home/david/Documents/work/dtcore32/scripts/mem/hex/bge.mem /home/david/Documents/work/dtcore32/scripts/mem/hex/lh.mem /home/david/Documents/work/dtcore32/scripts/mem/hex/xor.mem /home/david/Documents/work/dtcore32/scripts/mem/hex/srl.mem /home/david/Documents/work/dtcore32/scripts/mem/hex/slti.mem /home/david/Documents/work/dtcore32/scripts/mem/hex/sltiu.mem /home/david/Documents/work/dtcore32/scripts/mem/hex/sra.mem /home/david/Documents/work/dtcore32/scripts/mem/hex/sh.mem /home/david/Documents/work/dtcore32/scripts/mem/hex/jal.mem /home/david/Documents/work/dtcore32/scripts/mem/hex/ma_data.mem /home/david/Documents/work/dtcore32/scripts/mem/hex/or.mem /home/david/Documents/work/dtcore32/scripts/mem/hex/andi.mem /home/david/Documents/work/dtcore32/scripts/mem/hex/srli.mem /home/david/Documents/work/dtcore32/scripts/mem/hex/and.mem /home/david/Documents/work/dtcore32/scripts/mem/hex/slli.mem /home/david/Documents/work/dtcore32/scripts/mem/hex/xori.mem /home/david/Documents/work/dtcore32/scripts/mem/hex/addi.mem /home/david/Documents/work/dtcore32/scripts/mem/hex/lb.mem /home/david/Documents/work/dtcore32/scripts/mem/hex/blt.mem /home/david/Documents/work/dtcore32/scripts/mem/hex/slt.mem /home/david/Documents/work/dtcore32/scripts/mem/hex/fence_i.mem /home/david/Documents/work/dtcore32/scripts/mem/hex/lhu.mem /home/david/Documents/work/dtcore32/scripts/mem/hex/srai.mem /home/david/Documents/work/dtcore32/scripts/mem/hex/bne.mem /home/david/Documents/work/dtcore32/scripts/mem/hex/lbu.mem /home/david/Documents/work/dtcore32/scripts/mem/hex/lui.mem /home/david/Documents/work/dtcore32/scripts/mem/hex/simple.mem /home/david/Documents/work/dtcore32/scripts/mem/hex/sw.mem /home/david/Documents/work/dtcore32/scripts/mem/hex/sltu.mem /home/david/Documents/work/dtcore32/scripts/mem/hex/jalr.mem /home/david/Documents/work/dtcore32/scripts/mem/hex/bltu.mem /home/david/Documents/work/dtcore32/scripts/mem/hex/auipc.mem /home/david/Documents/work/dtcore32/scripts/mem/hex/beq.mem /home/david/Documents/work/dtcore32/scripts/mem/hex/sb.mem}
close_sim
INFO: [Simtcl 6-16] Simulation closed
launch_simulation
Command: launch_simulation 
INFO: [Vivado 12-12493] Simulation top is 'testbench'
INFO: [Vivado 12-5682] Launching behavioral simulation in '/home/david/Documents/work/dtcore32/vivado/riscv/riscv.sim/sim_1/behav/xsim'
INFO: [SIM-utils-51] Simulation object is 'sim_1'
INFO: [SIM-utils-72] Using boost library from '/opt/Xilinx/Vivado/2024.2/tps/boost_1_72_0'
INFO: [SIM-utils-54] Inspecting design source files for 'testbench' in fileset 'sim_1'...
INFO: [SIM-utils-43] Exported '/home/david/Documents/work/dtcore32/vivado/riscv/riscv.sim/sim_1/behav/xsim/ori.mem'
INFO: [SIM-utils-43] Exported '/home/david/Documents/work/dtcore32/vivado/riscv/riscv.sim/sim_1/behav/xsim/add.mem'
INFO: [SIM-utils-43] Exported '/home/david/Documents/work/dtcore32/vivado/riscv/riscv.sim/sim_1/behav/xsim/sub.mem'
INFO: [SIM-utils-43] Exported '/home/david/Documents/work/dtcore32/vivado/riscv/riscv.sim/sim_1/behav/xsim/lw.mem'
INFO: [SIM-utils-43] Exported '/home/david/Documents/work/dtcore32/vivado/riscv/riscv.sim/sim_1/behav/xsim/bgeu.mem'
INFO: [SIM-utils-43] Exported '/home/david/Documents/work/dtcore32/vivado/riscv/riscv.sim/sim_1/behav/xsim/sll.mem'
INFO: [SIM-utils-43] Exported '/home/david/Documents/work/dtcore32/vivado/riscv/riscv.sim/sim_1/behav/xsim/bge.mem'
INFO: [SIM-utils-43] Exported '/home/david/Documents/work/dtcore32/vivado/riscv/riscv.sim/sim_1/behav/xsim/lh.mem'
INFO: [SIM-utils-43] Exported '/home/david/Documents/work/dtcore32/vivado/riscv/riscv.sim/sim_1/behav/xsim/xor.mem'
INFO: [SIM-utils-43] Exported '/home/david/Documents/work/dtcore32/vivado/riscv/riscv.sim/sim_1/behav/xsim/srl.mem'
INFO: [SIM-utils-43] Exported '/home/david/Documents/work/dtcore32/vivado/riscv/riscv.sim/sim_1/behav/xsim/slti.mem'
INFO: [SIM-utils-43] Exported '/home/david/Documents/work/dtcore32/vivado/riscv/riscv.sim/sim_1/behav/xsim/sltiu.mem'
INFO: [SIM-utils-43] Exported '/home/david/Documents/work/dtcore32/vivado/riscv/riscv.sim/sim_1/behav/xsim/sra.mem'
INFO: [SIM-utils-43] Exported '/home/david/Documents/work/dtcore32/vivado/riscv/riscv.sim/sim_1/behav/xsim/sh.mem'
INFO: [SIM-utils-43] Exported '/home/david/Documents/work/dtcore32/vivado/riscv/riscv.sim/sim_1/behav/xsim/jal.mem'
INFO: [SIM-utils-43] Exported '/home/david/Documents/work/dtcore32/vivado/riscv/riscv.sim/sim_1/behav/xsim/ma_data.mem'
INFO: [SIM-utils-43] Exported '/home/david/Documents/work/dtcore32/vivado/riscv/riscv.sim/sim_1/behav/xsim/or.mem'
INFO: [SIM-utils-43] Exported '/home/david/Documents/work/dtcore32/vivado/riscv/riscv.sim/sim_1/behav/xsim/andi.mem'
INFO: [SIM-utils-43] Exported '/home/david/Documents/work/dtcore32/vivado/riscv/riscv.sim/sim_1/behav/xsim/srli.mem'
INFO: [SIM-utils-43] Exported '/home/david/Documents/work/dtcore32/vivado/riscv/riscv.sim/sim_1/behav/xsim/and.mem'
INFO: [SIM-utils-43] Exported '/home/david/Documents/work/dtcore32/vivado/riscv/riscv.sim/sim_1/behav/xsim/slli.mem'
INFO: [SIM-utils-43] Exported '/home/david/Documents/work/dtcore32/vivado/riscv/riscv.sim/sim_1/behav/xsim/xori.mem'
INFO: [SIM-utils-43] Exported '/home/david/Documents/work/dtcore32/vivado/riscv/riscv.sim/sim_1/behav/xsim/addi.mem'
INFO: [SIM-utils-43] Exported '/home/david/Documents/work/dtcore32/vivado/riscv/riscv.sim/sim_1/behav/xsim/lb.mem'
INFO: [SIM-utils-43] Exported '/home/david/Documents/work/dtcore32/vivado/riscv/riscv.sim/sim_1/behav/xsim/blt.mem'
INFO: [SIM-utils-43] Exported '/home/david/Documents/work/dtcore32/vivado/riscv/riscv.sim/sim_1/behav/xsim/slt.mem'
INFO: [SIM-utils-43] Exported '/home/david/Documents/work/dtcore32/vivado/riscv/riscv.sim/sim_1/behav/xsim/fence_i.mem'
INFO: [SIM-utils-43] Exported '/home/david/Documents/work/dtcore32/vivado/riscv/riscv.sim/sim_1/behav/xsim/lhu.mem'
INFO: [SIM-utils-43] Exported '/home/david/Documents/work/dtcore32/vivado/riscv/riscv.sim/sim_1/behav/xsim/srai.mem'
INFO: [SIM-utils-43] Exported '/home/david/Documents/work/dtcore32/vivado/riscv/riscv.sim/sim_1/behav/xsim/bne.mem'
INFO: [SIM-utils-43] Exported '/home/david/Documents/work/dtcore32/vivado/riscv/riscv.sim/sim_1/behav/xsim/lbu.mem'
INFO: [SIM-utils-43] Exported '/home/david/Documents/work/dtcore32/vivado/riscv/riscv.sim/sim_1/behav/xsim/lui.mem'
INFO: [SIM-utils-43] Exported '/home/david/Documents/work/dtcore32/vivado/riscv/riscv.sim/sim_1/behav/xsim/simple.mem'
INFO: [SIM-utils-43] Exported '/home/david/Documents/work/dtcore32/vivado/riscv/riscv.sim/sim_1/behav/xsim/sw.mem'
INFO: [SIM-utils-43] Exported '/home/david/Documents/work/dtcore32/vivado/riscv/riscv.sim/sim_1/behav/xsim/sltu.mem'
INFO: [SIM-utils-43] Exported '/home/david/Documents/work/dtcore32/vivado/riscv/riscv.sim/sim_1/behav/xsim/jalr.mem'
INFO: [SIM-utils-43] Exported '/home/david/Documents/work/dtcore32/vivado/riscv/riscv.sim/sim_1/behav/xsim/bltu.mem'
INFO: [SIM-utils-43] Exported '/home/david/Documents/work/dtcore32/vivado/riscv/riscv.sim/sim_1/behav/xsim/auipc.mem'
INFO: [SIM-utils-43] Exported '/home/david/Documents/work/dtcore32/vivado/riscv/riscv.sim/sim_1/behav/xsim/beq.mem'
INFO: [SIM-utils-43] Exported '/home/david/Documents/work/dtcore32/vivado/riscv/riscv.sim/sim_1/behav/xsim/sb.mem'
INFO: [SIM-utils-43] Exported '/home/david/Documents/work/dtcore32/vivado/riscv/riscv.sim/sim_1/behav/xsim/ori.mem'
INFO: [SIM-utils-43] Exported '/home/david/Documents/work/dtcore32/vivado/riscv/riscv.sim/sim_1/behav/xsim/add.mem'
INFO: [SIM-utils-43] Exported '/home/david/Documents/work/dtcore32/vivado/riscv/riscv.sim/sim_1/behav/xsim/sub.mem'
INFO: [SIM-utils-43] Exported '/home/david/Documents/work/dtcore32/vivado/riscv/riscv.sim/sim_1/behav/xsim/lw.mem'
INFO: [SIM-utils-43] Exported '/home/david/Documents/work/dtcore32/vivado/riscv/riscv.sim/sim_1/behav/xsim/bgeu.mem'
INFO: [SIM-utils-43] Exported '/home/david/Documents/work/dtcore32/vivado/riscv/riscv.sim/sim_1/behav/xsim/sll.mem'
INFO: [SIM-utils-43] Exported '/home/david/Documents/work/dtcore32/vivado/riscv/riscv.sim/sim_1/behav/xsim/bge.mem'
INFO: [SIM-utils-43] Exported '/home/david/Documents/work/dtcore32/vivado/riscv/riscv.sim/sim_1/behav/xsim/lh.mem'
INFO: [SIM-utils-43] Exported '/home/david/Documents/work/dtcore32/vivado/riscv/riscv.sim/sim_1/behav/xsim/xor.mem'
INFO: [SIM-utils-43] Exported '/home/david/Documents/work/dtcore32/vivado/riscv/riscv.sim/sim_1/behav/xsim/srl.mem'
INFO: [SIM-utils-43] Exported '/home/david/Documents/work/dtcore32/vivado/riscv/riscv.sim/sim_1/behav/xsim/slti.mem'
INFO: [SIM-utils-43] Exported '/home/david/Documents/work/dtcore32/vivado/riscv/riscv.sim/sim_1/behav/xsim/sltiu.mem'
INFO: [SIM-utils-43] Exported '/home/david/Documents/work/dtcore32/vivado/riscv/riscv.sim/sim_1/behav/xsim/sra.mem'
INFO: [SIM-utils-43] Exported '/home/david/Documents/work/dtcore32/vivado/riscv/riscv.sim/sim_1/behav/xsim/sh.mem'
INFO: [SIM-utils-43] Exported '/home/david/Documents/work/dtcore32/vivado/riscv/riscv.sim/sim_1/behav/xsim/jal.mem'
INFO: [SIM-utils-43] Exported '/home/david/Documents/work/dtcore32/vivado/riscv/riscv.sim/sim_1/behav/xsim/ma_data.mem'
INFO: [SIM-utils-43] Exported '/home/david/Documents/work/dtcore32/vivado/riscv/riscv.sim/sim_1/behav/xsim/or.mem'
INFO: [SIM-utils-43] Exported '/home/david/Documents/work/dtcore32/vivado/riscv/riscv.sim/sim_1/behav/xsim/andi.mem'
INFO: [SIM-utils-43] Exported '/home/david/Documents/work/dtcore32/vivado/riscv/riscv.sim/sim_1/behav/xsim/srli.mem'
INFO: [SIM-utils-43] Exported '/home/david/Documents/work/dtcore32/vivado/riscv/riscv.sim/sim_1/behav/xsim/and.mem'
INFO: [SIM-utils-43] Exported '/home/david/Documents/work/dtcore32/vivado/riscv/riscv.sim/sim_1/behav/xsim/slli.mem'
INFO: [SIM-utils-43] Exported '/home/david/Documents/work/dtcore32/vivado/riscv/riscv.sim/sim_1/behav/xsim/xori.mem'
INFO: [SIM-utils-43] Exported '/home/david/Documents/work/dtcore32/vivado/riscv/riscv.sim/sim_1/behav/xsim/addi.mem'
INFO: [SIM-utils-43] Exported '/home/david/Documents/work/dtcore32/vivado/riscv/riscv.sim/sim_1/behav/xsim/lb.mem'
INFO: [SIM-utils-43] Exported '/home/david/Documents/work/dtcore32/vivado/riscv/riscv.sim/sim_1/behav/xsim/blt.mem'
INFO: [SIM-utils-43] Exported '/home/david/Documents/work/dtcore32/vivado/riscv/riscv.sim/sim_1/behav/xsim/slt.mem'
INFO: [SIM-utils-43] Exported '/home/david/Documents/work/dtcore32/vivado/riscv/riscv.sim/sim_1/behav/xsim/fence_i.mem'
INFO: [SIM-utils-43] Exported '/home/david/Documents/work/dtcore32/vivado/riscv/riscv.sim/sim_1/behav/xsim/lhu.mem'
INFO: [SIM-utils-43] Exported '/home/david/Documents/work/dtcore32/vivado/riscv/riscv.sim/sim_1/behav/xsim/srai.mem'
INFO: [SIM-utils-43] Exported '/home/david/Documents/work/dtcore32/vivado/riscv/riscv.sim/sim_1/behav/xsim/bne.mem'
INFO: [SIM-utils-43] Exported '/home/david/Documents/work/dtcore32/vivado/riscv/riscv.sim/sim_1/behav/xsim/lbu.mem'
INFO: [SIM-utils-43] Exported '/home/david/Documents/work/dtcore32/vivado/riscv/riscv.sim/sim_1/behav/xsim/lui.mem'
INFO: [SIM-utils-43] Exported '/home/david/Documents/work/dtcore32/vivado/riscv/riscv.sim/sim_1/behav/xsim/simple.mem'
INFO: [SIM-utils-43] Exported '/home/david/Documents/work/dtcore32/vivado/riscv/riscv.sim/sim_1/behav/xsim/sw.mem'
INFO: [SIM-utils-43] Exported '/home/david/Documents/work/dtcore32/vivado/riscv/riscv.sim/sim_1/behav/xsim/sltu.mem'
INFO: [SIM-utils-43] Exported '/home/david/Documents/work/dtcore32/vivado/riscv/riscv.sim/sim_1/behav/xsim/jalr.mem'
INFO: [SIM-utils-43] Exported '/home/david/Documents/work/dtcore32/vivado/riscv/riscv.sim/sim_1/behav/xsim/bltu.mem'
INFO: [SIM-utils-43] Exported '/home/david/Documents/work/dtcore32/vivado/riscv/riscv.sim/sim_1/behav/xsim/auipc.mem'
INFO: [SIM-utils-43] Exported '/home/david/Documents/work/dtcore32/vivado/riscv/riscv.sim/sim_1/behav/xsim/beq.mem'
INFO: [SIM-utils-43] Exported '/home/david/Documents/work/dtcore32/vivado/riscv/riscv.sim/sim_1/behav/xsim/sb.mem'
INFO: [USF-XSim-97] Finding global include files...
INFO: [USF-XSim-98] Fetching design files from 'sim_1'...
INFO: [USF-XSim-2] XSim::Compile design
INFO: [USF-XSim-61] Executing 'COMPILE and ANALYZE' step in '/home/david/Documents/work/dtcore32/vivado/riscv/riscv.sim/sim_1/behav/xsim'
xvlog --incr --relax -L uvm -prj testbench_vlog.prj
Waiting for jobs to finish...
No pending jobs, compilation finished.
INFO: [USF-XSim-69] 'compile' step finished in '1' seconds
INFO: [USF-XSim-3] XSim::Elaborate design
INFO: [USF-XSim-61] Executing 'ELABORATE' step in '/home/david/Documents/work/dtcore32/vivado/riscv/riscv.sim/sim_1/behav/xsim'
xelab --incr --debug typical --relax --mt 8 -L xil_defaultlib -L uvm -L unisims_ver -L unimacro_ver -L secureip --snapshot testbench_behav xil_defaultlib.testbench xil_defaultlib.glbl -log elaborate.log
Vivado Simulator v2024.2.0
Copyright 1986-2022 Xilinx, Inc. All Rights Reserved.
Copyright 2022-2024 Advanced Micro Devices, Inc. All Rights Reserved.
Running: /opt/Xilinx/Vivado/2024.2/bin/unwrapped/lnx64.o/xelab --incr --debug typical --relax --mt 8 -L xil_defaultlib -L uvm -L unisims_ver -L unimacro_ver -L secureip --snapshot testbench_behav xil_defaultlib.testbench xil_defaultlib.glbl -log elaborate.log 
Using 8 slave threads.
Starting static elaboration
Pass Through NonSizing Optimizer
Completed static elaboration
INFO: [XSIM 43-4323] No Change in HDL. Linking previously generated obj files to create kernel
INFO: [USF-XSim-69] 'elaborate' step finished in '1' seconds
INFO: [USF-XSim-4] XSim::Simulate design
INFO: [USF-XSim-61] Executing 'SIMULATE' step in '/home/david/Documents/work/dtcore32/vivado/riscv/riscv.sim/sim_1/behav/xsim'
INFO: [USF-XSim-98] *** Running xsim
   with args "testbench_behav -key {Behavioral:sim_1:Functional:testbench} -tclbatch {testbench.tcl} -log {simulate.log}"
INFO: [USF-XSim-8] Loading simulator feature
Time resolution is 1 ps
source testbench.tcl
# set curr_wave [current_wave_config]
# if { [string length $curr_wave] == 0 } {
#   if { [llength [get_objects]] > 0} {
#     add_wave /
#     set_property needs_save false [current_wave_config]
#   } else {
#      send_msg_id Add_Wave-1 WARNING "No top level signals found. Simulator will start without a wave window. If you want to open a wave window go to 'File->New Waveform Configuration' or type 'create_wave_config' in the TCL console."
#   }
# }
WARNING: [Wavedata 42-489] Can't add object "/testbench/MEMORY" to the wave window because it has 131072 bits, which exceeds the display limit of 65536 bits.  To change the display limit, use the command "set_property display_limit <new limit> [current_wave_config]".
# run 1000ns
WARNING: 0ns : none of the conditions were true for unique case from File:/home/david/Documents/work/dtcore32/src/dtcore32.sv:376
Running all tests.
***********************************
Running Test ID: 0
EXCEPTION ASSERTED, TEST FAILED
FAILED TEST ID: 0
$finish called at time : 250 ns : File "/home/david/Documents/work/dtcore32/sim/testbench.sv" Line 285
INFO: [USF-XSim-96] XSim completed. Design snapshot 'testbench_behav' loaded.
INFO: [USF-XSim-97] XSim simulation ran for 1000ns
close_sim
INFO: [Simtcl 6-16] Simulation closed
launch_simulation
Command: launch_simulation 
INFO: [Vivado 12-12493] Simulation top is 'testbench'
INFO: [Vivado 12-5682] Launching behavioral simulation in '/home/david/Documents/work/dtcore32/vivado/riscv/riscv.sim/sim_1/behav/xsim'
INFO: [SIM-utils-51] Simulation object is 'sim_1'
INFO: [SIM-utils-72] Using boost library from '/opt/Xilinx/Vivado/2024.2/tps/boost_1_72_0'
INFO: [SIM-utils-54] Inspecting design source files for 'testbench' in fileset 'sim_1'...
INFO: [SIM-utils-43] Exported '/home/david/Documents/work/dtcore32/vivado/riscv/riscv.sim/sim_1/behav/xsim/ori.mem'
INFO: [SIM-utils-43] Exported '/home/david/Documents/work/dtcore32/vivado/riscv/riscv.sim/sim_1/behav/xsim/add.mem'
INFO: [SIM-utils-43] Exported '/home/david/Documents/work/dtcore32/vivado/riscv/riscv.sim/sim_1/behav/xsim/sub.mem'
INFO: [SIM-utils-43] Exported '/home/david/Documents/work/dtcore32/vivado/riscv/riscv.sim/sim_1/behav/xsim/lw.mem'
INFO: [SIM-utils-43] Exported '/home/david/Documents/work/dtcore32/vivado/riscv/riscv.sim/sim_1/behav/xsim/bgeu.mem'
INFO: [SIM-utils-43] Exported '/home/david/Documents/work/dtcore32/vivado/riscv/riscv.sim/sim_1/behav/xsim/sll.mem'
INFO: [SIM-utils-43] Exported '/home/david/Documents/work/dtcore32/vivado/riscv/riscv.sim/sim_1/behav/xsim/bge.mem'
INFO: [SIM-utils-43] Exported '/home/david/Documents/work/dtcore32/vivado/riscv/riscv.sim/sim_1/behav/xsim/lh.mem'
INFO: [SIM-utils-43] Exported '/home/david/Documents/work/dtcore32/vivado/riscv/riscv.sim/sim_1/behav/xsim/xor.mem'
INFO: [SIM-utils-43] Exported '/home/david/Documents/work/dtcore32/vivado/riscv/riscv.sim/sim_1/behav/xsim/srl.mem'
INFO: [SIM-utils-43] Exported '/home/david/Documents/work/dtcore32/vivado/riscv/riscv.sim/sim_1/behav/xsim/slti.mem'
INFO: [SIM-utils-43] Exported '/home/david/Documents/work/dtcore32/vivado/riscv/riscv.sim/sim_1/behav/xsim/sltiu.mem'
INFO: [SIM-utils-43] Exported '/home/david/Documents/work/dtcore32/vivado/riscv/riscv.sim/sim_1/behav/xsim/sra.mem'
INFO: [SIM-utils-43] Exported '/home/david/Documents/work/dtcore32/vivado/riscv/riscv.sim/sim_1/behav/xsim/sh.mem'
INFO: [SIM-utils-43] Exported '/home/david/Documents/work/dtcore32/vivado/riscv/riscv.sim/sim_1/behav/xsim/jal.mem'
INFO: [SIM-utils-43] Exported '/home/david/Documents/work/dtcore32/vivado/riscv/riscv.sim/sim_1/behav/xsim/ma_data.mem'
INFO: [SIM-utils-43] Exported '/home/david/Documents/work/dtcore32/vivado/riscv/riscv.sim/sim_1/behav/xsim/or.mem'
INFO: [SIM-utils-43] Exported '/home/david/Documents/work/dtcore32/vivado/riscv/riscv.sim/sim_1/behav/xsim/andi.mem'
INFO: [SIM-utils-43] Exported '/home/david/Documents/work/dtcore32/vivado/riscv/riscv.sim/sim_1/behav/xsim/srli.mem'
INFO: [SIM-utils-43] Exported '/home/david/Documents/work/dtcore32/vivado/riscv/riscv.sim/sim_1/behav/xsim/and.mem'
INFO: [Common 17-14] Message 'SIM-utils 43' appears 100 times and further instances of the messages will be disabled. Use the Tcl command set_msg_config to change the current settings.
INFO: [USF-XSim-97] Finding global include files...
INFO: [USF-XSim-98] Fetching design files from 'sim_1'...
INFO: [USF-XSim-2] XSim::Compile design
INFO: [USF-XSim-61] Executing 'COMPILE and ANALYZE' step in '/home/david/Documents/work/dtcore32/vivado/riscv/riscv.sim/sim_1/behav/xsim'
xvlog --incr --relax -L uvm -prj testbench_vlog.prj
Waiting for jobs to finish...
No pending jobs, compilation finished.
INFO: [USF-XSim-69] 'compile' step finished in '1' seconds
INFO: [USF-XSim-3] XSim::Elaborate design
INFO: [USF-XSim-61] Executing 'ELABORATE' step in '/home/david/Documents/work/dtcore32/vivado/riscv/riscv.sim/sim_1/behav/xsim'
xelab --incr --debug typical --relax --mt 8 -L xil_defaultlib -L uvm -L unisims_ver -L unimacro_ver -L secureip --snapshot testbench_behav xil_defaultlib.testbench xil_defaultlib.glbl -log elaborate.log
Vivado Simulator v2024.2.0
Copyright 1986-2022 Xilinx, Inc. All Rights Reserved.
Copyright 2022-2024 Advanced Micro Devices, Inc. All Rights Reserved.
Running: /opt/Xilinx/Vivado/2024.2/bin/unwrapped/lnx64.o/xelab --incr --debug typical --relax --mt 8 -L xil_defaultlib -L uvm -L unisims_ver -L unimacro_ver -L secureip --snapshot testbench_behav xil_defaultlib.testbench xil_defaultlib.glbl -log elaborate.log 
Using 8 slave threads.
Starting static elaboration
Pass Through NonSizing Optimizer
Completed static elaboration
INFO: [XSIM 43-4323] No Change in HDL. Linking previously generated obj files to create kernel
INFO: [USF-XSim-69] 'elaborate' step finished in '1' seconds
INFO: [USF-XSim-4] XSim::Simulate design
INFO: [USF-XSim-61] Executing 'SIMULATE' step in '/home/david/Documents/work/dtcore32/vivado/riscv/riscv.sim/sim_1/behav/xsim'
INFO: [USF-XSim-98] *** Running xsim
   with args "testbench_behav -key {Behavioral:sim_1:Functional:testbench} -tclbatch {testbench.tcl} -log {simulate.log}"
INFO: [USF-XSim-8] Loading simulator feature
Time resolution is 1 ps
source testbench.tcl
# set curr_wave [current_wave_config]
# if { [string length $curr_wave] == 0 } {
#   if { [llength [get_objects]] > 0} {
#     add_wave /
#     set_property needs_save false [current_wave_config]
#   } else {
#      send_msg_id Add_Wave-1 WARNING "No top level signals found. Simulator will start without a wave window. If you want to open a wave window go to 'File->New Waveform Configuration' or type 'create_wave_config' in the TCL console."
#   }
# }
WARNING: [Wavedata 42-489] Can't add object "/testbench/MEMORY" to the wave window because it has 131072 bits, which exceeds the display limit of 65536 bits.  To change the display limit, use the command "set_property display_limit <new limit> [current_wave_config]".
# run 1000ns
WARNING: 0ns : none of the conditions were true for unique case from File:/home/david/Documents/work/dtcore32/src/dtcore32.sv:376
Running all tests.
***********************************
Running Test ID: 0
EXCEPTION ASSERTED, TEST FAILED
FAILED TEST ID: 0
$finish called at time : 250 ns : File "/home/david/Documents/work/dtcore32/sim/testbench.sv" Line 285
INFO: [USF-XSim-96] XSim completed. Design snapshot 'testbench_behav' loaded.
INFO: [USF-XSim-97] XSim simulation ran for 1000ns
current_wave_config {Untitled 3}
Untitled 3
add_wave {{/testbench/UUT/dtcore32_controller_inst}} 
relaunch_sim
Command: launch_simulation -step compile -simset sim_1 -mode behavioral
INFO: [Vivado 12-12493] Simulation top is 'testbench'
INFO: [Vivado 12-5682] Launching behavioral simulation in '/home/david/Documents/work/dtcore32/vivado/riscv/riscv.sim/sim_1/behav/xsim'
INFO: [SIM-utils-51] Simulation object is 'sim_1'
INFO: [SIM-utils-72] Using boost library from '/opt/Xilinx/Vivado/2024.2/tps/boost_1_72_0'
INFO: [SIM-utils-54] Inspecting design source files for 'testbench' in fileset 'sim_1'...
INFO: [USF-XSim-97] Finding global include files...
INFO: [USF-XSim-98] Fetching design files from 'sim_1'...
INFO: [USF-XSim-2] XSim::Compile design
INFO: [USF-XSim-61] Executing 'COMPILE and ANALYZE' step in '/home/david/Documents/work/dtcore32/vivado/riscv/riscv.sim/sim_1/behav/xsim'
xvlog --incr --relax -L uvm -prj testbench_vlog.prj
Waiting for jobs to finish...
No pending jobs, compilation finished.
INFO: [USF-XSim-69] 'compile' step finished in '1' seconds
Command: launch_simulation -step elaborate -simset sim_1 -mode behavioral
INFO: [Vivado 12-12493] Simulation top is 'testbench'
INFO: [Vivado 12-5682] Launching behavioral simulation in '/home/david/Documents/work/dtcore32/vivado/riscv/riscv.sim/sim_1/behav/xsim'
INFO: [SIM-utils-51] Simulation object is 'sim_1'
INFO: [USF-XSim-3] XSim::Elaborate design
INFO: [USF-XSim-61] Executing 'ELABORATE' step in '/home/david/Documents/work/dtcore32/vivado/riscv/riscv.sim/sim_1/behav/xsim'
xelab --incr --debug typical --relax --mt 8 -L xil_defaultlib -L uvm -L unisims_ver -L unimacro_ver -L secureip --snapshot testbench_behav xil_defaultlib.testbench xil_defaultlib.glbl -log elaborate.log
Vivado Simulator v2024.2.0
Copyright 1986-2022 Xilinx, Inc. All Rights Reserved.
Copyright 2022-2024 Advanced Micro Devices, Inc. All Rights Reserved.
Running: /opt/Xilinx/Vivado/2024.2/bin/unwrapped/lnx64.o/xelab --incr --debug typical --relax --mt 8 -L xil_defaultlib -L uvm -L unisims_ver -L unimacro_ver -L secureip --snapshot testbench_behav xil_defaultlib.testbench xil_defaultlib.glbl -log elaborate.log 
Using 8 slave threads.
Starting static elaboration
Pass Through NonSizing Optimizer
Completed static elaboration
INFO: [XSIM 43-4323] No Change in HDL. Linking previously generated obj files to create kernel
INFO: [USF-XSim-69] 'elaborate' step finished in '1' seconds
Time resolution is 1 ps
WARNING: 0ns : none of the conditions were true for unique case from File:/home/david/Documents/work/dtcore32/src/dtcore32.sv:376
Running all tests.
***********************************
Running Test ID: 0
EXCEPTION ASSERTED, TEST FAILED
FAILED TEST ID: 0
$finish called at time : 250 ns : File "/home/david/Documents/work/dtcore32/sim/testbench.sv" Line 285
WARNING: [filemgmt 56-199] Attempt to get parsing info during refresh. "On-the-fly" syntax checking information may be incorrect. [/home/david/Documents/work/dtcore32/src/macros.svh:]
WARNING: [filemgmt 56-199] Attempt to get parsing info during refresh. "On-the-fly" syntax checking information may be incorrect. [/home/david/Documents/work/dtcore32/sim/testbench.sv:]
WARNING: [filemgmt 56-199] Attempt to get parsing info during refresh. "On-the-fly" syntax checking information may be incorrect. [/home/david/Documents/work/dtcore32/src/dtcore32_controller.sv:]
WARNING: [filemgmt 56-199] Attempt to get parsing info during refresh. "On-the-fly" syntax checking information may be incorrect. [/home/david/Documents/work/dtcore32/src/dtcore32_controller.sv:]
WARNING: [filemgmt 56-199] Attempt to get parsing info during refresh. "On-the-fly" syntax checking information may be incorrect. [/home/david/Documents/work/dtcore32/src/dtcore32_controller.sv:]
WARNING: [filemgmt 56-199] Attempt to get parsing info during refresh. "On-the-fly" syntax checking information may be incorrect. [/home/david/Documents/work/dtcore32/src/macros.svh:]
WARNING: [filemgmt 56-199] Attempt to get parsing info during refresh. "On-the-fly" syntax checking information may be incorrect. [/home/david/Documents/work/dtcore32/sim/testbench.sv:]
WARNING: [filemgmt 56-199] Attempt to get parsing info during refresh. "On-the-fly" syntax checking information may be incorrect. [/home/david/Documents/work/dtcore32/src/dtcore32_controller.sv:]
WARNING: [filemgmt 56-199] Attempt to get parsing info during refresh. "On-the-fly" syntax checking information may be incorrect. [/home/david/Documents/work/dtcore32/sim/testbench.sv:]
WARNING: [filemgmt 56-199] Attempt to get parsing info during refresh. "On-the-fly" syntax checking information may be incorrect. [/home/david/Documents/work/dtcore32/sim/testbench.sv:]
ERROR: [Vivado 12-106] *** Exception: java.lang.IllegalArgumentException: Width (0) and height (0) cannot be <= 0 (See /home/david/Documents/work/dtcore32/vivado/vivado_pid14412.debug)
ERROR: [Vivado 12-106] *** Exception: java.lang.IllegalArgumentException: Width (0) and height (0) cannot be <= 0 (See /home/david/Documents/work/dtcore32/vivado/vivado_pid14412.debug)
ERROR: [Vivado 12-106] *** Exception: java.lang.IllegalArgumentException: Width (0) and height (0) cannot be <= 0 (See /home/david/Documents/work/dtcore32/vivado/vivado_pid14412.debug)
ERROR: [Vivado 12-106] *** Exception: java.lang.IllegalArgumentException: Width (0) and height (0) cannot be <= 0 (See /home/david/Documents/work/dtcore32/vivado/vivado_pid14412.debug)
ERROR: [Vivado 12-106] *** Exception: java.lang.IllegalArgumentException: Width (0) and height (0) cannot be <= 0 (See /home/david/Documents/work/dtcore32/vivado/vivado_pid14412.debug)
ERROR: [Vivado 12-106] *** Exception: java.lang.IllegalArgumentException: Width (0) and height (0) cannot be <= 0 (See /home/david/Documents/work/dtcore32/vivado/vivado_pid14412.debug)
ERROR: [Vivado 12-106] *** Exception: java.lang.IllegalArgumentException: Width (0) and height (0) cannot be <= 0 (See /home/david/Documents/work/dtcore32/vivado/vivado_pid14412.debug)
ERROR: [Vivado 12-106] *** Exception: java.lang.IllegalArgumentException: Width (0) and height (0) cannot be <= 0 (See /home/david/Documents/work/dtcore32/vivado/vivado_pid14412.debug)
ERROR: [Vivado 12-106] *** Exception: java.lang.IllegalArgumentException: Width (0) and height (0) cannot be <= 0 (See /home/david/Documents/work/dtcore32/vivado/vivado_pid14412.debug)
ERROR: [Vivado 12-106] *** Exception: java.lang.IllegalArgumentException: Width (0) and height (0) cannot be <= 0 (See /home/david/Documents/work/dtcore32/vivado/vivado_pid14412.debug)
ERROR: [Vivado 12-106] *** Exception: java.lang.IllegalArgumentException: Width (0) and height (0) cannot be <= 0 (See /home/david/Documents/work/dtcore32/vivado/vivado_pid14412.debug)
ERROR: [Vivado 12-106] *** Exception: java.lang.IllegalArgumentException: Width (0) and height (0) cannot be <= 0 (See /home/david/Documents/work/dtcore32/vivado/vivado_pid14412.debug)
ERROR: [Vivado 12-106] *** Exception: java.lang.IllegalArgumentException: Width (0) and height (0) cannot be <= 0 (See /home/david/Documents/work/dtcore32/vivado/vivado_pid14412.debug)
ERROR: [Vivado 12-106] *** Exception: java.lang.IllegalArgumentException: Width (0) and height (0) cannot be <= 0 (See /home/david/Documents/work/dtcore32/vivado/vivado_pid14412.debug)
ERROR: [Vivado 12-106] *** Exception: java.lang.IllegalArgumentException: Width (0) and height (0) cannot be <= 0 (See /home/david/Documents/work/dtcore32/vivado/vivado_pid14412.debug)
ERROR: [Vivado 12-106] *** Exception: java.lang.IllegalArgumentException: Width (0) and height (0) cannot be <= 0 (See /home/david/Documents/work/dtcore32/vivado/vivado_pid14412.debug)
ERROR: [Vivado 12-106] *** Exception: java.lang.IllegalArgumentException: Width (0) and height (0) cannot be <= 0 (See /home/david/Documents/work/dtcore32/vivado/vivado_pid14412.debug)
ERROR: [Vivado 12-106] *** Exception: java.lang.IllegalArgumentException: Width (0) and height (0) cannot be <= 0 (See /home/david/Documents/work/dtcore32/vivado/vivado_pid14412.debug)
ERROR: [Vivado 12-106] *** Exception: java.lang.IllegalArgumentException: Width (0) and height (0) cannot be <= 0 (See /home/david/Documents/work/dtcore32/vivado/vivado_pid14412.debug)
ERROR: [Vivado 12-106] *** Exception: java.lang.IllegalArgumentException: Width (0) and height (0) cannot be <= 0 (See /home/david/Documents/work/dtcore32/vivado/vivado_pid14412.debug)
ERROR: [Vivado 12-106] *** Exception: java.lang.IllegalArgumentException: Width (0) and height (0) cannot be <= 0 (See /home/david/Documents/work/dtcore32/vivado/vivado_pid14412.debug)
ERROR: [Vivado 12-106] *** Exception: java.lang.IllegalArgumentException: Width (0) and height (0) cannot be <= 0 (See /home/david/Documents/work/dtcore32/vivado/vivado_pid14412.debug)
ERROR: [Vivado 12-106] *** Exception: java.lang.IllegalArgumentException: Width (0) and height (0) cannot be <= 0 (See /home/david/Documents/work/dtcore32/vivado/vivado_pid14412.debug)
ERROR: [Vivado 12-106] *** Exception: java.lang.IllegalArgumentException: Width (0) and height (0) cannot be <= 0 (See /home/david/Documents/work/dtcore32/vivado/vivado_pid14412.debug)
ERROR: [Vivado 12-106] *** Exception: java.lang.IllegalArgumentException: Width (0) and height (0) cannot be <= 0 (See /home/david/Documents/work/dtcore32/vivado/vivado_pid14412.debug)
ERROR: [Vivado 12-106] *** Exception: java.lang.IllegalArgumentException: Width (0) and height (0) cannot be <= 0 (See /home/david/Documents/work/dtcore32/vivado/vivado_pid14412.debug)
ERROR: [Vivado 12-106] *** Exception: java.lang.IllegalArgumentException: Width (0) and height (0) cannot be <= 0 (See /home/david/Documents/work/dtcore32/vivado/vivado_pid14412.debug)
ERROR: [Vivado 12-106] *** Exception: java.lang.IllegalArgumentException: Width (0) and height (0) cannot be <= 0 (See /home/david/Documents/work/dtcore32/vivado/vivado_pid14412.debug)
ERROR: [Vivado 12-106] *** Exception: java.lang.IllegalArgumentException: Width (0) and height (0) cannot be <= 0 (See /home/david/Documents/work/dtcore32/vivado/vivado_pid14412.debug)
ERROR: [Vivado 12-106] *** Exception: java.lang.IllegalArgumentException: Width (0) and height (0) cannot be <= 0 (See /home/david/Documents/work/dtcore32/vivado/vivado_pid14412.debug)
ERROR: [Vivado 12-106] *** Exception: java.lang.IllegalArgumentException: Width (0) and height (0) cannot be <= 0 (See /home/david/Documents/work/dtcore32/vivado/vivado_pid14412.debug)
ERROR: [Vivado 12-106] *** Exception: java.lang.IllegalArgumentException: Width (0) and height (0) cannot be <= 0 (See /home/david/Documents/work/dtcore32/vivado/vivado_pid14412.debug)
ERROR: [Vivado 12-106] *** Exception: java.lang.IllegalArgumentException: Width (0) and height (0) cannot be <= 0 (See /home/david/Documents/work/dtcore32/vivado/vivado_pid14412.debug)
ERROR: [Vivado 12-106] *** Exception: java.lang.IllegalArgumentException: Width (0) and height (0) cannot be <= 0 (See /home/david/Documents/work/dtcore32/vivado/vivado_pid14412.debug)
ERROR: [Vivado 12-106] *** Exception: java.lang.IllegalArgumentException: Width (0) and height (0) cannot be <= 0 (See /home/david/Documents/work/dtcore32/vivado/vivado_pid14412.debug)
ERROR: [Vivado 12-106] *** Exception: java.lang.IllegalArgumentException: Width (0) and height (0) cannot be <= 0 (See /home/david/Documents/work/dtcore32/vivado/vivado_pid14412.debug)
ERROR: [Vivado 12-106] *** Exception: java.lang.IllegalArgumentException: Width (0) and height (0) cannot be <= 0 (See /home/david/Documents/work/dtcore32/vivado/vivado_pid14412.debug)
ERROR: [Vivado 12-106] *** Exception: java.lang.IllegalArgumentException: Width (0) and height (0) cannot be <= 0 (See /home/david/Documents/work/dtcore32/vivado/vivado_pid14412.debug)
ERROR: [Vivado 12-106] *** Exception: java.lang.IllegalArgumentException: Width (0) and height (0) cannot be <= 0 (See /home/david/Documents/work/dtcore32/vivado/vivado_pid14412.debug)
ERROR: [Vivado 12-106] *** Exception: java.lang.IllegalArgumentException: Width (0) and height (0) cannot be <= 0 (See /home/david/Documents/work/dtcore32/vivado/vivado_pid14412.debug)
ERROR: [Vivado 12-106] *** Exception: java.lang.IllegalArgumentException: Width (0) and height (0) cannot be <= 0 (See /home/david/Documents/work/dtcore32/vivado/vivado_pid14412.debug)
ERROR: [Vivado 12-106] *** Exception: java.lang.IllegalArgumentException: Width (0) and height (0) cannot be <= 0 (See /home/david/Documents/work/dtcore32/vivado/vivado_pid14412.debug)
ERROR: [Vivado 12-106] *** Exception: java.lang.IllegalArgumentException: Width (0) and height (0) cannot be <= 0 (See /home/david/Documents/work/dtcore32/vivado/vivado_pid14412.debug)
close_sim
INFO: [Simtcl 6-16] Simulation closed
exit
INFO: [Common 17-206] Exiting Vivado at Mon Jan 13 15:28:48 2025...
