
*** Running vivado
    with args -log dtcore32_top.vdi -applog -m64 -product Vivado -messageDb vivado.pb -mode batch -source dtcore32_top.tcl -notrace


****** Vivado v2024.2 (64-bit)
  **** SW Build 5239630 on Fri Nov 08 22:34:34 MST 2024
  **** IP Build 5239520 on Sun Nov 10 16:12:51 MST 2024
  **** SharedData Build 5239561 on Fri Nov 08 14:39:27 MST 2024
  **** Start of session at: Wed Jan  8 13:24:07 2025
    ** Copyright 1986-2022 Xilinx, Inc. All Rights Reserved.
    ** Copyright 2022-2024 Advanced Micro Devices, Inc. All Rights Reserved.

source dtcore32_top.tcl -notrace
Command: link_design -top dtcore32_top -part xc7a35ticsg324-1L
Design is defaulting to srcset: sources_1
Design is defaulting to constrset: constrs_1
INFO: [Device 21-403] Loading part xc7a35ticsg324-1L
Netlist sorting complete. Time (s): cpu = 00:00:00.01 ; elapsed = 00:00:00.01 . Memory (MB): peak = 1681.582 ; gain = 0.000 ; free physical = 8970 ; free virtual = 20391
INFO: [Netlist 29-17] Analyzing 367 Unisim elements for replacement
INFO: [Netlist 29-28] Unisim Transformation completed in 0 CPU seconds
INFO: [Project 1-479] Netlist was created with Vivado 2024.2
INFO: [Project 1-570] Preparing netlist for logic optimization
Parsing XDC File [/home/david/Documents/work/dtcore32/vivado/dtcore32.srcs/constrs_1/new/constraints.xdc]
Finished Parsing XDC File [/home/david/Documents/work/dtcore32/vivado/dtcore32.srcs/constrs_1/new/constraints.xdc]
INFO: [Opt 31-138] Pushed 0 inverter(s) to 0 load pin(s).
Netlist sorting complete. Time (s): cpu = 00:00:00 ; elapsed = 00:00:00 . Memory (MB): peak = 1895.203 ; gain = 0.000 ; free physical = 8876 ; free virtual = 20297
INFO: [Project 1-111] Unisim Transformation Summary:
No Unisim elements were transformed.

7 Infos, 0 Warnings, 0 Critical Warnings and 0 Errors encountered.
link_design completed successfully
Command: opt_design
Attempting to get a license for feature 'Implementation' and/or device 'xc7a35ti'
INFO: [Common 17-349] Got license for feature 'Implementation' and/or device 'xc7a35ti'
Running DRC as a precondition to command opt_design

Starting DRC Task
INFO: [DRC 23-27] Running DRC with 8 threads
INFO: [Project 1-461] DRC finished with 0 Errors
INFO: [Project 1-462] Please refer to the DRC report (report_drc) for more information.

Time (s): cpu = 00:00:00.77 ; elapsed = 00:00:00.29 . Memory (MB): peak = 2027.734 ; gain = 128.562 ; free physical = 8813 ; free virtual = 20235

Starting Cache Timing Information Task
INFO: [Timing 38-35] Done setting XDC timing constraints.
Ending Cache Timing Information Task | Checksum: 1cb3de7f8

Time (s): cpu = 00:00:03 ; elapsed = 00:00:03 . Memory (MB): peak = 2424.656 ; gain = 396.922 ; free physical = 8400 ; free virtual = 19837

Starting Logic Optimization Task

Phase 1 Initialization

Phase 1.1 Core Generation And Design Setup
Phase 1.1 Core Generation And Design Setup | Checksum: 1cb3de7f8

Time (s): cpu = 00:00:00.01 ; elapsed = 00:00:00 . Memory (MB): peak = 2768.492 ; gain = 0.000 ; free physical = 8074 ; free virtual = 19511

Phase 1.2 Setup Constraints And Sort Netlist
Phase 1.2 Setup Constraints And Sort Netlist | Checksum: 1cb3de7f8

Time (s): cpu = 00:00:00.01 ; elapsed = 00:00:00 . Memory (MB): peak = 2768.492 ; gain = 0.000 ; free physical = 8074 ; free virtual = 19511
Phase 1 Initialization | Checksum: 1cb3de7f8

Time (s): cpu = 00:00:00.01 ; elapsed = 00:00:00 . Memory (MB): peak = 2768.492 ; gain = 0.000 ; free physical = 8074 ; free virtual = 19511

Phase 2 Timer Update And Timing Data Collection

Phase 2.1 Timer Update
Phase 2.1 Timer Update | Checksum: 1cb3de7f8

Time (s): cpu = 00:00:00.08 ; elapsed = 00:00:00.02 . Memory (MB): peak = 2768.492 ; gain = 0.000 ; free physical = 8074 ; free virtual = 19511

Phase 2.2 Timing Data Collection
Phase 2.2 Timing Data Collection | Checksum: 1cb3de7f8

Time (s): cpu = 00:00:00.08 ; elapsed = 00:00:00.02 . Memory (MB): peak = 2768.492 ; gain = 0.000 ; free physical = 8074 ; free virtual = 19511
Phase 2 Timer Update And Timing Data Collection | Checksum: 1cb3de7f8

Time (s): cpu = 00:00:00.08 ; elapsed = 00:00:00.02 . Memory (MB): peak = 2768.492 ; gain = 0.000 ; free physical = 8074 ; free virtual = 19511

Phase 3 Retarget
INFO: [Opt 31-1851] Number of loadless carry chains removed were: 0
INFO: [Opt 31-1834] Total Chains To Be Transformed Were: 0 AND Number of Transformed insts Created are: 0
INFO: [Opt 31-1566] Pulled 4 inverters resulting in an inversion of 9 pins
INFO: [Opt 31-138] Pushed 0 inverter(s) to 0 load pin(s).
INFO: [Opt 31-49] Retargeted 0 cell(s).
Phase 3 Retarget | Checksum: 2a17c21e0

Time (s): cpu = 00:00:00.2 ; elapsed = 00:00:00.05 . Memory (MB): peak = 2768.492 ; gain = 0.000 ; free physical = 8074 ; free virtual = 19511
Retarget | Checksum: 2a17c21e0
INFO: [Opt 31-389] Phase Retarget created 0 cells and removed 4 cells

Phase 4 Constant propagation
INFO: [Opt 31-138] Pushed 0 inverter(s) to 0 load pin(s).
Phase 4 Constant propagation | Checksum: 2d891b83b

Time (s): cpu = 00:00:00.21 ; elapsed = 00:00:00.06 . Memory (MB): peak = 2768.492 ; gain = 0.000 ; free physical = 8074 ; free virtual = 19511
Constant propagation | Checksum: 2d891b83b
INFO: [Opt 31-389] Phase Constant propagation created 0 cells and removed 0 cells

Phase 5 Sweep
INFO: [Constraints 18-11670] Building netlist checker database with flags, 0x8
Done building netlist checker database: Time (s): cpu = 00:00:00 ; elapsed = 00:00:00 . Memory (MB): peak = 2768.492 ; gain = 0.000 ; free physical = 8074 ; free virtual = 19511
Phase 5 Sweep | Checksum: 1e5669945

Time (s): cpu = 00:00:00.23 ; elapsed = 00:00:00.08 . Memory (MB): peak = 2768.492 ; gain = 0.000 ; free physical = 8074 ; free virtual = 19511
Sweep | Checksum: 1e5669945
INFO: [Opt 31-389] Phase Sweep created 32 cells and removed 0 cells

Phase 6 BUFG optimization
Phase 6 BUFG optimization | Checksum: 1e5669945

Time (s): cpu = 00:00:00.25 ; elapsed = 00:00:00.09 . Memory (MB): peak = 2800.508 ; gain = 32.016 ; free physical = 8074 ; free virtual = 19511
BUFG optimization | Checksum: 1e5669945
INFO: [Opt 31-662] Phase BUFG optimization created 0 cells of which 0 are BUFGs and removed 0 cells.

Phase 7 Shift Register Optimization
INFO: [Opt 31-1064] SRL Remap converted 0 SRLs to 0 registers and converted 0 registers of register chains to 0 SRLs
Phase 7 Shift Register Optimization | Checksum: 1e5669945

Time (s): cpu = 00:00:00.25 ; elapsed = 00:00:00.1 . Memory (MB): peak = 2800.508 ; gain = 32.016 ; free physical = 8074 ; free virtual = 19511
Shift Register Optimization | Checksum: 1e5669945
INFO: [Opt 31-389] Phase Shift Register Optimization created 0 cells and removed 0 cells

Phase 8 Post Processing Netlist
Phase 8 Post Processing Netlist | Checksum: 1e5669945

Time (s): cpu = 00:00:00.25 ; elapsed = 00:00:00.1 . Memory (MB): peak = 2800.508 ; gain = 32.016 ; free physical = 8074 ; free virtual = 19511
Post Processing Netlist | Checksum: 1e5669945
INFO: [Opt 31-389] Phase Post Processing Netlist created 0 cells and removed 0 cells

Phase 9 Finalization

Phase 9.1 Finalizing Design Cores and Updating Shapes
Phase 9.1 Finalizing Design Cores and Updating Shapes | Checksum: 295493db8

Time (s): cpu = 00:00:00.34 ; elapsed = 00:00:00.12 . Memory (MB): peak = 2800.508 ; gain = 32.016 ; free physical = 8074 ; free virtual = 19511

Phase 9.2 Verifying Netlist Connectivity

Starting Connectivity Check Task

Time (s): cpu = 00:00:00.02 ; elapsed = 00:00:00 . Memory (MB): peak = 2800.508 ; gain = 0.000 ; free physical = 8074 ; free virtual = 19511
Phase 9.2 Verifying Netlist Connectivity | Checksum: 295493db8

Time (s): cpu = 00:00:00.36 ; elapsed = 00:00:00.12 . Memory (MB): peak = 2800.508 ; gain = 32.016 ; free physical = 8074 ; free virtual = 19511
Phase 9 Finalization | Checksum: 295493db8

Time (s): cpu = 00:00:00.37 ; elapsed = 00:00:00.12 . Memory (MB): peak = 2800.508 ; gain = 32.016 ; free physical = 8074 ; free virtual = 19511
Opt_design Change Summary
=========================


-------------------------------------------------------------------------------------------------------------------------
|  Phase                        |  #Cells created  |  #Cells Removed  |  #Constrained objects preventing optimizations  |
-------------------------------------------------------------------------------------------------------------------------
|  Retarget                     |               0  |               4  |                                              0  |
|  Constant propagation         |               0  |               0  |                                              0  |
|  Sweep                        |              32  |               0  |                                              0  |
|  BUFG optimization            |               0  |               0  |                                              0  |
|  Shift Register Optimization  |               0  |               0  |                                              0  |
|  Post Processing Netlist      |               0  |               0  |                                              0  |
-------------------------------------------------------------------------------------------------------------------------


Ending Logic Optimization Task | Checksum: 295493db8

Time (s): cpu = 00:00:00.37 ; elapsed = 00:00:00.12 . Memory (MB): peak = 2800.508 ; gain = 32.016 ; free physical = 8074 ; free virtual = 19511

Starting Power Optimization Task
INFO: [Pwropt 34-132] Skipping clock gating for clocks with a period < 2.00 ns.
Ending Power Optimization Task | Checksum: 295493db8

Time (s): cpu = 00:00:00 ; elapsed = 00:00:00.01 . Memory (MB): peak = 2800.508 ; gain = 0.000 ; free physical = 8074 ; free virtual = 19511

Starting Final Cleanup Task
Ending Final Cleanup Task | Checksum: 295493db8

Time (s): cpu = 00:00:00 ; elapsed = 00:00:00 . Memory (MB): peak = 2800.508 ; gain = 0.000 ; free physical = 8074 ; free virtual = 19511

Starting Netlist Obfuscation Task
Netlist sorting complete. Time (s): cpu = 00:00:00 ; elapsed = 00:00:00 . Memory (MB): peak = 2800.508 ; gain = 0.000 ; free physical = 8074 ; free virtual = 19511
Ending Netlist Obfuscation Task | Checksum: 295493db8

Time (s): cpu = 00:00:00 ; elapsed = 00:00:00 . Memory (MB): peak = 2800.508 ; gain = 0.000 ; free physical = 8074 ; free virtual = 19511
INFO: [Common 17-83] Releasing license: Implementation
28 Infos, 0 Warnings, 0 Critical Warnings and 0 Errors encountered.
opt_design completed successfully
opt_design: Time (s): cpu = 00:00:06 ; elapsed = 00:00:05 . Memory (MB): peak = 2800.508 ; gain = 901.336 ; free physical = 8074 ; free virtual = 19511
INFO: [Vivado 12-24828] Executing command : report_drc -file dtcore32_top_drc_opted.rpt -pb dtcore32_top_drc_opted.pb -rpx dtcore32_top_drc_opted.rpx
Command: report_drc -file dtcore32_top_drc_opted.rpt -pb dtcore32_top_drc_opted.pb -rpx dtcore32_top_drc_opted.rpx
INFO: [IP_Flow 19-234] Refreshing IP repositories
INFO: [IP_Flow 19-1704] No user IP repositories specified
INFO: [IP_Flow 19-2313] Loaded Vivado IP repository '/opt/Xilinx/Vivado/2024.2/data/ip'.
INFO: [DRC 23-27] Running DRC with 8 threads
INFO: [Vivado_Tcl 2-168] The results of DRC are in file /home/david/Documents/work/dtcore32/vivado/dtcore32.runs/impl_1/dtcore32_top_drc_opted.rpt.
report_drc completed successfully
INFO: [Timing 38-480] Writing timing data to binary archive.
Wrote PlaceDB: Time (s): cpu = 00:00:00 ; elapsed = 00:00:00 . Memory (MB): peak = 2809.414 ; gain = 0.000 ; free physical = 8026 ; free virtual = 19463
Wrote PulsedLatchDB: Time (s): cpu = 00:00:00 ; elapsed = 00:00:00 . Memory (MB): peak = 2809.414 ; gain = 0.000 ; free physical = 8026 ; free virtual = 19463
Writing XDEF routing.
Write ShapeDB Complete: Time (s): cpu = 00:00:00.01 ; elapsed = 00:00:00 . Memory (MB): peak = 2809.414 ; gain = 0.000 ; free physical = 8026 ; free virtual = 19463
Writing XDEF routing logical nets.
Writing XDEF routing special nets.
Wrote RouteStorage: Time (s): cpu = 00:00:00.03 ; elapsed = 00:00:00.01 . Memory (MB): peak = 2809.414 ; gain = 0.000 ; free physical = 8026 ; free virtual = 19463
Wrote Netlist Cache: Time (s): cpu = 00:00:00.01 ; elapsed = 00:00:00 . Memory (MB): peak = 2809.414 ; gain = 0.000 ; free physical = 8026 ; free virtual = 19463
Wrote Device Cache: Time (s): cpu = 00:00:00 ; elapsed = 00:00:00 . Memory (MB): peak = 2809.414 ; gain = 0.000 ; free physical = 8026 ; free virtual = 19464
Write Physdb Complete: Time (s): cpu = 00:00:00.04 ; elapsed = 00:00:00.01 . Memory (MB): peak = 2809.414 ; gain = 0.000 ; free physical = 8026 ; free virtual = 19464
INFO: [Common 17-1381] The checkpoint '/home/david/Documents/work/dtcore32/vivado/dtcore32.runs/impl_1/dtcore32_top_opt.dcp' has been generated.
Command: place_design
Attempting to get a license for feature 'Implementation' and/or device 'xc7a35ti'
INFO: [Common 17-349] Got license for feature 'Implementation' and/or device 'xc7a35ti'
INFO: [Common 17-83] Releasing license: Implementation
INFO: [DRC 23-27] Running DRC with 8 threads
INFO: [Vivado_Tcl 4-198] DRC finished with 0 Errors
INFO: [Vivado_Tcl 4-199] Please refer to the DRC report (report_drc) for more information.
Running DRC as a precondition to command place_design
INFO: [DRC 23-27] Running DRC with 8 threads
INFO: [Vivado_Tcl 4-198] DRC finished with 0 Errors
INFO: [Vivado_Tcl 4-199] Please refer to the DRC report (report_drc) for more information.
INFO: [Place 30-611] Multithreading enabled for place_design using a maximum of 8 CPUs

Starting Placer Task

Phase 1 Placer Initialization

Phase 1.1 Placer Initialization Netlist Sorting
Netlist sorting complete. Time (s): cpu = 00:00:00 ; elapsed = 00:00:00 . Memory (MB): peak = 2832.195 ; gain = 0.000 ; free physical = 7984 ; free virtual = 19421
Phase 1.1 Placer Initialization Netlist Sorting | Checksum: 1a20fcf23

Time (s): cpu = 00:00:00 ; elapsed = 00:00:00 . Memory (MB): peak = 2832.195 ; gain = 0.000 ; free physical = 7984 ; free virtual = 19421
Netlist sorting complete. Time (s): cpu = 00:00:00 ; elapsed = 00:00:00 . Memory (MB): peak = 2832.195 ; gain = 0.000 ; free physical = 7984 ; free virtual = 19421

Phase 1.2 IO Placement/ Clock Placement/ Build Placer Device
INFO: [Timing 38-35] Done setting XDC timing constraints.
ERROR: [Place 30-58] IO placement is infeasible. Number of unplaced IO Ports (164) is greater than number of available pins (160).
The following are banks with available pins: 
Resolution: Consider using Xilinx part with greater number of IO pins
ERROR: [Place 30-374] IO placer failed to find a solution
Below is the partial placement that can be analyzed to see if any constraint modifications will make the IO placement problem easier to solve.

+-------------------------------------------------------------------------------------------------------------------------------------------------------------------------+
|                                                                     IO Placement : Bank Stats                                                                           |
+----+-------+-------+------------------------------------------------------------------------+------------------------------------------+--------+--------+--------+-----+
| Id | Pins  | Terms |                               Standards                                |                IDelayCtrls               |  VREF  |  VCCO  |   VR   | DCI |
+----+-------+-------+------------------------------------------------------------------------+------------------------------------------+--------+--------+--------+-----+
|  0 |     0 |     0 |                                                                        |                                          |        |        |        |     |
| 14 |    50 |     0 |                                                                        |                                          |        |        |        |     |
| 15 |    50 |     0 |                                                                        |                                          |        |        |        |     |
| 16 |    10 |     0 |                                                                        |                                          |        |        |        |     |
| 34 |    50 |     0 |                                                                        |                                          |        |        |        |     |
| 35 |    50 |     1 | LVCMOS33(1)                                                            |                                          |        |  +3.30 |    YES |     |
+----+-------+-------+------------------------------------------------------------------------+------------------------------------------+--------+--------+--------+-----+
|    |   210 |     1 |                                                                        |                                          |        |        |        |     |
+----+-------+-------+------------------------------------------------------------------------+------------------------------------------+--------+--------+--------+-----+

IO Placement:
+--------+----------------------+-----------------+----------------------+----------------------+----------------------+
| BankId |             Terminal | Standard        | Site                 | Pin                  | Attributes           |
+--------+----------------------+-----------------+----------------------+----------------------+----------------------+
| 35     | clk                  | LVCMOS33        | IOB_X1Y76            | E3                   |                      |
+--------+----------------------+-----------------+----------------------+----------------------+----------------------+

Phase 1.2 IO Placement/ Clock Placement/ Build Placer Device | Checksum: 1a191eab3

Time (s): cpu = 00:00:00.67 ; elapsed = 00:00:00.24 . Memory (MB): peak = 2832.195 ; gain = 0.000 ; free physical = 7971 ; free virtual = 19413
Phase 1 Placer Initialization | Checksum: 1a191eab3

Time (s): cpu = 00:00:00.68 ; elapsed = 00:00:00.24 . Memory (MB): peak = 2832.195 ; gain = 0.000 ; free physical = 7971 ; free virtual = 19413
ERROR: [Place 30-99] Placer failed with error: 'IO Clock Placer failed'
Please review all ERROR, CRITICAL WARNING, and WARNING messages during placement to understand the cause for failure.
Ending Placer Task | Checksum: 1a191eab3

Time (s): cpu = 00:00:00.69 ; elapsed = 00:00:00.24 . Memory (MB): peak = 2832.195 ; gain = 0.000 ; free physical = 7971 ; free virtual = 19413
46 Infos, 0 Warnings, 0 Critical Warnings and 4 Errors encountered.
place_design failed
ERROR: [Common 17-69] Command failed: Placer could not place all instances
INFO: [Common 17-206] Exiting Vivado at Wed Jan  8 13:24:17 2025...
